{"/Users/dorbirendof/Desktop/workspace/finalProject/src/account/account.db.ts":{"path":"/Users/dorbirendof/Desktop/workspace/finalProject/src/account/account.db.ts","statementMap":{"0":{"start":{"line":14,"column":4},"end":{"line":24,"column":5}},"1":{"start":{"line":15,"column":8},"end":{"line":15,"column":70}},"2":{"start":{"line":16,"column":25},"end":{"line":16,"column":81}},"3":{"start":{"line":16,"column":57},"end":{"line":16,"column":78}},"4":{"start":{"line":17,"column":28},"end":{"line":17,"column":72}},"5":{"start":{"line":17,"column":52},"end":{"line":17,"column":69}},"6":{"start":{"line":18,"column":20},"end":{"line":18,"column":82}},"7":{"start":{"line":19,"column":9},"end":{"line":19,"column":52}},"8":{"start":{"line":20,"column":8},"end":{"line":20,"column":18}},"9":{"start":{"line":22,"column":9},"end":{"line":22,"column":62}},"10":{"start":{"line":23,"column":8},"end":{"line":23,"column":20}},"11":{"start":{"line":28,"column":4},"end":{"line":38,"column":5}},"12":{"start":{"line":29,"column":9},"end":{"line":29,"column":68}},"13":{"start":{"line":30,"column":25},"end":{"line":30,"column":87}},"14":{"start":{"line":30,"column":54},"end":{"line":30,"column":84}},"15":{"start":{"line":31,"column":29},"end":{"line":31,"column":88}},"16":{"start":{"line":31,"column":58},"end":{"line":31,"column":85}},"17":{"start":{"line":32,"column":20},"end":{"line":32,"column":83}},"18":{"start":{"line":33,"column":9},"end":{"line":33,"column":54}},"19":{"start":{"line":34,"column":8},"end":{"line":34,"column":18}},"20":{"start":{"line":36,"column":9},"end":{"line":36,"column":63}},"21":{"start":{"line":37,"column":8},"end":{"line":37,"column":20}},"22":{"start":{"line":42,"column":4},"end":{"line":57,"column":5}},"23":{"start":{"line":43,"column":8},"end":{"line":43,"column":56}},"24":{"start":{"line":45,"column":25},"end":{"line":45,"column":92}},"25":{"start":{"line":45,"column":47},"end":{"line":45,"column":78}},"26":{"start":{"line":46,"column":23},"end":{"line":47,"column":58}},"27":{"start":{"line":48,"column":8},"end":{"line":50,"column":9}},"28":{"start":{"line":49,"column":12},"end":{"line":49,"column":45}},"29":{"start":{"line":51,"column":8},"end":{"line":51,"column":47}},"30":{"start":{"line":53,"column":8},"end":{"line":53,"column":35}},"31":{"start":{"line":55,"column":9},"end":{"line":55,"column":57}},"32":{"start":{"line":56,"column":8},"end":{"line":56,"column":20}},"33":{"start":{"line":61,"column":4},"end":{"line":71,"column":5}},"34":{"start":{"line":62,"column":9},"end":{"line":62,"column":59}},"35":{"start":{"line":63,"column":20},"end":{"line":63,"column":152}},"36":{"start":{"line":64,"column":19},"end":{"line":64,"column":45}},"37":{"start":{"line":65,"column":9},"end":{"line":65,"column":45}},"38":{"start":{"line":67,"column":8},"end":{"line":67,"column":17}},"39":{"start":{"line":69,"column":9},"end":{"line":69,"column":55}},"40":{"start":{"line":70,"column":8},"end":{"line":70,"column":20}},"41":{"start":{"line":75,"column":4},"end":{"line":93,"column":5}},"42":{"start":{"line":76,"column":9},"end":{"line":76,"column":53}},"43":{"start":{"line":78,"column":8},"end":{"line":89,"column":9}},"44":{"start":{"line":79,"column":12},"end":{"line":79,"column":35}},"45":{"start":{"line":80,"column":24},"end":{"line":80,"column":59}},"46":{"start":{"line":81,"column":23},"end":{"line":81,"column":49}},"47":{"start":{"line":82,"column":13},"end":{"line":82,"column":49}},"48":{"start":{"line":83,"column":12},"end":{"line":83,"column":21}},"49":{"start":{"line":85,"column":12},"end":{"line":85,"column":36}},"50":{"start":{"line":86,"column":13},"end":{"line":86,"column":51}},"51":{"start":{"line":87,"column":13},"end":{"line":87,"column":37}},"52":{"start":{"line":88,"column":12},"end":{"line":88,"column":24}},"53":{"start":{"line":91,"column":9},"end":{"line":91,"column":55}},"54":{"start":{"line":92,"column":8},"end":{"line":92,"column":20}},"55":{"start":{"line":97,"column":4},"end":{"line":111,"column":5}},"56":{"start":{"line":98,"column":8},"end":{"line":98,"column":65}},"57":{"start":{"line":100,"column":21},"end":{"line":100,"column":65}},"58":{"start":{"line":101,"column":8},"end":{"line":101,"column":26}},"59":{"start":{"line":102,"column":8},"end":{"line":104,"column":9}},"60":{"start":{"line":103,"column":12},"end":{"line":103,"column":45}},"61":{"start":{"line":105,"column":27},"end":{"line":105,"column":53}},"62":{"start":{"line":106,"column":8},"end":{"line":106,"column":62}},"63":{"start":{"line":107,"column":8},"end":{"line":107,"column":25}},"64":{"start":{"line":109,"column":8},"end":{"line":109,"column":64}},"65":{"start":{"line":110,"column":8},"end":{"line":110,"column":20}}},"fnMap":{"0":{"name":"updateAccountsStatus","decl":{"start":{"line":13,"column":22},"end":{"line":13,"column":42}},"loc":{"start":{"line":13,"column":100},"end":{"line":25,"column":1}},"line":13},"1":{"name":"(anonymous_1)","decl":{"start":{"line":16,"column":41},"end":{"line":16,"column":42}},"loc":{"start":{"line":16,"column":55},"end":{"line":16,"column":80}},"line":16},"2":{"name":"(anonymous_2)","decl":{"start":{"line":17,"column":44},"end":{"line":17,"column":45}},"loc":{"start":{"line":17,"column":50},"end":{"line":17,"column":71}},"line":17},"3":{"name":"updateAccountsBalance","decl":{"start":{"line":27,"column":22},"end":{"line":27,"column":43}},"loc":{"start":{"line":27,"column":97},"end":{"line":39,"column":1}},"line":27},"4":{"name":"(anonymous_4)","decl":{"start":{"line":30,"column":44},"end":{"line":30,"column":45}},"loc":{"start":{"line":30,"column":52},"end":{"line":30,"column":86}},"line":30},"5":{"name":"(anonymous_5)","decl":{"start":{"line":31,"column":48},"end":{"line":31,"column":49}},"loc":{"start":{"line":31,"column":56},"end":{"line":31,"column":87}},"line":31},"6":{"name":"getAccountsById","decl":{"start":{"line":41,"column":22},"end":{"line":41,"column":37}},"loc":{"start":{"line":41,"column":82},"end":{"line":58,"column":1}},"line":41},"7":{"name":"(anonymous_7)","decl":{"start":{"line":45,"column":41},"end":{"line":45,"column":42}},"loc":{"start":{"line":45,"column":47},"end":{"line":45,"column":78}},"line":45},"8":{"name":"createAccount","decl":{"start":{"line":60,"column":22},"end":{"line":60,"column":35}},"loc":{"start":{"line":60,"column":95},"end":{"line":72,"column":1}},"line":60},"9":{"name":"createAddress","decl":{"start":{"line":74,"column":22},"end":{"line":74,"column":35}},"loc":{"start":{"line":74,"column":85},"end":{"line":94,"column":1}},"line":74},"10":{"name":"getSecretKeyByAccessKey","decl":{"start":{"line":96,"column":22},"end":{"line":96,"column":45}},"loc":{"start":{"line":96,"column":83},"end":{"line":112,"column":1}},"line":96}},"branchMap":{"0":{"loc":{"start":{"line":48,"column":8},"end":{"line":50,"column":9}},"type":"if","locations":[{"start":{"line":48,"column":8},"end":{"line":50,"column":9}},{"start":{"line":48,"column":8},"end":{"line":50,"column":9}}],"line":48},"1":{"loc":{"start":{"line":48,"column":12},"end":{"line":48,"column":59}},"type":"binary-expr","locations":[{"start":{"line":48,"column":12},"end":{"line":48,"column":22}},{"start":{"line":48,"column":26},"end":{"line":48,"column":59}}],"line":48},"2":{"loc":{"start":{"line":78,"column":8},"end":{"line":89,"column":9}},"type":"if","locations":[{"start":{"line":78,"column":8},"end":{"line":89,"column":9}},{"start":{"line":78,"column":8},"end":{"line":89,"column":9}}],"line":78},"3":{"loc":{"start":{"line":102,"column":8},"end":{"line":104,"column":9}},"type":"if","locations":[{"start":{"line":102,"column":8},"end":{"line":104,"column":9}},{"start":{"line":102,"column":8},"end":{"line":104,"column":9}}],"line":102}},"s":{"0":0,"1":0,"2":0,"3":0,"4":0,"5":0,"6":0,"7":0,"8":0,"9":0,"10":0,"11":0,"12":0,"13":0,"14":0,"15":0,"16":0,"17":0,"18":0,"19":0,"20":0,"21":0,"22":0,"23":0,"24":0,"25":0,"26":0,"27":0,"28":0,"29":0,"30":0,"31":0,"32":0,"33":0,"34":0,"35":0,"36":0,"37":0,"38":0,"39":0,"40":0,"41":0,"42":0,"43":0,"44":0,"45":0,"46":0,"47":0,"48":0,"49":0,"50":0,"51":0,"52":0,"53":0,"54":0,"55":0,"56":0,"57":0,"58":0,"59":0,"60":0,"61":0,"62":0,"63":0,"64":0,"65":0},"f":{"0":0,"1":0,"2":0,"3":0,"4":0,"5":0,"6":0,"7":0,"8":0,"9":0,"10":0},"b":{"0":[0,0],"1":[0,0],"2":[0,0],"3":[0,0]},"all":true},"/Users/dorbirendof/Desktop/workspace/finalProject/src/account/account.router.ts":{"path":"/Users/dorbirendof/Desktop/workspace/finalProject/src/account/account.router.ts","statementMap":{"0":{"start":{"line":11,"column":16},"end":{"line":11,"column":32}},"1":{"start":{"line":16,"column":0},"end":{"line":23,"column":43}},"2":{"start":{"line":17,"column":16},"end":{"line":17,"column":92}},"3":{"start":{"line":18,"column":44},"end":{"line":22,"column":5}},"4":{"start":{"line":23,"column":6},"end":{"line":23,"column":39}},"5":{"start":{"line":26,"column":0},"end":{"line":34,"column":4}},"6":{"start":{"line":27,"column":12},"end":{"line":27,"column":55}},"7":{"start":{"line":28,"column":42},"end":{"line":32,"column":3}},"8":{"start":{"line":33,"column":4},"end":{"line":33,"column":37}},"9":{"start":{"line":37,"column":0},"end":{"line":45,"column":4}},"10":{"start":{"line":38,"column":14},"end":{"line":38,"column":59}},"11":{"start":{"line":39,"column":42},"end":{"line":43,"column":3}},"12":{"start":{"line":44,"column":4},"end":{"line":44,"column":37}},"13":{"start":{"line":48,"column":2},"end":{"line":56,"column":6}},"14":{"start":{"line":49,"column":16},"end":{"line":49,"column":59}},"15":{"start":{"line":50,"column":44},"end":{"line":54,"column":5}},"16":{"start":{"line":55,"column":6},"end":{"line":55,"column":39}},"17":{"start":{"line":59,"column":3},"end":{"line":67,"column":6}},"18":{"start":{"line":60,"column":16},"end":{"line":60,"column":59}},"19":{"start":{"line":61,"column":44},"end":{"line":65,"column":5}},"20":{"start":{"line":66,"column":6},"end":{"line":66,"column":39}}},"fnMap":{"0":{"name":"(anonymous_0)","decl":{"start":{"line":16,"column":41},"end":{"line":16,"column":42}},"loc":{"start":{"line":16,"column":78},"end":{"line":23,"column":40}},"line":16},"1":{"name":"(anonymous_1)","decl":{"start":{"line":26,"column":60},"end":{"line":26,"column":61}},"loc":{"start":{"line":26,"column":97},"end":{"line":34,"column":1}},"line":26},"2":{"name":"(anonymous_2)","decl":{"start":{"line":37,"column":62},"end":{"line":37,"column":63}},"loc":{"start":{"line":37,"column":99},"end":{"line":45,"column":1}},"line":37},"3":{"name":"(anonymous_3)","decl":{"start":{"line":48,"column":62},"end":{"line":48,"column":63}},"loc":{"start":{"line":48,"column":99},"end":{"line":56,"column":3}},"line":48},"4":{"name":"(anonymous_4)","decl":{"start":{"line":59,"column":63},"end":{"line":59,"column":64}},"loc":{"start":{"line":59,"column":100},"end":{"line":67,"column":3}},"line":59}},"branchMap":{},"s":{"0":0,"1":0,"2":0,"3":0,"4":0,"5":0,"6":0,"7":0,"8":0,"9":0,"10":0,"11":0,"12":0,"13":0,"14":0,"15":0,"16":0,"17":0,"18":0,"19":0,"20":0},"f":{"0":0,"1":0,"2":0,"3":0,"4":0},"b":{},"all":true},"/Users/dorbirendof/Desktop/workspace/finalProject/src/account/account.services.ts":{"path":"/Users/dorbirendof/Desktop/workspace/finalProject/src/account/account.services.ts","statementMap":{"0":{"start":{"line":16,"column":6},"end":{"line":28,"column":5}},"1":{"start":{"line":16,"column":45},"end":{"line":16,"column":52}},"2":{"start":{"line":19,"column":27},"end":{"line":20,"column":24}},"3":{"start":{"line":21,"column":25},"end":{"line":22,"column":24}},"4":{"start":{"line":23,"column":6},"end":{"line":23,"column":70}},"5":{"start":{"line":24,"column":16},"end":{"line":24,"column":183}},"6":{"start":{"line":25,"column":6},"end":{"line":25,"column":17}},"7":{"start":{"line":26,"column":9},"end":{"line":26,"column":53}},"8":{"start":{"line":27,"column":8},"end":{"line":27,"column":20}},"9":{"start":{"line":32,"column":6},"end":{"line":46,"column":5}},"10":{"start":{"line":32,"column":44},"end":{"line":32,"column":51}},"11":{"start":{"line":35,"column":27},"end":{"line":36,"column":24}},"12":{"start":{"line":37,"column":25},"end":{"line":38,"column":24}},"13":{"start":{"line":39,"column":17},"end":{"line":39,"column":77}},"14":{"start":{"line":40,"column":23},"end":{"line":40,"column":32}},"15":{"start":{"line":41,"column":6},"end":{"line":41,"column":77}},"16":{"start":{"line":42,"column":16},"end":{"line":42,"column":186}},"17":{"start":{"line":43,"column":6},"end":{"line":43,"column":23}},"18":{"start":{"line":44,"column":9},"end":{"line":44,"column":55}},"19":{"start":{"line":45,"column":8},"end":{"line":45,"column":20}},"20":{"start":{"line":50,"column":8},"end":{"line":61,"column":5}},"21":{"start":{"line":50,"column":46},"end":{"line":50,"column":53}},"22":{"start":{"line":53,"column":27},"end":{"line":54,"column":24}},"23":{"start":{"line":55,"column":25},"end":{"line":55,"column":171}},"24":{"start":{"line":56,"column":6},"end":{"line":56,"column":70}},"25":{"start":{"line":57,"column":16},"end":{"line":57,"column":183}},"26":{"start":{"line":58,"column":6},"end":{"line":58,"column":17}},"27":{"start":{"line":59,"column":9},"end":{"line":59,"column":55}},"28":{"start":{"line":60,"column":8},"end":{"line":60,"column":20}},"29":{"start":{"line":65,"column":6},"end":{"line":76,"column":5}},"30":{"start":{"line":65,"column":44},"end":{"line":65,"column":51}},"31":{"start":{"line":68,"column":27},"end":{"line":68,"column":113}},"32":{"start":{"line":69,"column":25},"end":{"line":70,"column":24}},"33":{"start":{"line":71,"column":6},"end":{"line":71,"column":70}},"34":{"start":{"line":72,"column":16},"end":{"line":72,"column":183}},"35":{"start":{"line":73,"column":6},"end":{"line":73,"column":17}},"36":{"start":{"line":74,"column":9},"end":{"line":74,"column":55}},"37":{"start":{"line":75,"column":8},"end":{"line":75,"column":20}},"38":{"start":{"line":86,"column":6},"end":{"line":92,"column":5}},"39":{"start":{"line":86,"column":10},"end":{"line":86,"column":45}},"40":{"start":{"line":87,"column":6},"end":{"line":87,"column":41}},"41":{"start":{"line":89,"column":6},"end":{"line":89,"column":146}},"42":{"start":{"line":90,"column":9},"end":{"line":90,"column":55}},"43":{"start":{"line":91,"column":8},"end":{"line":91,"column":20}},"44":{"start":{"line":96,"column":6},"end":{"line":105,"column":5}},"45":{"start":{"line":97,"column":21},"end":{"line":97,"column":114}},"46":{"start":{"line":99,"column":6},"end":{"line":99,"column":57}},"47":{"start":{"line":101,"column":6},"end":{"line":101,"column":63}},"48":{"start":{"line":102,"column":6},"end":{"line":102,"column":66}},"49":{"start":{"line":103,"column":9},"end":{"line":103,"column":55}},"50":{"start":{"line":104,"column":8},"end":{"line":104,"column":20}},"51":{"start":{"line":109,"column":8},"end":{"line":117,"column":5}},"52":{"start":{"line":109,"column":13},"end":{"line":109,"column":66}},"53":{"start":{"line":110,"column":32},"end":{"line":110,"column":78}},"54":{"start":{"line":111,"column":8},"end":{"line":111,"column":61}},"55":{"start":{"line":112,"column":8},"end":{"line":112,"column":26}},"56":{"start":{"line":115,"column":9},"end":{"line":115,"column":65}},"57":{"start":{"line":116,"column":8},"end":{"line":116,"column":20}}},"fnMap":{"0":{"name":"transferB2B","decl":{"start":{"line":15,"column":25},"end":{"line":15,"column":36}},"loc":{"start":{"line":15,"column":71},"end":{"line":29,"column":6}},"line":15},"1":{"name":"transferB2BFX","decl":{"start":{"line":31,"column":27},"end":{"line":31,"column":40}},"loc":{"start":{"line":31,"column":75},"end":{"line":47,"column":6}},"line":31},"2":{"name":"transferB2I","decl":{"start":{"line":49,"column":27},"end":{"line":49,"column":38}},"loc":{"start":{"line":49,"column":73},"end":{"line":62,"column":6}},"line":49},"3":{"name":"transferF2B","decl":{"start":{"line":64,"column":27},"end":{"line":64,"column":38}},"loc":{"start":{"line":64,"column":73},"end":{"line":77,"column":6}},"line":64},"4":{"name":"exectueTransfer","decl":{"start":{"line":85,"column":27},"end":{"line":85,"column":42}},"loc":{"start":{"line":85,"column":178},"end":{"line":93,"column":4}},"line":85},"5":{"name":"updateAccountStatus","decl":{"start":{"line":95,"column":25},"end":{"line":95,"column":44}},"loc":{"start":{"line":95,"column":97},"end":{"line":106,"column":6}},"line":95},"6":{"name":"getSecretKeyByAccessKey","decl":{"start":{"line":108,"column":27},"end":{"line":108,"column":50}},"loc":{"start":{"line":108,"column":69},"end":{"line":118,"column":6}},"line":108}},"branchMap":{"0":{"loc":{"start":{"line":85,"column":157},"end":{"line":85,"column":161}},"type":"default-arg","locations":[{"start":{"line":85,"column":160},"end":{"line":85,"column":161}}],"line":85}},"s":{"0":0,"1":0,"2":0,"3":0,"4":0,"5":0,"6":0,"7":0,"8":0,"9":0,"10":0,"11":0,"12":0,"13":0,"14":0,"15":0,"16":0,"17":0,"18":0,"19":0,"20":0,"21":0,"22":0,"23":0,"24":0,"25":0,"26":0,"27":0,"28":0,"29":0,"30":0,"31":0,"32":0,"33":0,"34":0,"35":0,"36":0,"37":0,"38":0,"39":0,"40":0,"41":0,"42":0,"43":0,"44":0,"45":0,"46":0,"47":0,"48":0,"49":0,"50":0,"51":0,"52":0,"53":0,"54":0,"55":0,"56":0,"57":0},"f":{"0":0,"1":0,"2":0,"3":0,"4":0,"5":0,"6":0},"b":{"0":[0]},"all":true},"/Users/dorbirendof/Desktop/workspace/finalProject/src/account/account.validation.ts":{"path":"/Users/dorbirendof/Desktop/workspace/finalProject/src/account/account.validation.ts","statementMap":{"0":{"start":{"line":13,"column":4},"end":{"line":31,"column":5}},"1":{"start":{"line":14,"column":8},"end":{"line":14,"column":79}},"2":{"start":{"line":15,"column":8},"end":{"line":17,"column":9}},"3":{"start":{"line":16,"column":12},"end":{"line":16,"column":91}},"4":{"start":{"line":18,"column":8},"end":{"line":20,"column":9}},"5":{"start":{"line":19,"column":12},"end":{"line":19,"column":91}},"6":{"start":{"line":21,"column":8},"end":{"line":23,"column":9}},"7":{"start":{"line":22,"column":12},"end":{"line":22,"column":91}},"8":{"start":{"line":24,"column":8},"end":{"line":26,"column":9}},"9":{"start":{"line":25,"column":12},"end":{"line":25,"column":91}},"10":{"start":{"line":27,"column":8},"end":{"line":27,"column":65}},"11":{"start":{"line":29,"column":8},"end":{"line":29,"column":71}},"12":{"start":{"line":30,"column":8},"end":{"line":30,"column":20}},"13":{"start":{"line":35,"column":42},"end":{"line":35,"column":50}},"14":{"start":{"line":36,"column":4},"end":{"line":38,"column":5}},"15":{"start":{"line":37,"column":8},"end":{"line":37,"column":53}},"16":{"start":{"line":39,"column":4},"end":{"line":39,"column":37}},"17":{"start":{"line":40,"column":4},"end":{"line":40,"column":11}},"18":{"start":{"line":44,"column":4},"end":{"line":53,"column":5}},"19":{"start":{"line":45,"column":8},"end":{"line":45,"column":79}},"20":{"start":{"line":47,"column":8},"end":{"line":47,"column":62}},"21":{"start":{"line":48,"column":8},"end":{"line":48,"column":42}},"22":{"start":{"line":49,"column":8},"end":{"line":49,"column":62}},"23":{"start":{"line":51,"column":8},"end":{"line":51,"column":68}},"24":{"start":{"line":52,"column":8},"end":{"line":52,"column":20}},"25":{"start":{"line":57,"column":4},"end":{"line":66,"column":5}},"26":{"start":{"line":58,"column":8},"end":{"line":58,"column":79}},"27":{"start":{"line":60,"column":8},"end":{"line":60,"column":61}},"28":{"start":{"line":61,"column":8},"end":{"line":61,"column":42}},"29":{"start":{"line":62,"column":8},"end":{"line":62,"column":62}},"30":{"start":{"line":64,"column":8},"end":{"line":64,"column":68}},"31":{"start":{"line":65,"column":8},"end":{"line":65,"column":20}},"32":{"start":{"line":69,"column":4},"end":{"line":79,"column":5}},"33":{"start":{"line":70,"column":8},"end":{"line":70,"column":83}},"34":{"start":{"line":72,"column":8},"end":{"line":72,"column":66}},"35":{"start":{"line":73,"column":8},"end":{"line":73,"column":82}},"36":{"start":{"line":75,"column":8},"end":{"line":75,"column":62}},"37":{"start":{"line":77,"column":8},"end":{"line":77,"column":68}},"38":{"start":{"line":78,"column":8},"end":{"line":78,"column":20}},"39":{"start":{"line":82,"column":4},"end":{"line":92,"column":5}},"40":{"start":{"line":83,"column":8},"end":{"line":83,"column":87}},"41":{"start":{"line":85,"column":8},"end":{"line":85,"column":39}},"42":{"start":{"line":86,"column":8},"end":{"line":86,"column":54}},"43":{"start":{"line":87,"column":8},"end":{"line":87,"column":48}},"44":{"start":{"line":88,"column":8},"end":{"line":88,"column":59}},"45":{"start":{"line":90,"column":8},"end":{"line":90,"column":65}},"46":{"start":{"line":91,"column":8},"end":{"line":91,"column":20}},"47":{"start":{"line":96,"column":31},"end":{"line":96,"column":39}},"48":{"start":{"line":97,"column":4},"end":{"line":99,"column":5}},"49":{"start":{"line":98,"column":8},"end":{"line":98,"column":53}},"50":{"start":{"line":100,"column":31},"end":{"line":100,"column":86}},"51":{"start":{"line":100,"column":61},"end":{"line":100,"column":84}},"52":{"start":{"line":101,"column":4},"end":{"line":103,"column":5}},"53":{"start":{"line":102,"column":8},"end":{"line":102,"column":83}},"54":{"start":{"line":104,"column":4},"end":{"line":104,"column":11}},"55":{"start":{"line":108,"column":4},"end":{"line":117,"column":5}},"56":{"start":{"line":109,"column":8},"end":{"line":109,"column":82}},"57":{"start":{"line":111,"column":8},"end":{"line":111,"column":60}},"58":{"start":{"line":112,"column":8},"end":{"line":112,"column":44}},"59":{"start":{"line":113,"column":8},"end":{"line":113,"column":57}},"60":{"start":{"line":115,"column":8},"end":{"line":115,"column":63}},"61":{"start":{"line":116,"column":8},"end":{"line":116,"column":20}}},"fnMap":{"0":{"name":"validateAccountMandatoryFields","decl":{"start":{"line":11,"column":16},"end":{"line":11,"column":46}},"loc":{"start":{"line":11,"column":104},"end":{"line":32,"column":1}},"line":11},"1":{"name":"validateTransferModel","decl":{"start":{"line":34,"column":22},"end":{"line":34,"column":43}},"loc":{"start":{"line":34,"column":108},"end":{"line":41,"column":1}},"line":34},"2":{"name":"validateTransferAccountsB2I","decl":{"start":{"line":43,"column":16},"end":{"line":43,"column":43}},"loc":{"start":{"line":43,"column":104},"end":{"line":54,"column":1}},"line":43},"3":{"name":"validateTransferAccountsF2B","decl":{"start":{"line":56,"column":16},"end":{"line":56,"column":43}},"loc":{"start":{"line":56,"column":100},"end":{"line":67,"column":1}},"line":56},"4":{"name":"validateTransferAccountsB2B","decl":{"start":{"line":68,"column":16},"end":{"line":68,"column":43}},"loc":{"start":{"line":68,"column":114},"end":{"line":80,"column":1}},"line":68},"5":{"name":"validateTransferAccounts","decl":{"start":{"line":81,"column":16},"end":{"line":81,"column":40}},"loc":{"start":{"line":81,"column":124},"end":{"line":94,"column":1}},"line":81},"6":{"name":"validateStatus","decl":{"start":{"line":95,"column":22},"end":{"line":95,"column":36}},"loc":{"start":{"line":95,"column":101},"end":{"line":105,"column":1}},"line":95},"7":{"name":"(anonymous_7)","decl":{"start":{"line":100,"column":46},"end":{"line":100,"column":47}},"loc":{"start":{"line":100,"column":61},"end":{"line":100,"column":84}},"line":100},"8":{"name":"validateStatusAccounts","decl":{"start":{"line":107,"column":16},"end":{"line":107,"column":38}},"loc":{"start":{"line":107,"column":106},"end":{"line":118,"column":1}},"line":107}},"branchMap":{"0":{"loc":{"start":{"line":15,"column":8},"end":{"line":17,"column":9}},"type":"if","locations":[{"start":{"line":15,"column":8},"end":{"line":17,"column":9}},{"start":{"line":15,"column":8},"end":{"line":17,"column":9}}],"line":15},"1":{"loc":{"start":{"line":18,"column":8},"end":{"line":20,"column":9}},"type":"if","locations":[{"start":{"line":18,"column":8},"end":{"line":20,"column":9}},{"start":{"line":18,"column":8},"end":{"line":20,"column":9}}],"line":18},"2":{"loc":{"start":{"line":21,"column":8},"end":{"line":23,"column":9}},"type":"if","locations":[{"start":{"line":21,"column":8},"end":{"line":23,"column":9}},{"start":{"line":21,"column":8},"end":{"line":23,"column":9}}],"line":21},"3":{"loc":{"start":{"line":24,"column":8},"end":{"line":26,"column":9}},"type":"if","locations":[{"start":{"line":24,"column":8},"end":{"line":26,"column":9}},{"start":{"line":24,"column":8},"end":{"line":26,"column":9}}],"line":24},"4":{"loc":{"start":{"line":36,"column":4},"end":{"line":38,"column":5}},"type":"if","locations":[{"start":{"line":36,"column":4},"end":{"line":38,"column":5}},{"start":{"line":36,"column":4},"end":{"line":38,"column":5}}],"line":36},"5":{"loc":{"start":{"line":36,"column":10},"end":{"line":36,"column":41}},"type":"binary-expr","locations":[{"start":{"line":36,"column":10},"end":{"line":36,"column":16}},{"start":{"line":36,"column":20},"end":{"line":36,"column":31}},{"start":{"line":36,"column":35},"end":{"line":36,"column":41}}],"line":36},"6":{"loc":{"start":{"line":68,"column":96},"end":{"line":68,"column":106}},"type":"default-arg","locations":[{"start":{"line":68,"column":101},"end":{"line":68,"column":106}}],"line":68},"7":{"loc":{"start":{"line":81,"column":106},"end":{"line":81,"column":116}},"type":"default-arg","locations":[{"start":{"line":81,"column":111},"end":{"line":81,"column":116}}],"line":81},"8":{"loc":{"start":{"line":97,"column":4},"end":{"line":99,"column":5}},"type":"if","locations":[{"start":{"line":97,"column":4},"end":{"line":99,"column":5}},{"start":{"line":97,"column":4},"end":{"line":99,"column":5}}],"line":97},"9":{"loc":{"start":{"line":97,"column":10},"end":{"line":97,"column":51}},"type":"binary-expr","locations":[{"start":{"line":97,"column":10},"end":{"line":97,"column":18}},{"start":{"line":97,"column":22},"end":{"line":97,"column":28}},{"start":{"line":97,"column":32},"end":{"line":97,"column":51}}],"line":97},"10":{"loc":{"start":{"line":101,"column":4},"end":{"line":103,"column":5}},"type":"if","locations":[{"start":{"line":101,"column":4},"end":{"line":103,"column":5}},{"start":{"line":101,"column":4},"end":{"line":103,"column":5}}],"line":101}},"s":{"0":0,"1":0,"2":0,"3":0,"4":0,"5":0,"6":0,"7":0,"8":0,"9":0,"10":0,"11":0,"12":0,"13":0,"14":0,"15":0,"16":0,"17":0,"18":0,"19":0,"20":0,"21":0,"22":0,"23":0,"24":0,"25":0,"26":0,"27":0,"28":0,"29":0,"30":0,"31":0,"32":0,"33":0,"34":0,"35":0,"36":0,"37":0,"38":0,"39":0,"40":0,"41":0,"42":0,"43":0,"44":0,"45":0,"46":0,"47":0,"48":0,"49":0,"50":0,"51":0,"52":0,"53":0,"54":0,"55":0,"56":0,"57":0,"58":0,"59":0,"60":0,"61":0},"f":{"0":0,"1":0,"2":0,"3":0,"4":0,"5":0,"6":0,"7":0,"8":0},"b":{"0":[0,0],"1":[0,0],"2":[0,0],"3":[0,0],"4":[0,0],"5":[0,0,0],"6":[0],"7":[0],"8":[0,0],"9":[0,0,0],"10":[0,0]},"all":true},"/Users/dorbirendof/Desktop/workspace/finalProject/src/business/business.db.ts":{"path":"/Users/dorbirendof/Desktop/workspace/finalProject/src/business/business.db.ts","statementMap":{"0":{"start":{"line":11,"column":4},"end":{"line":21,"column":5}},"1":{"start":{"line":12,"column":8},"end":{"line":12,"column":61}},"2":{"start":{"line":13,"column":27},"end":{"line":13,"column":68}},"3":{"start":{"line":14,"column":27},"end":{"line":14,"column":64}},"4":{"start":{"line":15,"column":8},"end":{"line":15,"column":160}},"5":{"start":{"line":16,"column":8},"end":{"line":16,"column":60}},"6":{"start":{"line":17,"column":8},"end":{"line":17,"column":26}},"7":{"start":{"line":19,"column":8},"end":{"line":19,"column":62}},"8":{"start":{"line":20,"column":8},"end":{"line":20,"column":20}},"9":{"start":{"line":25,"column":4},"end":{"line":38,"column":5}},"10":{"start":{"line":26,"column":8},"end":{"line":26,"column":63}},"11":{"start":{"line":27,"column":23},"end":{"line":28,"column":127}},"12":{"start":{"line":29,"column":8},"end":{"line":31,"column":9}},"13":{"start":{"line":30,"column":12},"end":{"line":30,"column":45}},"14":{"start":{"line":32,"column":25},"end":{"line":32,"column":75}},"15":{"start":{"line":33,"column":8},"end":{"line":33,"column":59}},"16":{"start":{"line":34,"column":8},"end":{"line":34,"column":23}},"17":{"start":{"line":36,"column":8},"end":{"line":36,"column":63}},"18":{"start":{"line":37,"column":8},"end":{"line":37,"column":20}},"19":{"start":{"line":41,"column":4},"end":{"line":53,"column":5}},"20":{"start":{"line":42,"column":8},"end":{"line":42,"column":57}},"21":{"start":{"line":44,"column":119},"end":{"line":44,"column":122}},"22":{"start":{"line":45,"column":36},"end":{"line":45,"column":128}},"23":{"start":{"line":46,"column":8},"end":{"line":46,"column":124}},"24":{"start":{"line":47,"column":8},"end":{"line":47,"column":59}},"25":{"start":{"line":49,"column":8},"end":{"line":49,"column":23}},"26":{"start":{"line":51,"column":8},"end":{"line":51,"column":63}},"27":{"start":{"line":52,"column":8},"end":{"line":52,"column":20}}},"fnMap":{"0":{"name":"createBusinessAccount","decl":{"start":{"line":10,"column":22},"end":{"line":10,"column":43}},"loc":{"start":{"line":10,"column":91},"end":{"line":22,"column":1}},"line":10},"1":{"name":"getBusinessAccountById","decl":{"start":{"line":24,"column":22},"end":{"line":24,"column":44}},"loc":{"start":{"line":24,"column":84},"end":{"line":39,"column":1}},"line":24},"2":{"name":"extractBusinessFromObj","decl":{"start":{"line":40,"column":9},"end":{"line":40,"column":31}},"loc":{"start":{"line":40,"column":65},"end":{"line":54,"column":1}},"line":40}},"branchMap":{"0":{"loc":{"start":{"line":29,"column":8},"end":{"line":31,"column":9}},"type":"if","locations":[{"start":{"line":29,"column":8},"end":{"line":31,"column":9}},{"start":{"line":29,"column":8},"end":{"line":31,"column":9}}],"line":29}},"s":{"0":0,"1":0,"2":0,"3":0,"4":0,"5":0,"6":0,"7":0,"8":0,"9":0,"10":0,"11":0,"12":0,"13":0,"14":0,"15":0,"16":0,"17":0,"18":0,"19":0,"20":0,"21":0,"22":0,"23":0,"24":0,"25":0,"26":0,"27":0},"f":{"0":0,"1":0,"2":0},"b":{"0":[0,0]},"all":true},"/Users/dorbirendof/Desktop/workspace/finalProject/src/business/business.router.ts":{"path":"/Users/dorbirendof/Desktop/workspace/finalProject/src/business/business.router.ts","statementMap":{"0":{"start":{"line":10,"column":15},"end":{"line":10,"column":31}},"1":{"start":{"line":15,"column":0},"end":{"line":23,"column":7}},"2":{"start":{"line":16,"column":15},"end":{"line":16,"column":98}},"3":{"start":{"line":17,"column":16},"end":{"line":17,"column":65}},"4":{"start":{"line":18,"column":44},"end":{"line":21,"column":16}},"5":{"start":{"line":22,"column":6},"end":{"line":22,"column":39}},"6":{"start":{"line":26,"column":0},"end":{"line":33,"column":6}},"7":{"start":{"line":27,"column":16},"end":{"line":27,"column":76}},"8":{"start":{"line":28,"column":44},"end":{"line":31,"column":16}},"9":{"start":{"line":32,"column":6},"end":{"line":32,"column":39}}},"fnMap":{"0":{"name":"(anonymous_0)","decl":{"start":{"line":15,"column":48},"end":{"line":15,"column":49}},"loc":{"start":{"line":15,"column":85},"end":{"line":23,"column":3}},"line":15},"1":{"name":"(anonymous_1)","decl":{"start":{"line":26,"column":46},"end":{"line":26,"column":47}},"loc":{"start":{"line":26,"column":83},"end":{"line":33,"column":3}},"line":26}},"branchMap":{},"s":{"0":0,"1":0,"2":0,"3":0,"4":0,"5":0,"6":0,"7":0,"8":0,"9":0},"f":{"0":0,"1":0},"b":{},"all":true},"/Users/dorbirendof/Desktop/workspace/finalProject/src/business/business.services.ts":{"path":"/Users/dorbirendof/Desktop/workspace/finalProject/src/business/business.services.ts","statementMap":{"0":{"start":{"line":6,"column":4},"end":{"line":15,"column":5}},"1":{"start":{"line":7,"column":6},"end":{"line":7,"column":55}},"2":{"start":{"line":8,"column":30},"end":{"line":8,"column":79}},"3":{"start":{"line":9,"column":6},"end":{"line":9,"column":61}},"4":{"start":{"line":10,"column":6},"end":{"line":10,"column":29}},"5":{"start":{"line":12,"column":6},"end":{"line":12,"column":56}},"6":{"start":{"line":13,"column":6},"end":{"line":13,"column":15}},"7":{"start":{"line":19,"column":4},"end":{"line":28,"column":5}},"8":{"start":{"line":20,"column":6},"end":{"line":20,"column":57}},"9":{"start":{"line":21,"column":21},"end":{"line":21,"column":80}},"10":{"start":{"line":22,"column":6},"end":{"line":22,"column":57}},"11":{"start":{"line":23,"column":6},"end":{"line":23,"column":21}},"12":{"start":{"line":25,"column":6},"end":{"line":25,"column":56}},"13":{"start":{"line":26,"column":6},"end":{"line":26,"column":15}}},"fnMap":{"0":{"name":"createBusinessAccount","decl":{"start":{"line":5,"column":24},"end":{"line":5,"column":45}},"loc":{"start":{"line":5,"column":87},"end":{"line":16,"column":4}},"line":5},"1":{"name":"getBusinessAccountById","decl":{"start":{"line":18,"column":25},"end":{"line":18,"column":47}},"loc":{"start":{"line":18,"column":78},"end":{"line":29,"column":4}},"line":18}},"branchMap":{},"s":{"0":0,"1":0,"2":0,"3":0,"4":0,"5":0,"6":0,"7":0,"8":0,"9":0,"10":0,"11":0,"12":0,"13":0},"f":{"0":0,"1":0},"b":{},"all":true},"/Users/dorbirendof/Desktop/workspace/finalProject/src/business/business.validator.ts":{"path":"/Users/dorbirendof/Desktop/workspace/finalProject/src/business/business.validator.ts","statementMap":{"0":{"start":{"line":10,"column":4},"end":{"line":31,"column":5}},"1":{"start":{"line":12,"column":107},"end":{"line":12,"column":115}},"2":{"start":{"line":13,"column":8},"end":{"line":13,"column":96}},"3":{"start":{"line":15,"column":8},"end":{"line":17,"column":9}},"4":{"start":{"line":16,"column":12},"end":{"line":16,"column":57}},"5":{"start":{"line":18,"column":8},"end":{"line":20,"column":9}},"6":{"start":{"line":19,"column":12},"end":{"line":19,"column":43}},"7":{"start":{"line":21,"column":8},"end":{"line":21,"column":66}},"8":{"start":{"line":23,"column":44},"end":{"line":23,"column":123}},"9":{"start":{"line":24,"column":8},"end":{"line":24,"column":31}},"10":{"start":{"line":25,"column":8},"end":{"line":25,"column":36}},"11":{"start":{"line":26,"column":8},"end":{"line":26,"column":14}},"12":{"start":{"line":28,"column":8},"end":{"line":28,"column":59}},"13":{"start":{"line":29,"column":8},"end":{"line":29,"column":17}}},"fnMap":{"0":{"name":"validateBusinessModel","decl":{"start":{"line":9,"column":22},"end":{"line":9,"column":43}},"loc":{"start":{"line":9,"column":102},"end":{"line":32,"column":1}},"line":9}},"branchMap":{"0":{"loc":{"start":{"line":12,"column":39},"end":{"line":12,"column":51}},"type":"default-arg","locations":[{"start":{"line":12,"column":47},"end":{"line":12,"column":51}}],"line":12},"1":{"loc":{"start":{"line":12,"column":72},"end":{"line":12,"column":84}},"type":"default-arg","locations":[{"start":{"line":12,"column":80},"end":{"line":12,"column":84}}],"line":12},"2":{"loc":{"start":{"line":12,"column":85},"end":{"line":12,"column":94}},"type":"default-arg","locations":[{"start":{"line":12,"column":93},"end":{"line":12,"column":94}}],"line":12},"3":{"loc":{"start":{"line":15,"column":8},"end":{"line":17,"column":9}},"type":"if","locations":[{"start":{"line":15,"column":8},"end":{"line":17,"column":9}},{"start":{"line":15,"column":8},"end":{"line":17,"column":9}}],"line":15},"4":{"loc":{"start":{"line":15,"column":13},"end":{"line":15,"column":39}},"type":"binary-expr","locations":[{"start":{"line":15,"column":13},"end":{"line":15,"column":23}},{"start":{"line":15,"column":27},"end":{"line":15,"column":39}}],"line":15},"5":{"loc":{"start":{"line":18,"column":8},"end":{"line":20,"column":9}},"type":"if","locations":[{"start":{"line":18,"column":8},"end":{"line":20,"column":9}},{"start":{"line":18,"column":8},"end":{"line":20,"column":9}}],"line":18}},"s":{"0":0,"1":0,"2":0,"3":0,"4":0,"5":0,"6":0,"7":0,"8":0,"9":0,"10":0,"11":0,"12":0,"13":0},"f":{"0":0},"b":{"0":[0],"1":[0],"2":[0],"3":[0,0],"4":[0,0],"5":[0,0]},"all":true},"/Users/dorbirendof/Desktop/workspace/finalProject/src/config.ts":{"path":"/Users/dorbirendof/Desktop/workspace/finalProject/src/config.ts","statementMap":{"0":{"start":{"line":4,"column":15},"end":{"line":4,"column":96}}},"fnMap":{},"branchMap":{},"s":{"0":0},"f":{},"b":{},"all":true},"/Users/dorbirendof/Desktop/workspace/finalProject/src/db.utils.ts":{"path":"/Users/dorbirendof/Desktop/workspace/finalProject/src/db.utils.ts","statementMap":{"0":{"start":{"line":7,"column":3},"end":{"line":16,"column":5}},"1":{"start":{"line":7,"column":12},"end":{"line":7,"column":59}},"2":{"start":{"line":9,"column":26},"end":{"line":9,"column":56}},"3":{"start":{"line":10,"column":26},"end":{"line":10,"column":72}},"4":{"start":{"line":10,"column":58},"end":{"line":10,"column":61}},"5":{"start":{"line":11,"column":19},"end":{"line":11,"column":131}},"6":{"start":{"line":12,"column":4},"end":{"line":12,"column":37}},"7":{"start":{"line":13,"column":4},"end":{"line":13,"column":16}},"8":{"start":{"line":14,"column":8},"end":{"line":14,"column":50}},"9":{"start":{"line":15,"column":7},"end":{"line":15,"column":19}},"10":{"start":{"line":20,"column":4},"end":{"line":36,"column":5}},"11":{"start":{"line":20,"column":16},"end":{"line":20,"column":73}},"12":{"start":{"line":22,"column":27},"end":{"line":22,"column":60}},"13":{"start":{"line":23,"column":26},"end":{"line":23,"column":106}},"14":{"start":{"line":23,"column":42},"end":{"line":23,"column":95}},"15":{"start":{"line":23,"column":78},"end":{"line":23,"column":81}},"16":{"start":{"line":24,"column":24},"end":{"line":28,"column":9}},"17":{"start":{"line":24,"column":42},"end":{"line":24,"column":60}},"18":{"start":{"line":26,"column":8},"end":{"line":26,"column":24}},"19":{"start":{"line":27,"column":8},"end":{"line":27,"column":32}},"20":{"start":{"line":29,"column":4},"end":{"line":29,"column":104}},"21":{"start":{"line":30,"column":19},"end":{"line":30,"column":122}},"22":{"start":{"line":31,"column":4},"end":{"line":31,"column":47}},"23":{"start":{"line":33,"column":4},"end":{"line":33,"column":16}},"24":{"start":{"line":34,"column":8},"end":{"line":34,"column":59}},"25":{"start":{"line":35,"column":7},"end":{"line":35,"column":19}},"26":{"start":{"line":40,"column":4},"end":{"line":50,"column":5}},"27":{"start":{"line":40,"column":16},"end":{"line":40,"column":74}},"28":{"start":{"line":42,"column":26},"end":{"line":42,"column":98}},"29":{"start":{"line":42,"column":61},"end":{"line":42,"column":86}},"30":{"start":{"line":43,"column":24},"end":{"line":43,"column":81}},"31":{"start":{"line":44,"column":19},"end":{"line":44,"column":97}},"32":{"start":{"line":45,"column":4},"end":{"line":45,"column":42}},"33":{"start":{"line":47,"column":4},"end":{"line":47,"column":16}},"34":{"start":{"line":48,"column":8},"end":{"line":48,"column":54}},"35":{"start":{"line":49,"column":7},"end":{"line":49,"column":19}},"36":{"start":{"line":54,"column":3},"end":{"line":72,"column":5}},"37":{"start":{"line":54,"column":15},"end":{"line":54,"column":82}},"38":{"start":{"line":56,"column":26},"end":{"line":56,"column":52}},"39":{"start":{"line":57,"column":29},"end":{"line":57,"column":31}},"40":{"start":{"line":58,"column":4},"end":{"line":61,"column":5}},"41":{"start":{"line":58,"column":17},"end":{"line":58,"column":18}},"42":{"start":{"line":59,"column":26},"end":{"line":59,"column":138}},"43":{"start":{"line":60,"column":8},"end":{"line":60,"column":41}},"44":{"start":{"line":62,"column":21},"end":{"line":62,"column":135}},"45":{"start":{"line":62,"column":38},"end":{"line":62,"column":60}},"46":{"start":{"line":62,"column":74},"end":{"line":62,"column":121}},"47":{"start":{"line":63,"column":4},"end":{"line":63,"column":103}},"48":{"start":{"line":64,"column":19},"end":{"line":64,"column":121}},"49":{"start":{"line":65,"column":4},"end":{"line":65,"column":21}},"50":{"start":{"line":66,"column":4},"end":{"line":66,"column":51}},"51":{"start":{"line":68,"column":4},"end":{"line":68,"column":15}},"52":{"start":{"line":70,"column":8},"end":{"line":70,"column":63}},"53":{"start":{"line":71,"column":7},"end":{"line":71,"column":19}},"54":{"start":{"line":78,"column":4},"end":{"line":87,"column":5}},"55":{"start":{"line":78,"column":16},"end":{"line":78,"column":66}},"56":{"start":{"line":80,"column":28},"end":{"line":80,"column":85}},"57":{"start":{"line":81,"column":19},"end":{"line":81,"column":84}},"58":{"start":{"line":82,"column":4},"end":{"line":82,"column":41}},"59":{"start":{"line":84,"column":4},"end":{"line":84,"column":16}},"60":{"start":{"line":85,"column":8},"end":{"line":85,"column":54}},"61":{"start":{"line":86,"column":7},"end":{"line":86,"column":19}},"62":{"start":{"line":91,"column":4},"end":{"line":102,"column":5}},"63":{"start":{"line":91,"column":16},"end":{"line":91,"column":77}},"64":{"start":{"line":93,"column":29},"end":{"line":93,"column":69}},"65":{"start":{"line":94,"column":24},"end":{"line":94,"column":81}},"66":{"start":{"line":95,"column":19},"end":{"line":95,"column":104}},"67":{"start":{"line":97,"column":4},"end":{"line":97,"column":42}},"68":{"start":{"line":99,"column":4},"end":{"line":99,"column":37}},"69":{"start":{"line":100,"column":8},"end":{"line":100,"column":54}},"70":{"start":{"line":101,"column":7},"end":{"line":101,"column":19}},"71":{"start":{"line":106,"column":4},"end":{"line":115,"column":5}},"72":{"start":{"line":106,"column":8},"end":{"line":106,"column":116}},"73":{"start":{"line":107,"column":29},"end":{"line":107,"column":69}},"74":{"start":{"line":108,"column":24},"end":{"line":108,"column":99}},"75":{"start":{"line":109,"column":21},"end":{"line":109,"column":82}},"76":{"start":{"line":110,"column":19},"end":{"line":110,"column":152}},"77":{"start":{"line":111,"column":4},"end":{"line":111,"column":50}},"78":{"start":{"line":112,"column":4},"end":{"line":112,"column":35}},"79":{"start":{"line":113,"column":8},"end":{"line":113,"column":62}},"80":{"start":{"line":114,"column":7},"end":{"line":114,"column":19}},"81":{"start":{"line":119,"column":3},"end":{"line":129,"column":1}},"82":{"start":{"line":119,"column":12},"end":{"line":119,"column":66}},"83":{"start":{"line":121,"column":28},"end":{"line":121,"column":68}},"84":{"start":{"line":122,"column":19},"end":{"line":122,"column":80}},"85":{"start":{"line":123,"column":4},"end":{"line":123,"column":41}},"86":{"start":{"line":125,"column":4},"end":{"line":125,"column":35}},"87":{"start":{"line":127,"column":4},"end":{"line":127,"column":49}},"88":{"start":{"line":128,"column":3},"end":{"line":128,"column":15}},"89":{"start":{"line":132,"column":4},"end":{"line":142,"column":5}},"90":{"start":{"line":132,"column":16},"end":{"line":132,"column":96}},"91":{"start":{"line":134,"column":29},"end":{"line":134,"column":69}},"92":{"start":{"line":135,"column":4},"end":{"line":135,"column":65}},"93":{"start":{"line":136,"column":19},"end":{"line":136,"column":117}},"94":{"start":{"line":137,"column":4},"end":{"line":137,"column":49}},"95":{"start":{"line":139,"column":4},"end":{"line":139,"column":35}},"96":{"start":{"line":140,"column":8},"end":{"line":140,"column":61}},"97":{"start":{"line":141,"column":7},"end":{"line":141,"column":19}}},"fnMap":{"0":{"name":"createRow","decl":{"start":{"line":6,"column":22},"end":{"line":6,"column":31}},"loc":{"start":{"line":6,"column":83},"end":{"line":17,"column":1}},"line":6},"1":{"name":"(anonymous_1)","decl":{"start":{"line":10,"column":52},"end":{"line":10,"column":53}},"loc":{"start":{"line":10,"column":58},"end":{"line":10,"column":61}},"line":10},"2":{"name":"createMultipleRows","decl":{"start":{"line":19,"column":22},"end":{"line":19,"column":40}},"loc":{"start":{"line":19,"column":94},"end":{"line":37,"column":1}},"line":19},"3":{"name":"(anonymous_3)","decl":{"start":{"line":23,"column":38},"end":{"line":23,"column":39}},"loc":{"start":{"line":23,"column":42},"end":{"line":23,"column":95}},"line":23},"4":{"name":"(anonymous_4)","decl":{"start":{"line":23,"column":72},"end":{"line":23,"column":73}},"loc":{"start":{"line":23,"column":78},"end":{"line":23,"column":81}},"line":23},"5":{"name":"(anonymous_5)","decl":{"start":{"line":24,"column":36},"end":{"line":24,"column":37}},"loc":{"start":{"line":24,"column":42},"end":{"line":24,"column":60}},"line":24},"6":{"name":"(anonymous_6)","decl":{"start":{"line":25,"column":11},"end":{"line":25,"column":12}},"loc":{"start":{"line":25,"column":26},"end":{"line":28,"column":5}},"line":25},"7":{"name":"updaetRowById","decl":{"start":{"line":39,"column":22},"end":{"line":39,"column":35}},"loc":{"start":{"line":39,"column":100},"end":{"line":51,"column":1}},"line":39},"8":{"name":"(anonymous_8)","decl":{"start":{"line":42,"column":54},"end":{"line":42,"column":55}},"loc":{"start":{"line":42,"column":61},"end":{"line":42,"column":86}},"line":42},"9":{"name":"updateMultipleRowsById","decl":{"start":{"line":53,"column":22},"end":{"line":53,"column":44}},"loc":{"start":{"line":53,"column":111},"end":{"line":73,"column":1}},"line":53},"10":{"name":"(anonymous_10)","decl":{"start":{"line":62,"column":31},"end":{"line":62,"column":32}},"loc":{"start":{"line":62,"column":38},"end":{"line":62,"column":60}},"line":62},"11":{"name":"(anonymous_11)","decl":{"start":{"line":62,"column":66},"end":{"line":62,"column":67}},"loc":{"start":{"line":62,"column":74},"end":{"line":62,"column":121}},"line":62},"12":{"name":"deleteRowById","decl":{"start":{"line":77,"column":22},"end":{"line":77,"column":35}},"loc":{"start":{"line":77,"column":84},"end":{"line":88,"column":1}},"line":77},"13":{"name":"selectRowById","decl":{"start":{"line":90,"column":22},"end":{"line":90,"column":35}},"loc":{"start":{"line":90,"column":115},"end":{"line":103,"column":1}},"line":90},"14":{"name":"selectRowByIdWithJoin","decl":{"start":{"line":105,"column":22},"end":{"line":105,"column":43}},"loc":{"start":{"line":105,"column":184},"end":{"line":116,"column":1}},"line":105},"15":{"name":"selectAllRow","decl":{"start":{"line":118,"column":22},"end":{"line":118,"column":34}},"loc":{"start":{"line":118,"column":100},"end":{"line":129,"column":2}},"line":118},"16":{"name":"selectRowsPagination","decl":{"start":{"line":131,"column":22},"end":{"line":131,"column":42}},"loc":{"start":{"line":131,"column":143},"end":{"line":143,"column":1}},"line":131}},"branchMap":{"0":{"loc":{"start":{"line":93,"column":29},"end":{"line":93,"column":69}},"type":"cond-expr","locations":[{"start":{"line":93,"column":42},"end":{"line":93,"column":64}},{"start":{"line":93,"column":66},"end":{"line":93,"column":69}}],"line":93},"1":{"loc":{"start":{"line":107,"column":29},"end":{"line":107,"column":69}},"type":"cond-expr","locations":[{"start":{"line":107,"column":42},"end":{"line":107,"column":64}},{"start":{"line":107,"column":66},"end":{"line":107,"column":69}}],"line":107},"2":{"loc":{"start":{"line":121,"column":28},"end":{"line":121,"column":68}},"type":"cond-expr","locations":[{"start":{"line":121,"column":41},"end":{"line":121,"column":63}},{"start":{"line":121,"column":65},"end":{"line":121,"column":68}}],"line":121},"3":{"loc":{"start":{"line":134,"column":29},"end":{"line":134,"column":69}},"type":"cond-expr","locations":[{"start":{"line":134,"column":42},"end":{"line":134,"column":64}},{"start":{"line":134,"column":66},"end":{"line":134,"column":69}}],"line":134},"4":{"loc":{"start":{"line":135,"column":17},"end":{"line":135,"column":64}},"type":"cond-expr","locations":[{"start":{"line":135,"column":35},"end":{"line":135,"column":59}},{"start":{"line":135,"column":63},"end":{"line":135,"column":64}}],"line":135}},"s":{"0":0,"1":0,"2":0,"3":0,"4":0,"5":0,"6":0,"7":0,"8":0,"9":0,"10":0,"11":0,"12":0,"13":0,"14":0,"15":0,"16":0,"17":0,"18":0,"19":0,"20":0,"21":0,"22":0,"23":0,"24":0,"25":0,"26":0,"27":0,"28":0,"29":0,"30":0,"31":0,"32":0,"33":0,"34":0,"35":0,"36":0,"37":0,"38":0,"39":0,"40":0,"41":0,"42":0,"43":0,"44":0,"45":0,"46":0,"47":0,"48":0,"49":0,"50":0,"51":0,"52":0,"53":0,"54":0,"55":0,"56":0,"57":0,"58":0,"59":0,"60":0,"61":0,"62":0,"63":0,"64":0,"65":0,"66":0,"67":0,"68":0,"69":0,"70":0,"71":0,"72":0,"73":0,"74":0,"75":0,"76":0,"77":0,"78":0,"79":0,"80":0,"81":0,"82":0,"83":0,"84":0,"85":0,"86":0,"87":0,"88":0,"89":0,"90":0,"91":0,"92":0,"93":0,"94":0,"95":0,"96":0,"97":0},"f":{"0":0,"1":0,"2":0,"3":0,"4":0,"5":0,"6":0,"7":0,"8":0,"9":0,"10":0,"11":0,"12":0,"13":0,"14":0,"15":0,"16":0},"b":{"0":[0,0],"1":[0,0],"2":[0,0],"3":[0,0],"4":[0,0]},"all":true},"/Users/dorbirendof/Desktop/workspace/finalProject/src/db/sql/sql.connection.ts":{"path":"/Users/dorbirendof/Desktop/workspace/finalProject/src/db/sql/sql.connection.ts","statementMap":{"0":{"start":{"line":13,"column":4},"end":{"line":13,"column":10}},"1":{"start":{"line":16,"column":2},"end":{"line":16,"column":19}},"2":{"start":{"line":16,"column":9},"end":{"line":16,"column":19}},"3":{"start":{"line":17,"column":4},"end":{"line":23,"column":9}},"4":{"start":{"line":24,"column":6},"end":{"line":24,"column":25}},"5":{"start":{"line":25,"column":6},"end":{"line":25,"column":50}}},"fnMap":{"0":{"name":"connectDb","decl":{"start":{"line":15,"column":22},"end":{"line":15,"column":31}},"loc":{"start":{"line":15,"column":66},"end":{"line":26,"column":5}},"line":15}},"branchMap":{"0":{"loc":{"start":{"line":8,"column":4},"end":{"line":8,"column":23}},"type":"default-arg","locations":[{"start":{"line":8,"column":12},"end":{"line":8,"column":23}}],"line":8},"1":{"loc":{"start":{"line":9,"column":4},"end":{"line":9,"column":18}},"type":"default-arg","locations":[{"start":{"line":9,"column":12},"end":{"line":9,"column":18}}],"line":9},"2":{"loc":{"start":{"line":10,"column":4},"end":{"line":10,"column":20}},"type":"default-arg","locations":[{"start":{"line":10,"column":12},"end":{"line":10,"column":20}}],"line":10},"3":{"loc":{"start":{"line":11,"column":4},"end":{"line":11,"column":23}},"type":"default-arg","locations":[{"start":{"line":11,"column":17},"end":{"line":11,"column":23}}],"line":11},"4":{"loc":{"start":{"line":12,"column":4},"end":{"line":12,"column":29}},"type":"default-arg","locations":[{"start":{"line":12,"column":21},"end":{"line":12,"column":29}}],"line":12},"5":{"loc":{"start":{"line":16,"column":2},"end":{"line":16,"column":19}},"type":"if","locations":[{"start":{"line":16,"column":2},"end":{"line":16,"column":19}},{"start":{"line":16,"column":2},"end":{"line":16,"column":19}}],"line":16}},"s":{"0":0,"1":0,"2":0,"3":0,"4":0,"5":0},"f":{"0":0},"b":{"0":[0],"1":[0],"2":[0],"3":[0],"4":[0],"5":[0,0]},"all":true},"/Users/dorbirendof/Desktop/workspace/finalProject/src/exceptions/errorFactoryClass.ts":{"path":"/Users/dorbirendof/Desktop/workspace/finalProject/src/exceptions/errorFactoryClass.ts","statementMap":{"0":{"start":{"line":14,"column":30},"end":{"line":14,"column":48}},"1":{"start":{"line":15,"column":21},"end":{"line":15,"column":44}},"2":{"start":{"line":16,"column":28},"end":{"line":16,"column":56}},"3":{"start":{"line":18,"column":8},"end":{"line":43,"column":10}},"4":{"start":{"line":20,"column":15},"end":{"line":20,"column":61}},"5":{"start":{"line":23,"column":16},"end":{"line":23,"column":67}},"6":{"start":{"line":26,"column":16},"end":{"line":26,"column":71}},"7":{"start":{"line":29,"column":16},"end":{"line":29,"column":69}},"8":{"start":{"line":32,"column":16},"end":{"line":32,"column":71}},"9":{"start":{"line":35,"column":16},"end":{"line":35,"column":57}},"10":{"start":{"line":38,"column":16},"end":{"line":38,"column":63}},"11":{"start":{"line":41,"column":15},"end":{"line":41,"column":63}},"12":{"start":{"line":47,"column":21},"end":{"line":47,"column":48}}},"fnMap":{"0":{"name":"(anonymous_0)","decl":{"start":{"line":13,"column":4},"end":{"line":13,"column":5}},"loc":{"start":{"line":13,"column":41},"end":{"line":44,"column":5}},"line":13}},"branchMap":{"0":{"loc":{"start":{"line":16,"column":28},"end":{"line":16,"column":56}},"type":"binary-expr","locations":[{"start":{"line":16,"column":28},"end":{"line":16,"column":52}},{"start":{"line":16,"column":54},"end":{"line":16,"column":56}}],"line":16},"1":{"loc":{"start":{"line":18,"column":8},"end":{"line":43,"column":10}},"type":"switch","locations":[{"start":{"line":19,"column":12},"end":{"line":21,"column":13}},{"start":{"line":22,"column":12},"end":{"line":24,"column":13}},{"start":{"line":25,"column":12},"end":{"line":27,"column":13}},{"start":{"line":28,"column":12},"end":{"line":30,"column":13}},{"start":{"line":31,"column":12},"end":{"line":33,"column":13}},{"start":{"line":34,"column":12},"end":{"line":36,"column":13}},{"start":{"line":37,"column":12},"end":{"line":39,"column":13}},{"start":{"line":40,"column":12},"end":{"line":42,"column":13}}],"line":18}},"s":{"0":0,"1":0,"2":0,"3":0,"4":0,"5":0,"6":0,"7":0,"8":0,"9":0,"10":0,"11":0,"12":0},"f":{"0":0},"b":{"0":[0,0],"1":[0,0,0,0,0,0,0,0]},"all":true},"/Users/dorbirendof/Desktop/workspace/finalProject/src/exceptions/HttpAccountBallanceTooLowError.ts":{"path":"/Users/dorbirendof/Desktop/workspace/finalProject/src/exceptions/HttpAccountBallanceTooLowError.ts","statementMap":{"0":{"start":{"line":6,"column":8},"end":{"line":6,"column":46}},"1":{"start":{"line":10,"column":8},"end":{"line":12,"column":14}}},"fnMap":{"0":{"name":"(anonymous_0)","decl":{"start":{"line":5,"column":4},"end":{"line":5,"column":5}},"loc":{"start":{"line":5,"column":44},"end":{"line":7,"column":5}},"line":5},"1":{"name":"(anonymous_1)","decl":{"start":{"line":9,"column":4},"end":{"line":9,"column":5}},"loc":{"start":{"line":9,"column":23},"end":{"line":13,"column":5}},"line":9}},"branchMap":{},"s":{"0":0,"1":0},"f":{"0":0,"1":0},"b":{},"all":true},"/Users/dorbirendof/Desktop/workspace/finalProject/src/exceptions/HttpAccountDoesNotExistError.ts":{"path":"/Users/dorbirendof/Desktop/workspace/finalProject/src/exceptions/HttpAccountDoesNotExistError.ts","statementMap":{"0":{"start":{"line":6,"column":8},"end":{"line":6,"column":44}},"1":{"start":{"line":10,"column":8},"end":{"line":12,"column":14}}},"fnMap":{"0":{"name":"(anonymous_0)","decl":{"start":{"line":5,"column":4},"end":{"line":5,"column":5}},"loc":{"start":{"line":5,"column":44},"end":{"line":7,"column":5}},"line":5},"1":{"name":"(anonymous_1)","decl":{"start":{"line":9,"column":4},"end":{"line":9,"column":5}},"loc":{"start":{"line":9,"column":23},"end":{"line":13,"column":5}},"line":9}},"branchMap":{},"s":{"0":0,"1":0},"f":{"0":0,"1":0},"b":{},"all":true},"/Users/dorbirendof/Desktop/workspace/finalProject/src/exceptions/HttpDataNotFoundError.ts":{"path":"/Users/dorbirendof/Desktop/workspace/finalProject/src/exceptions/HttpDataNotFoundError.ts","statementMap":{"0":{"start":{"line":6,"column":8},"end":{"line":6,"column":36}},"1":{"start":{"line":10,"column":8},"end":{"line":12,"column":14}}},"fnMap":{"0":{"name":"(anonymous_0)","decl":{"start":{"line":5,"column":4},"end":{"line":5,"column":5}},"loc":{"start":{"line":5,"column":44},"end":{"line":7,"column":5}},"line":5},"1":{"name":"(anonymous_1)","decl":{"start":{"line":9,"column":4},"end":{"line":9,"column":5}},"loc":{"start":{"line":9,"column":23},"end":{"line":13,"column":5}},"line":9}},"branchMap":{},"s":{"0":0,"1":0},"f":{"0":0,"1":0},"b":{},"all":true},"/Users/dorbirendof/Desktop/workspace/finalProject/src/exceptions/httpError.ts":{"path":"/Users/dorbirendof/Desktop/workspace/finalProject/src/exceptions/httpError.ts","statementMap":{"0":{"start":{"line":4,"column":8},"end":{"line":4,"column":23}},"1":{"start":{"line":7,"column":8},"end":{"line":9,"column":14}}},"fnMap":{"0":{"name":"(anonymous_0)","decl":{"start":{"line":3,"column":4},"end":{"line":3,"column":5}},"loc":{"start":{"line":3,"column":67},"end":{"line":5,"column":5}},"line":3},"1":{"name":"(anonymous_1)","decl":{"start":{"line":6,"column":4},"end":{"line":6,"column":5}},"loc":{"start":{"line":6,"column":23},"end":{"line":10,"column":5}},"line":6}},"branchMap":{},"s":{"0":0,"1":0},"f":{"0":0,"1":0},"b":{},"all":true},"/Users/dorbirendof/Desktop/workspace/finalProject/src/exceptions/HttpInvalidAmountError.ts":{"path":"/Users/dorbirendof/Desktop/workspace/finalProject/src/exceptions/HttpInvalidAmountError.ts","statementMap":{"0":{"start":{"line":6,"column":8},"end":{"line":6,"column":42}},"1":{"start":{"line":10,"column":8},"end":{"line":12,"column":14}}},"fnMap":{"0":{"name":"(anonymous_0)","decl":{"start":{"line":5,"column":4},"end":{"line":5,"column":5}},"loc":{"start":{"line":5,"column":44},"end":{"line":7,"column":5}},"line":5},"1":{"name":"(anonymous_1)","decl":{"start":{"line":9,"column":4},"end":{"line":9,"column":5}},"loc":{"start":{"line":9,"column":23},"end":{"line":13,"column":5}},"line":9}},"branchMap":{},"s":{"0":0,"1":0},"f":{"0":0,"1":0},"b":{},"all":true},"/Users/dorbirendof/Desktop/workspace/finalProject/src/exceptions/HttpInvalidFieldError.ts":{"path":"/Users/dorbirendof/Desktop/workspace/finalProject/src/exceptions/HttpInvalidFieldError.ts","statementMap":{"0":{"start":{"line":5,"column":8},"end":{"line":5,"column":35}},"1":{"start":{"line":8,"column":8},"end":{"line":10,"column":14}}},"fnMap":{"0":{"name":"(anonymous_0)","decl":{"start":{"line":4,"column":4},"end":{"line":4,"column":5}},"loc":{"start":{"line":4,"column":44},"end":{"line":6,"column":5}},"line":4},"1":{"name":"(anonymous_1)","decl":{"start":{"line":7,"column":4},"end":{"line":7,"column":5}},"loc":{"start":{"line":7,"column":23},"end":{"line":11,"column":5}},"line":7}},"branchMap":{},"s":{"0":0,"1":0},"f":{"0":0,"1":0},"b":{},"all":true},"/Users/dorbirendof/Desktop/workspace/finalProject/src/exceptions/HttpInvalidFieldValueError.ts":{"path":"/Users/dorbirendof/Desktop/workspace/finalProject/src/exceptions/HttpInvalidFieldValueError.ts","statementMap":{"0":{"start":{"line":6,"column":8},"end":{"line":6,"column":41}},"1":{"start":{"line":10,"column":8},"end":{"line":12,"column":14}}},"fnMap":{"0":{"name":"(anonymous_0)","decl":{"start":{"line":5,"column":4},"end":{"line":5,"column":5}},"loc":{"start":{"line":5,"column":44},"end":{"line":7,"column":5}},"line":5},"1":{"name":"(anonymous_1)","decl":{"start":{"line":9,"column":4},"end":{"line":9,"column":5}},"loc":{"start":{"line":9,"column":23},"end":{"line":13,"column":5}},"line":9}},"branchMap":{},"s":{"0":0,"1":0},"f":{"0":0,"1":0},"b":{},"all":true},"/Users/dorbirendof/Desktop/workspace/finalProject/src/exceptions/HttpMissingRequieredFieldError.ts":{"path":"/Users/dorbirendof/Desktop/workspace/finalProject/src/exceptions/HttpMissingRequieredFieldError.ts","statementMap":{"0":{"start":{"line":6,"column":8},"end":{"line":6,"column":45}},"1":{"start":{"line":10,"column":8},"end":{"line":12,"column":14}}},"fnMap":{"0":{"name":"(anonymous_0)","decl":{"start":{"line":5,"column":4},"end":{"line":5,"column":5}},"loc":{"start":{"line":5,"column":44},"end":{"line":7,"column":5}},"line":5},"1":{"name":"(anonymous_1)","decl":{"start":{"line":9,"column":4},"end":{"line":9,"column":5}},"loc":{"start":{"line":9,"column":23},"end":{"line":13,"column":5}},"line":9}},"branchMap":{},"s":{"0":0,"1":0},"f":{"0":0,"1":0},"b":{},"all":true},"/Users/dorbirendof/Desktop/workspace/finalProject/src/family/family.db.ts":{"path":"/Users/dorbirendof/Desktop/workspace/finalProject/src/family/family.db.ts","statementMap":{"0":{"start":{"line":12,"column":4},"end":{"line":23,"column":5}},"1":{"start":{"line":13,"column":8},"end":{"line":13,"column":57}},"2":{"start":{"line":15,"column":27},"end":{"line":15,"column":76}},"3":{"start":{"line":16,"column":8},"end":{"line":16,"column":74}},"4":{"start":{"line":17,"column":8},"end":{"line":17,"column":58}},"5":{"start":{"line":19,"column":8},"end":{"line":19,"column":26}},"6":{"start":{"line":21,"column":9},"end":{"line":21,"column":61}},"7":{"start":{"line":22,"column":8},"end":{"line":22,"column":20}},"8":{"start":{"line":28,"column":4},"end":{"line":40,"column":5}},"9":{"start":{"line":29,"column":9},"end":{"line":29,"column":67}},"10":{"start":{"line":30,"column":27},"end":{"line":30,"column":130}},"11":{"start":{"line":31,"column":8},"end":{"line":33,"column":9}},"12":{"start":{"line":32,"column":12},"end":{"line":32,"column":45}},"13":{"start":{"line":34,"column":30},"end":{"line":34,"column":98}},"14":{"start":{"line":35,"column":9},"end":{"line":35,"column":68}},"15":{"start":{"line":36,"column":8},"end":{"line":36,"column":29}},"16":{"start":{"line":38,"column":9},"end":{"line":38,"column":67}},"17":{"start":{"line":39,"column":8},"end":{"line":39,"column":20}},"18":{"start":{"line":44,"column":4},"end":{"line":54,"column":5}},"19":{"start":{"line":45,"column":9},"end":{"line":45,"column":60}},"20":{"start":{"line":47,"column":8},"end":{"line":47,"column":76}},"21":{"start":{"line":48,"column":9},"end":{"line":48,"column":57}},"22":{"start":{"line":50,"column":8},"end":{"line":50,"column":22}},"23":{"start":{"line":52,"column":9},"end":{"line":52,"column":62}},"24":{"start":{"line":53,"column":8},"end":{"line":53,"column":20}},"25":{"start":{"line":58,"column":4},"end":{"line":69,"column":5}},"26":{"start":{"line":59,"column":9},"end":{"line":59,"column":62}},"27":{"start":{"line":61,"column":23},"end":{"line":61,"column":140}},"28":{"start":{"line":62,"column":28},"end":{"line":62,"column":85}},"29":{"start":{"line":62,"column":45},"end":{"line":62,"column":83}},"30":{"start":{"line":63,"column":9},"end":{"line":63,"column":62}},"31":{"start":{"line":65,"column":8},"end":{"line":65,"column":27}},"32":{"start":{"line":67,"column":9},"end":{"line":67,"column":63}},"33":{"start":{"line":68,"column":8},"end":{"line":68,"column":20}},"34":{"start":{"line":73,"column":4},"end":{"line":86,"column":5}},"35":{"start":{"line":74,"column":9},"end":{"line":74,"column":65}},"36":{"start":{"line":75,"column":27},"end":{"line":75,"column":129}},"37":{"start":{"line":76,"column":8},"end":{"line":78,"column":9}},"38":{"start":{"line":77,"column":12},"end":{"line":77,"column":45}},"39":{"start":{"line":80,"column":30},"end":{"line":80,"column":97}},"40":{"start":{"line":81,"column":9},"end":{"line":81,"column":67}},"41":{"start":{"line":82,"column":8},"end":{"line":82,"column":29}},"42":{"start":{"line":84,"column":9},"end":{"line":84,"column":66}},"43":{"start":{"line":85,"column":8},"end":{"line":85,"column":20}},"44":{"start":{"line":90,"column":4},"end":{"line":100,"column":5}},"45":{"start":{"line":91,"column":9},"end":{"line":91,"column":57}},"46":{"start":{"line":93,"column":8},"end":{"line":93,"column":71}},"47":{"start":{"line":94,"column":9},"end":{"line":94,"column":54}},"48":{"start":{"line":96,"column":8},"end":{"line":96,"column":22}},"49":{"start":{"line":98,"column":9},"end":{"line":98,"column":59}},"50":{"start":{"line":99,"column":8},"end":{"line":99,"column":20}},"51":{"start":{"line":104,"column":4},"end":{"line":124,"column":5}},"52":{"start":{"line":105,"column":9},"end":{"line":105,"column":60}},"53":{"start":{"line":107,"column":23},"end":{"line":110,"column":77}},"54":{"start":{"line":111,"column":8},"end":{"line":120,"column":9}},"55":{"start":{"line":112,"column":13},"end":{"line":112,"column":55}},"56":{"start":{"line":114,"column":12},"end":{"line":114,"column":21}},"57":{"start":{"line":116,"column":32},"end":{"line":116,"column":91}},"58":{"start":{"line":117,"column":13},"end":{"line":117,"column":64}},"59":{"start":{"line":119,"column":12},"end":{"line":119,"column":31}},"60":{"start":{"line":122,"column":9},"end":{"line":122,"column":61}},"61":{"start":{"line":123,"column":8},"end":{"line":123,"column":20}},"62":{"start":{"line":129,"column":4},"end":{"line":140,"column":5}},"63":{"start":{"line":130,"column":9},"end":{"line":130,"column":80}},"64":{"start":{"line":132,"column":20},"end":{"line":132,"column":139}},"65":{"start":{"line":132,"column":99},"end":{"line":132,"column":134}},"66":{"start":{"line":133,"column":9},"end":{"line":133,"column":62}},"67":{"start":{"line":134,"column":8},"end":{"line":134,"column":25}},"68":{"start":{"line":135,"column":8},"end":{"line":135,"column":19}},"69":{"start":{"line":138,"column":9},"end":{"line":138,"column":71}},"70":{"start":{"line":139,"column":8},"end":{"line":139,"column":20}},"71":{"start":{"line":144,"column":4},"end":{"line":153,"column":5}},"72":{"start":{"line":145,"column":9},"end":{"line":145,"column":84}},"73":{"start":{"line":146,"column":25},"end":{"line":146,"column":95}},"74":{"start":{"line":146,"column":45},"end":{"line":146,"column":81}},"75":{"start":{"line":147,"column":22},"end":{"line":147,"column":118}},"76":{"start":{"line":148,"column":9},"end":{"line":148,"column":67}},"77":{"start":{"line":149,"column":8},"end":{"line":149,"column":19}},"78":{"start":{"line":151,"column":9},"end":{"line":151,"column":76}},"79":{"start":{"line":152,"column":8},"end":{"line":152,"column":20}},"80":{"start":{"line":157,"column":4},"end":{"line":167,"column":5}},"81":{"start":{"line":158,"column":8},"end":{"line":158,"column":55}},"82":{"start":{"line":160,"column":84},"end":{"line":160,"column":87}},"83":{"start":{"line":161,"column":32},"end":{"line":161,"column":98}},"84":{"start":{"line":162,"column":8},"end":{"line":162,"column":55}},"85":{"start":{"line":163,"column":8},"end":{"line":163,"column":21}},"86":{"start":{"line":165,"column":8},"end":{"line":165,"column":61}},"87":{"start":{"line":166,"column":8},"end":{"line":166,"column":20}}},"fnMap":{"0":{"name":"createFamilyAccount","decl":{"start":{"line":11,"column":22},"end":{"line":11,"column":41}},"loc":{"start":{"line":11,"column":85},"end":{"line":24,"column":1}},"line":11},"1":{"name":"getFamilyAccountByIdShort","decl":{"start":{"line":27,"column":22},"end":{"line":27,"column":47}},"loc":{"start":{"line":27,"column":85},"end":{"line":41,"column":1}},"line":27},"2":{"name":"addOwners_idToFamily","decl":{"start":{"line":43,"column":15},"end":{"line":43,"column":35}},"loc":{"start":{"line":43,"column":72},"end":{"line":55,"column":1}},"line":43},"3":{"name":"getAllFamilyMembersId","decl":{"start":{"line":57,"column":22},"end":{"line":57,"column":43}},"loc":{"start":{"line":57,"column":97},"end":{"line":70,"column":1}},"line":57},"4":{"name":"(anonymous_4)","decl":{"start":{"line":62,"column":37},"end":{"line":62,"column":38}},"loc":{"start":{"line":62,"column":44},"end":{"line":62,"column":84}},"line":62},"5":{"name":"getFamilyAccountByIdFull","decl":{"start":{"line":72,"column":22},"end":{"line":72,"column":46}},"loc":{"start":{"line":72,"column":83},"end":{"line":87,"column":1}},"line":72},"6":{"name":"addOwnersToFamily","decl":{"start":{"line":89,"column":15},"end":{"line":89,"column":32}},"loc":{"start":{"line":89,"column":69},"end":{"line":101,"column":1}},"line":89},"7":{"name":"getAllFamilyMembers","decl":{"start":{"line":103,"column":22},"end":{"line":103,"column":41}},"loc":{"start":{"line":103,"column":84},"end":{"line":125,"column":1}},"line":103},"8":{"name":"addIndividualsToFamilyAccount","decl":{"start":{"line":128,"column":22},"end":{"line":128,"column":51}},"loc":{"start":{"line":128,"column":107},"end":{"line":141,"column":1}},"line":128},"9":{"name":"(anonymous_9)","decl":{"start":{"line":132,"column":80},"end":{"line":132,"column":81}},"loc":{"start":{"line":132,"column":97},"end":{"line":132,"column":136}},"line":132},"10":{"name":"removeIndividualsFromFamilyAccount","decl":{"start":{"line":143,"column":22},"end":{"line":143,"column":56}},"loc":{"start":{"line":143,"column":121},"end":{"line":154,"column":1}},"line":143},"11":{"name":"(anonymous_11)","decl":{"start":{"line":146,"column":37},"end":{"line":146,"column":38}},"loc":{"start":{"line":146,"column":45},"end":{"line":146,"column":81}},"line":146},"12":{"name":"extractFamilyFromObj","decl":{"start":{"line":156,"column":16},"end":{"line":156,"column":36}},"loc":{"start":{"line":156,"column":60},"end":{"line":168,"column":1}},"line":156}},"branchMap":{"0":{"loc":{"start":{"line":31,"column":8},"end":{"line":33,"column":9}},"type":"if","locations":[{"start":{"line":31,"column":8},"end":{"line":33,"column":9}},{"start":{"line":31,"column":8},"end":{"line":33,"column":9}}],"line":31},"1":{"loc":{"start":{"line":76,"column":8},"end":{"line":78,"column":9}},"type":"if","locations":[{"start":{"line":76,"column":8},"end":{"line":78,"column":9}},{"start":{"line":76,"column":8},"end":{"line":78,"column":9}}],"line":76},"2":{"loc":{"start":{"line":111,"column":8},"end":{"line":120,"column":9}},"type":"if","locations":[{"start":{"line":111,"column":8},"end":{"line":120,"column":9}},{"start":{"line":111,"column":8},"end":{"line":120,"column":9}}],"line":111}},"s":{"0":0,"1":0,"2":0,"3":0,"4":0,"5":0,"6":0,"7":0,"8":0,"9":0,"10":0,"11":0,"12":0,"13":0,"14":0,"15":0,"16":0,"17":0,"18":0,"19":0,"20":0,"21":0,"22":0,"23":0,"24":0,"25":0,"26":0,"27":0,"28":0,"29":0,"30":0,"31":0,"32":0,"33":0,"34":0,"35":0,"36":0,"37":0,"38":0,"39":0,"40":0,"41":0,"42":0,"43":0,"44":0,"45":0,"46":0,"47":0,"48":0,"49":0,"50":0,"51":0,"52":0,"53":0,"54":0,"55":0,"56":0,"57":0,"58":0,"59":0,"60":0,"61":0,"62":0,"63":0,"64":0,"65":0,"66":0,"67":0,"68":0,"69":0,"70":0,"71":0,"72":0,"73":0,"74":0,"75":0,"76":0,"77":0,"78":0,"79":0,"80":0,"81":0,"82":0,"83":0,"84":0,"85":0,"86":0,"87":0},"f":{"0":0,"1":0,"2":0,"3":0,"4":0,"5":0,"6":0,"7":0,"8":0,"9":0,"10":0,"11":0,"12":0},"b":{"0":[0,0],"1":[0,0],"2":[0,0]},"all":true},"/Users/dorbirendof/Desktop/workspace/finalProject/src/family/family.router.ts":{"path":"/Users/dorbirendof/Desktop/workspace/finalProject/src/family/family.router.ts","statementMap":{"0":{"start":{"line":13,"column":15},"end":{"line":13,"column":31}},"1":{"start":{"line":18,"column":0},"end":{"line":26,"column":6}},"2":{"start":{"line":19,"column":11},"end":{"line":19,"column":122}},"3":{"start":{"line":20,"column":12},"end":{"line":20,"column":73}},"4":{"start":{"line":21,"column":40},"end":{"line":24,"column":12}},"5":{"start":{"line":25,"column":2},"end":{"line":25,"column":35}},"6":{"start":{"line":29,"column":0},"end":{"line":32,"column":6}},"7":{"start":{"line":30,"column":16},"end":{"line":30,"column":76}},"8":{"start":{"line":31,"column":4},"end":{"line":31,"column":30}},"9":{"start":{"line":35,"column":2},"end":{"line":39,"column":6}},"10":{"start":{"line":36,"column":4},"end":{"line":36,"column":30}},"11":{"start":{"line":37,"column":16},"end":{"line":37,"column":77}},"12":{"start":{"line":38,"column":4},"end":{"line":38,"column":30}},"13":{"start":{"line":42,"column":4},"end":{"line":45,"column":10}},"14":{"start":{"line":43,"column":20},"end":{"line":43,"column":74}},"15":{"start":{"line":44,"column":8},"end":{"line":44,"column":34}},"16":{"start":{"line":48,"column":0},"end":{"line":51,"column":6}},"17":{"start":{"line":49,"column":14},"end":{"line":49,"column":112}},"18":{"start":{"line":50,"column":4},"end":{"line":50,"column":30}},"19":{"start":{"line":54,"column":4},"end":{"line":57,"column":8}},"20":{"start":{"line":55,"column":16},"end":{"line":55,"column":119}},"21":{"start":{"line":56,"column":6},"end":{"line":56,"column":32}}},"fnMap":{"0":{"name":"(anonymous_0)","decl":{"start":{"line":18,"column":46},"end":{"line":18,"column":47}},"loc":{"start":{"line":18,"column":83},"end":{"line":26,"column":3}},"line":18},"1":{"name":"(anonymous_1)","decl":{"start":{"line":29,"column":51},"end":{"line":29,"column":52}},"loc":{"start":{"line":29,"column":88},"end":{"line":32,"column":3}},"line":29},"2":{"name":"(anonymous_2)","decl":{"start":{"line":35,"column":54},"end":{"line":35,"column":55}},"loc":{"start":{"line":35,"column":91},"end":{"line":39,"column":3}},"line":35},"3":{"name":"(anonymous_3)","decl":{"start":{"line":42,"column":57},"end":{"line":42,"column":58}},"loc":{"start":{"line":42,"column":94},"end":{"line":45,"column":7}},"line":42},"4":{"name":"(anonymous_4)","decl":{"start":{"line":48,"column":56},"end":{"line":48,"column":57}},"loc":{"start":{"line":48,"column":93},"end":{"line":51,"column":3}},"line":48},"5":{"name":"(anonymous_5)","decl":{"start":{"line":54,"column":63},"end":{"line":54,"column":64}},"loc":{"start":{"line":54,"column":100},"end":{"line":57,"column":5}},"line":54}},"branchMap":{},"s":{"0":0,"1":0,"2":0,"3":0,"4":0,"5":0,"6":0,"7":0,"8":0,"9":0,"10":0,"11":0,"12":0,"13":0,"14":0,"15":0,"16":0,"17":0,"18":0,"19":0,"20":0,"21":0},"f":{"0":0,"1":0,"2":0,"3":0,"4":0,"5":0},"b":{},"all":true},"/Users/dorbirendof/Desktop/workspace/finalProject/src/family/family.services.ts":{"path":"/Users/dorbirendof/Desktop/workspace/finalProject/src/family/family.services.ts","statementMap":{"0":{"start":{"line":31,"column":4},"end":{"line":66,"column":1}},"1":{"start":{"line":32,"column":4},"end":{"line":32,"column":67}},"2":{"start":{"line":33,"column":24},"end":{"line":33,"column":52}},"3":{"start":{"line":34,"column":35},"end":{"line":34,"column":99}},"4":{"start":{"line":59,"column":8},"end":{"line":59,"column":56}},"5":{"start":{"line":60,"column":18},"end":{"line":60,"column":61}},"6":{"start":{"line":61,"column":8},"end":{"line":61,"column":55}},"7":{"start":{"line":62,"column":8},"end":{"line":62,"column":19}},"8":{"start":{"line":64,"column":4},"end":{"line":64,"column":60}},"9":{"start":{"line":65,"column":3},"end":{"line":65,"column":15}},"10":{"start":{"line":70,"column":4},"end":{"line":78,"column":1}},"11":{"start":{"line":71,"column":10},"end":{"line":71,"column":64}},"12":{"start":{"line":72,"column":14},"end":{"line":72,"column":73}},"13":{"start":{"line":73,"column":4},"end":{"line":73,"column":52}},"14":{"start":{"line":74,"column":4},"end":{"line":74,"column":15}},"15":{"start":{"line":76,"column":4},"end":{"line":76,"column":62}},"16":{"start":{"line":77,"column":3},"end":{"line":77,"column":15}},"17":{"start":{"line":84,"column":4},"end":{"line":92,"column":5}},"18":{"start":{"line":85,"column":12},"end":{"line":85,"column":65}},"19":{"start":{"line":86,"column":22},"end":{"line":86,"column":80}},"20":{"start":{"line":87,"column":12},"end":{"line":87,"column":59}},"21":{"start":{"line":88,"column":12},"end":{"line":88,"column":23}},"22":{"start":{"line":90,"column":12},"end":{"line":90,"column":69}},"23":{"start":{"line":91,"column":11},"end":{"line":91,"column":23}},"24":{"start":{"line":96,"column":4},"end":{"line":115,"column":9}},"25":{"start":{"line":97,"column":4},"end":{"line":97,"column":54}},"26":{"start":{"line":98,"column":19},"end":{"line":98,"column":59}},"27":{"start":{"line":99,"column":4},"end":{"line":103,"column":5}},"28":{"start":{"line":100,"column":8},"end":{"line":102,"column":10}},"29":{"start":{"line":104,"column":4},"end":{"line":108,"column":5}},"30":{"start":{"line":105,"column":8},"end":{"line":107,"column":10}},"31":{"start":{"line":109,"column":14},"end":{"line":109,"column":78}},"32":{"start":{"line":110,"column":4},"end":{"line":110,"column":45}},"33":{"start":{"line":111,"column":4},"end":{"line":111,"column":15}},"34":{"start":{"line":113,"column":12},"end":{"line":113,"column":63}},"35":{"start":{"line":114,"column":11},"end":{"line":114,"column":23}},"36":{"start":{"line":123,"column":4},"end":{"line":156,"column":1}},"37":{"start":{"line":124,"column":8},"end":{"line":124,"column":80}},"38":{"start":{"line":125,"column":23},"end":{"line":125,"column":64}},"39":{"start":{"line":126,"column":30},"end":{"line":126,"column":79}},"40":{"start":{"line":126,"column":70},"end":{"line":126,"column":78}},"41":{"start":{"line":128,"column":12},"end":{"line":128,"column":76}},"42":{"start":{"line":129,"column":8},"end":{"line":129,"column":63}},"43":{"start":{"line":130,"column":53},"end":{"line":136,"column":10}},"44":{"start":{"line":131,"column":26},"end":{"line":134,"column":13}},"45":{"start":{"line":131,"column":47},"end":{"line":131,"column":76}},"46":{"start":{"line":135,"column":12},"end":{"line":135,"column":58}},"47":{"start":{"line":137,"column":48},"end":{"line":140,"column":9}},"48":{"start":{"line":139,"column":43},"end":{"line":139,"column":58}},"49":{"start":{"line":141,"column":8},"end":{"line":141,"column":47}},"50":{"start":{"line":142,"column":8},"end":{"line":142,"column":67}},"51":{"start":{"line":143,"column":8},"end":{"line":146,"column":10}},"52":{"start":{"line":148,"column":12},"end":{"line":150,"column":59}},"53":{"start":{"line":151,"column":16},"end":{"line":151,"column":68}},"54":{"start":{"line":152,"column":8},"end":{"line":152,"column":19}},"55":{"start":{"line":154,"column":12},"end":{"line":154,"column":74}},"56":{"start":{"line":155,"column":11},"end":{"line":155,"column":23}},"57":{"start":{"line":164,"column":4},"end":{"line":198,"column":9}},"58":{"start":{"line":165,"column":8},"end":{"line":165,"column":86}},"59":{"start":{"line":166,"column":23},"end":{"line":166,"column":63}},"60":{"start":{"line":167,"column":40},"end":{"line":167,"column":119}},"61":{"start":{"line":168,"column":8},"end":{"line":168,"column":59}},"62":{"start":{"line":169,"column":28},"end":{"line":169,"column":29}},"63":{"start":{"line":170,"column":8},"end":{"line":172,"column":9}},"64":{"start":{"line":171,"column":12},"end":{"line":171,"column":56}},"65":{"start":{"line":173,"column":8},"end":{"line":175,"column":9}},"66":{"start":{"line":174,"column":12},"end":{"line":174,"column":73}},"67":{"start":{"line":176,"column":53},"end":{"line":179,"column":10}},"68":{"start":{"line":177,"column":26},"end":{"line":177,"column":96}},"69":{"start":{"line":177,"column":47},"end":{"line":177,"column":76}},"70":{"start":{"line":178,"column":12},"end":{"line":178,"column":58}},"71":{"start":{"line":180,"column":48},"end":{"line":183,"column":9}},"72":{"start":{"line":184,"column":8},"end":{"line":184,"column":47}},"73":{"start":{"line":185,"column":8},"end":{"line":185,"column":67}},"74":{"start":{"line":186,"column":8},"end":{"line":189,"column":10}},"75":{"start":{"line":190,"column":17},"end":{"line":191,"column":90}},"76":{"start":{"line":192,"column":8},"end":{"line":192,"column":66}},"77":{"start":{"line":193,"column":8},"end":{"line":193,"column":19}},"78":{"start":{"line":196,"column":8},"end":{"line":196,"column":75}},"79":{"start":{"line":197,"column":9},"end":{"line":197,"column":21}}},"fnMap":{"0":{"name":"createFamilyAccount","decl":{"start":{"line":26,"column":22},"end":{"line":26,"column":41}},"loc":{"start":{"line":30,"column":16},"end":{"line":67,"column":1}},"line":30},"1":{"name":"getFamilyAccountByIdShort","decl":{"start":{"line":69,"column":22},"end":{"line":69,"column":47}},"loc":{"start":{"line":69,"column":84},"end":{"line":79,"column":1}},"line":69},"2":{"name":"getFamilyAccountByIdFull","decl":{"start":{"line":81,"column":22},"end":{"line":81,"column":46}},"loc":{"start":{"line":83,"column":20},"end":{"line":93,"column":1}},"line":83},"3":{"name":"closeFamilyAccount","decl":{"start":{"line":95,"column":22},"end":{"line":95,"column":40}},"loc":{"start":{"line":95,"column":73},"end":{"line":116,"column":1}},"line":95},"4":{"name":"addIndividualsToFamilyAccount","decl":{"start":{"line":118,"column":22},"end":{"line":118,"column":51}},"loc":{"start":{"line":122,"column":16},"end":{"line":157,"column":1}},"line":122},"5":{"name":"(anonymous_5)","decl":{"start":{"line":126,"column":41},"end":{"line":126,"column":42}},"loc":{"start":{"line":126,"column":70},"end":{"line":126,"column":78}},"line":126},"6":{"name":"(anonymous_6)","decl":{"start":{"line":130,"column":66},"end":{"line":130,"column":67}},"loc":{"start":{"line":130,"column":79},"end":{"line":136,"column":9}},"line":130},"7":{"name":"(anonymous_7)","decl":{"start":{"line":131,"column":38},"end":{"line":131,"column":39}},"loc":{"start":{"line":131,"column":47},"end":{"line":131,"column":76}},"line":131},"8":{"name":"(anonymous_8)","decl":{"start":{"line":139,"column":26},"end":{"line":139,"column":27}},"loc":{"start":{"line":139,"column":43},"end":{"line":139,"column":58}},"line":139},"9":{"name":"removeIndividualsFromFamilyAccount","decl":{"start":{"line":159,"column":22},"end":{"line":159,"column":56}},"loc":{"start":{"line":163,"column":16},"end":{"line":199,"column":1}},"line":163},"10":{"name":"(anonymous_10)","decl":{"start":{"line":176,"column":66},"end":{"line":176,"column":67}},"loc":{"start":{"line":176,"column":79},"end":{"line":179,"column":9}},"line":176},"11":{"name":"(anonymous_11)","decl":{"start":{"line":177,"column":38},"end":{"line":177,"column":39}},"loc":{"start":{"line":177,"column":47},"end":{"line":177,"column":76}},"line":177}},"branchMap":{"0":{"loc":{"start":{"line":99,"column":4},"end":{"line":103,"column":5}},"type":"if","locations":[{"start":{"line":99,"column":4},"end":{"line":103,"column":5}},{"start":{"line":99,"column":4},"end":{"line":103,"column":5}}],"line":99},"1":{"loc":{"sta
[...]
7},"end":{"line":56,"column":32}},"loc":{"start":{"line":56,"column":80},"end":{"line":68,"column":1}},"line":56},"6":{"name":"hasTimeout","decl":{"start":{"line":71,"column":16},"end":{"line":71,"column":26}},"loc":{"start":{"line":71,"column":73},"end":{"line":85,"column":1}},"line":71}},"branchMap":{"0":{"loc":{"start":{"line":41,"column":7},"end":{"line":48,"column":7}},"type":"if","locations":[{"start":{"line":41,"column":7},"end":{"line":48,"column":7}},{"start":{"line":41,"column":7},"end":{"line":48,"column":7}}],"line":41}},"s":{"0":0,"1":0,"2":0,"3":0,"4":0,"5":0,"6":0,"7":0,"8":0,"9":0,"10":0,"11":0,"12":0,"13":0,"14":0,"15":0,"16":0,"17":0,"18":0,"19":0,"20":0,"21":0,"22":0,"23":0,"24":0,"25":0,"26":0,"27":0,"28":0,"29":0,"30":0,"31":0,"32":0,"33":0,"34":0,"35":0,"36":0,"37":0},"f":{"0":0,"1":0,"2":0,"3":0,"4":0,"5":0,"6":0},"b":{"0":[0,0]},"all":true},"/Users/dorbirendof/Desktop/workspace/finalProject/src/utils/validationFunc.ts":{"path":"/Users/dorbirendof/Desktop/workspace/finalProject/src/utils/validationFunc.ts","statementMap":{"0":{"start":{"line":7,"column":3},"end":{"line":18,"column":4}},"1":{"start":{"line":8,"column":6},"end":{"line":8,"column":55}},"2":{"start":{"line":10,"column":6},"end":{"line":12,"column":7}},"3":{"start":{"line":11,"column":9},"end":{"line":11,"column":77}},"4":{"start":{"line":13,"column":6},"end":{"line":13,"column":48}},"5":{"start":{"line":16,"column":6},"end":{"line":16,"column":53}},"6":{"start":{"line":17,"column":6},"end":{"line":17,"column":15}},"7":{"start":{"line":22,"column":3},"end":{"line":33,"column":4}},"8":{"start":{"line":23,"column":6},"end":{"line":23,"column":61}},"9":{"start":{"line":25,"column":6},"end":{"line":27,"column":7}},"10":{"start":{"line":26,"column":9},"end":{"line":26,"column":47}},"11":{"start":{"line":28,"column":6},"end":{"line":28,"column":44}},"12":{"start":{"line":31,"column":6},"end":{"line":31,"column":48}},"13":{"start":{"line":32,"column":6},"end":{"line":32,"column":15}},"14":{"start":{"line":37,"column":3},"end":{"line":48,"column":4}},"15":{"start":{"line":38,"column":6},"end":{"line":38,"column":45}},"16":{"start":{"line":40,"column":6},"end":{"line":42,"column":7}},"17":{"start":{"line":41,"column":9},"end":{"line":41,"column":59}},"18":{"start":{"line":43,"column":6},"end":{"line":43,"column":46}},"19":{"start":{"line":46,"column":6},"end":{"line":46,"column":50}},"20":{"start":{"line":47,"column":6},"end":{"line":47,"column":15}},"21":{"start":{"line":53,"column":3},"end":{"line":66,"column":4}},"22":{"start":{"line":54,"column":6},"end":{"line":54,"column":60}},"23":{"start":{"line":56,"column":26},"end":{"line":56,"column":76}},"24":{"start":{"line":56,"column":57},"end":{"line":56,"column":72}},"25":{"start":{"line":57,"column":6},"end":{"line":59,"column":7}},"26":{"start":{"line":58,"column":9},"end":{"line":58,"column":81}},"27":{"start":{"line":60,"column":6},"end":{"line":60,"column":45}},"28":{"start":{"line":62,"column":6},"end":{"line":62,"column":17}},"29":{"start":{"line":64,"column":6},"end":{"line":64,"column":52}},"30":{"start":{"line":65,"column":6},"end":{"line":65,"column":15}},"31":{"start":{"line":71,"column":3},"end":{"line":84,"column":4}},"32":{"start":{"line":72,"column":6},"end":{"line":72,"column":44}},"33":{"start":{"line":74,"column":29},"end":{"line":74,"column":56}},"34":{"start":{"line":75,"column":6},"end":{"line":75,"column":97}},"35":{"start":{"line":76,"column":6},"end":{"line":76,"column":80}},"36":{"start":{"line":77,"column":6},"end":{"line":77,"column":59}},"37":{"start":{"line":78,"column":6},"end":{"line":78,"column":58}},"38":{"start":{"line":80,"column":6},"end":{"line":80,"column":28}},"39":{"start":{"line":82,"column":6},"end":{"line":82,"column":54}},"40":{"start":{"line":83,"column":6},"end":{"line":83,"column":15}},"41":{"start":{"line":87,"column":3},"end":{"line":100,"column":4}},"42":{"start":{"line":88,"column":6},"end":{"line":88,"column":46}},"43":{"start":{"line":90,"column":21},"end":{"line":90,"column":31}},"44":{"start":{"line":92,"column":6},"end":{"line":94,"column":7}},"45":{"start":{"line":93,"column":9},"end":{"line":93,"column":67}},"46":{"start":{"line":95,"column":6},"end":{"line":95,"column":49}},"47":{"start":{"line":96,"column":6},"end":{"line":96,"column":12}},"48":{"start":{"line":98,"column":6},"end":{"line":98,"column":53}},"49":{"start":{"line":99,"column":6},"end":{"line":99,"column":15}}},"fnMap":{"0":{"name":"validIndividualId","decl":{"start":{"line":6,"column":16},"end":{"line":6,"column":33}},"loc":{"start":{"line":6,"column":71},"end":{"line":19,"column":1}},"line":6},"1":{"name":"checkBalance","decl":{"start":{"line":21,"column":16},"end":{"line":21,"column":28}},"loc":{"start":{"line":21,"column":76},"end":{"line":34,"column":1}},"line":21},"2":{"name":"amountPositive","decl":{"start":{"line":36,"column":16},"end":{"line":36,"column":30}},"loc":{"start":{"line":36,"column":53},"end":{"line":49,"column":1}},"line":36},"3":{"name":"sumFamilyAmounts","decl":{"start":{"line":52,"column":16},"end":{"line":52,"column":32}},"loc":{"start":{"line":52,"column":89},"end":{"line":67,"column":1}},"line":52},"4":{"name":"(anonymous_4)","decl":{"start":{"line":56,"column":40},"end":{"line":56,"column":41}},"loc":{"start":{"line":56,"column":57},"end":{"line":56,"column":72}},"line":56},"5":{"name":"initRequiredParams","decl":{"start":{"line":70,"column":16},"end":{"line":70,"column":34}},"loc":{"start":{"line":70,"column":60},"end":{"line":85,"column":1}},"line":70},"6":{"name":"validateAccountId","decl":{"start":{"line":86,"column":22},"end":{"line":86,"column":39}},"loc":{"start":{"line":86,"column":104},"end":{"line":101,"column":1}},"line":86}},"branchMap":{"0":{"loc":{"start":{"line":10,"column":6},"end":{"line":12,"column":7}},"type":"if","locations":[{"start":{"line":10,"column":6},"end":{"line":12,"column":7}},{"start":{"line":10,"column":6},"end":{"line":12,"column":7}}],"line":10},"1":{"loc":{"start":{"line":25,"column":6},"end":{"line":27,"column":7}},"type":"if","locations":[{"start":{"line":25,"column":6},"end":{"line":27,"column":7}},{"start":{"line":25,"column":6},"end":{"line":27,"column":7}}],"line":25},"2":{"loc":{"start":{"line":40,"column":6},"end":{"line":42,"column":7}},"type":"if","locations":[{"start":{"line":40,"column":6},"end":{"line":42,"column":7}},{"start":{"line":40,"column":6},"end":{"line":42,"column":7}}],"line":40},"3":{"loc":{"start":{"line":40,"column":10},"end":{"line":40,"column":51}},"type":"binary-expr","locations":[{"start":{"line":40,"column":10},"end":{"line":40,"column":36}},{"start":{"line":40,"column":40},"end":{"line":40,"column":51}}],"line":40},"4":{"loc":{"start":{"line":57,"column":6},"end":{"line":59,"column":7}},"type":"if","locations":[{"start":{"line":57,"column":6},"end":{"line":59,"column":7}},{"start":{"line":57,"column":6},"end":{"line":59,"column":7}}],"line":57},"5":{"loc":{"start":{"line":92,"column":6},"end":{"line":94,"column":7}},"type":"if","locations":[{"start":{"line":92,"column":6},"end":{"line":94,"column":7}},{"start":{"line":92,"column":6},"end":{"line":94,"column":7}}],"line":92},"6":{"loc":{"start":{"line":92,"column":10},"end":{"line":92,"column":53}},"type":"binary-expr","locations":[{"start":{"line":92,"column":11},"end":{"line":92,"column":29}},{"start":{"line":92,"column":35},"end":{"line":92,"column":52}}],"line":92}},"s":{"0":0,"1":0,"2":0,"3":0,"4":0,"5":0,"6":0,"7":0,"8":0,"9":0,"10":0,"11":0,"12":0,"13":0,"14":0,"15":0,"16":0,"17":0,"18":0,"19":0,"20":0,"21":0,"22":0,"23":0,"24":0,"25":0,"26":0,"27":0,"28":0,"29":0,"30":0,"31":0,"32":0,"33":0,"34":0,"35":0,"36":0,"37":0,"38":0,"39":0,"40":0,"41":0,"42":0,"43":0,"44":0,"45":0,"46":0,"47":0,"48":0,"49":0},"f":{"0":0,"1":0,"2":0,"3":0,"4":0,"5":0,"6":0},"b":{"0":[0,0],"1":[0,0],"2":[0,0],"3":[0,0],"4":[0,0],"5":[0,0],"6":[0,0]},"all":true},"/Users/dorbirendof/Desktop/workspace/finalProject/src/utils/validationService.ts":{"path":"/Users/dorbirendof/Desktop/workspace/finalProject/src/utils/validationService.ts","statementMap":{"0":{"start":{"line":9,"column":3},"end":{"line":21,"column":4}},"1":{"start":{"line":10,"column":6},"end":{"line":10,"column":55}},"2":{"start":{"line":12,"column":6},"end":{"line":14,"column":7}},"3":{"start":{"line":13,"column":9},"end":{"line":13,"column":79}},"4":{"start":{"line":15,"column":6},"end":{"line":15,"column":43}},"5":{"start":{"line":17,"column":6},"end":{"line":17,"column":18}},"6":{"start":{"line":19,"column":6},"end":{"line":19,"column":49}},"7":{"start":{"line":20,"column":6},"end":{"line":20,"column":15}},"8":{"start":{"line":24,"column":3},"end":{"line":36,"column":4}},"9":{"start":{"line":25,"column":6},"end":{"line":25,"column":49}},"10":{"start":{"line":26,"column":33},"end":{"line":26,"column":74}},"11":{"start":{"line":26,"column":55},"end":{"line":26,"column":73}},"12":{"start":{"line":27,"column":6},"end":{"line":29,"column":7}},"13":{"start":{"line":28,"column":9},"end":{"line":28,"column":79}},"14":{"start":{"line":30,"column":6},"end":{"line":30,"column":44}},"15":{"start":{"line":32,"column":6},"end":{"line":32,"column":18}},"16":{"start":{"line":34,"column":6},"end":{"line":34,"column":50}},"17":{"start":{"line":35,"column":6},"end":{"line":35,"column":15}},"18":{"start":{"line":39,"column":3},"end":{"line":52,"column":4}},"19":{"start":{"line":40,"column":6},"end":{"line":40,"column":58}},"20":{"start":{"line":42,"column":39},"end":{"line":42,"column":83}},"21":{"start":{"line":42,"column":61},"end":{"line":42,"column":82}},"22":{"start":{"line":43,"column":6},"end":{"line":45,"column":7}},"23":{"start":{"line":44,"column":9},"end":{"line":44,"column":78}},"24":{"start":{"line":46,"column":6},"end":{"line":46,"column":46}},"25":{"start":{"line":48,"column":6},"end":{"line":48,"column":18}},"26":{"start":{"line":50,"column":6},"end":{"line":50,"column":52}},"27":{"start":{"line":51,"column":6},"end":{"line":51,"column":15}},"28":{"start":{"line":56,"column":3},"end":{"line":69,"column":4}},"29":{"start":{"line":57,"column":6},"end":{"line":57,"column":53}},"30":{"start":{"line":59,"column":37},"end":{"line":59,"column":106}},"31":{"start":{"line":59,"column":60},"end":{"line":59,"column":104}},"32":{"start":{"line":60,"column":6},"end":{"line":62,"column":7}},"33":{"start":{"line":61,"column":9},"end":{"line":61,"column":107}},"34":{"start":{"line":63,"column":6},"end":{"line":63,"column":43}},"35":{"start":{"line":65,"column":6},"end":{"line":65,"column":18}},"36":{"start":{"line":67,"column":6},"end":{"line":67,"column":49}},"37":{"start":{"line":68,"column":6},"end":{"line":68,"column":15}},"38":{"start":{"line":72,"column":3},"end":{"line":86,"column":4}},"39":{"start":{"line":73,"column":6},"end":{"line":73,"column":62}},"40":{"start":{"line":75,"column":6},"end":{"line":75,"column":26}},"41":{"start":{"line":75,"column":14},"end":{"line":75,"column":26}},"42":{"start":{"line":76,"column":35},"end":{"line":76,"column":111}},"43":{"start":{"line":76,"column":57},"end":{"line":76,"column":110}},"44":{"start":{"line":77,"column":6},"end":{"line":79,"column":7}},"45":{"start":{"line":78,"column":9},"end":{"line":78,"column":92}},"46":{"start":{"line":80,"column":6},"end":{"line":80,"column":46}},"47":{"start":{"line":82,"column":6},"end":{"line":82,"column":18}},"48":{"start":{"line":84,"column":6},"end":{"line":84,"column":52}},"49":{"start":{"line":85,"column":6},"end":{"line":85,"column":15}},"50":{"start":{"line":89,"column":3},"end":{"line":103,"column":4}},"51":{"start":{"line":90,"column":6},"end":{"line":90,"column":64}},"52":{"start":{"line":92,"column":20},"end":{"line":92,"column":78}},"53":{"start":{"line":92,"column":42},"end":{"line":92,"column":77}},"54":{"start":{"line":93,"column":6},"end":{"line":95,"column":7}},"55":{"start":{"line":94,"column":9},"end":{"line":94,"column":58}},"56":{"start":{"line":97,"column":6},"end":{"line":97,"column":52}},"57":{"start":{"line":99,"column":6},"end":{"line":99,"column":18}},"58":{"start":{"line":101,"column":6},"end":{"line":101,"column":58}},"59":{"start":{"line":102,"column":6},"end":{"line":102,"column":15}},"60":{"start":{"line":107,"column":3},"end":{"line":120,"column":4}},"61":{"start":{"line":108,"column":6},"end":{"line":108,"column":67}},"62":{"start":{"line":110,"column":36},"end":{"line":110,"column":94}},"63":{"start":{"line":110,"column":59},"end":{"line":110,"column":92}},"64":{"start":{"line":111,"column":6},"end":{"line":113,"column":7}},"65":{"start":{"line":112,"column":9},"end":{"line":112,"column":90}},"66":{"start":{"line":114,"column":6},"end":{"line":114,"column":44}},"67":{"start":{"line":116,"column":6},"end":{"line":116,"column":18}},"68":{"start":{"line":118,"column":6},"end":{"line":118,"column":50}},"69":{"start":{"line":119,"column":6},"end":{"line":119,"column":15}},"70":{"start":{"line":123,"column":3},"end":{"line":147,"column":4}},"71":{"start":{"line":124,"column":6},"end":{"line":124,"column":81}},"72":{"start":{"line":126,"column":27},"end":{"line":133,"column":7}},"73":{"start":{"line":134,"column":26},"end":{"line":136,"column":27}},"74":{"start":{"line":138,"column":6},"end":{"line":140,"column":7}},"75":{"start":{"line":139,"column":9},"end":{"line":139,"column":93}},"76":{"start":{"line":141,"column":6},"end":{"line":141,"column":48}},"77":{"start":{"line":143,"column":6},"end":{"line":143,"column":18}},"78":{"start":{"line":145,"column":6},"end":{"line":145,"column":54}},"79":{"start":{"line":146,"column":6},"end":{"line":146,"column":15}}},"fnMap":{"0":{"name":"accountsExist","decl":{"start":{"line":8,"column":16},"end":{"line":8,"column":29}},"loc":{"start":{"line":8,"column":89},"end":{"line":22,"column":1}},"line":8},"1":{"name":"accountsActive","decl":{"start":{"line":23,"column":16},"end":{"line":23,"column":30}},"loc":{"start":{"line":23,"column":62},"end":{"line":37,"column":1}},"line":23},"2":{"name":"(anonymous_2)","decl":{"start":{"line":26,"column":48},"end":{"line":26,"column":49}},"loc":{"start":{"line":26,"column":55},"end":{"line":26,"column":73}},"line":26},"3":{"name":"checkProperState","decl":{"start":{"line":38,"column":16},"end":{"line":38,"column":32}},"loc":{"start":{"line":38,"column":81},"end":{"line":53,"column":1}},"line":38},"4":{"name":"(anonymous_4)","decl":{"start":{"line":42,"column":54},"end":{"line":42,"column":55}},"loc":{"start":{"line":42,"column":61},"end":{"line":42,"column":82}},"line":42},"5":{"name":"accountsTypes","decl":{"start":{"line":55,"column":16},"end":{"line":55,"column":29}},"loc":{"start":{"line":55,"column":77},"end":{"line":70,"column":1}},"line":55},"6":{"name":"(anonymous_6)","decl":{"start":{"line":59,"column":52},"end":{"line":59,"column":53}},"loc":{"start":{"line":59,"column":60},"end":{"line":59,"column":104}},"line":59},"7":{"name":"accountsCurrency","decl":{"start":{"line":71,"column":16},"end":{"line":71,"column":32}},"loc":{"start":{"line":71,"column":94},"end":{"line":87,"column":1}},"line":71},"8":{"name":"(anonymous_8)","decl":{"start":{"line":76,"column":50},"end":{"line":76,"column":51}},"loc":{"start":{"line":76,"column":57},"end":{"line":76,"column":110}},"line":76},"9":{"name":"accountsBelongToFamily","decl":{"start":{"line":88,"column":16},"end":{"line":88,"column":38}},"loc":{"start":{"line":88,"column":91},"end":{"line":104,"column":1}},"line":88},"10":{"name":"(anonymous_10)","decl":{"start":{"line":92,"column":33},"end":{"line":92,"column":34}},"loc":{"start":{"line":92,"column":42},"end":{"line":92,"column":77}},"line":92},"11":{"name":"allowTransfers","decl":{"start":{"line":106,"column":16},"end":{"line":106,"column":30}},"loc":{"start":{"line":106,"column":98},"end":{"line":121,"column":1}},"line":106},"12":{"name":"(anonymous_12)","decl":{"start":{"line":110,"column":51},"end":{"line":110,"column":52}},"loc":{"start":{"line":110,"column":59},"end":{"line":110,"column":92}},"line":110},"13":{"name":"checkLimitTransfer","decl":{"start":{"line":122,"column":16},"end":{"line":122,"column":34}},"loc":{"start":{"line":122,"column":120},"end":{"line":148,"column":1}},"line":122}},"branchMap":{"0":{"loc":{"start":{"line":12,"column":6},"end":{"line":14,"column":7}},"type":"if","locations":[{"start":{"line":12,"column":6},"end":{"line":14,"column":7}},{"start":{"line":12,"column":6},"end":{"line":14,"column":7}}],"line":12},"1":{"loc":{"start":{"line":27,"column":6},"end":{"line":29,"column":7}},"type":"if","locations":[{"start":{"line":27,"column":6},"end":{"line":29,"column":7}},{"start":{"line":27,"column":6},"end":{"line":29,"column":7}}],"line":27},"2":{"loc":{"start":{"line":43,"column":6},"end":{"line":45,"column":7}},"type":"if","locations":[{"start":{"line":43,"column":6},"end":{"line":45,"column":7}},{"start":{"line":43,"column":6},"end":{"line":45,"column":7}}],"line":43},"3":{"loc":{"start":{"line":59,"column":60},"end":{"line":59,"column":104}},"type":"binary-expr","locations":[{"start":{"line":59,"column":60},"end":{"line":59,"column":80}},{"start":{"line":59,"column":84},"end":{"line":59,"column":104}}],"line":59},"4":{"loc":{"start":{"line":60,"column":6},"end":{"line":62,"column":7}},"type":"if","locations":[{"start":{"line":60,"column":6},"end":{"line":62,"column":7}},{"start":{"line":60,"column":6},"end":{"line":62,"column":7}}],"line":60},"5":{"loc":{"start":{"line":71,"column":73},"end":{"line":71,"column":83}},"type":"default-arg","locations":[{"start":{"line":71,"column":78},"end":{"line":71,"column":83}}],"line":71},"6":{"loc":{"start":{"line":75,"column":6},"end":{"line":75,"column":26}},"type":"if","locations":[{"start":{"line":75,"column":6},"end":{"line":75,"column":26}},{"start":{"line":75,"column":6},"end":{"line":75,"column":26}}],"line":75},"7":{"loc":{"start":{"line":77,"column":6},"end":{"line":79,"column":7}},"type":"if","locations":[{"start":{"line":77,"column":6},"end":{"line":79,"column":7}},{"start":{"line":77,"column":6},"end":{"line":79,"column":7}}],"line":77},"8":{"loc":{"start":{"line":93,"column":6},"end":{"line":95,"column":7}},"type":"if","locations":[{"start":{"line":93,"column":6},"end":{"line":95,"column":7}},{"start":{"line":93,"column":6},"end":{"line":95,"column":7}}],"line":93},"9":{"loc":{"start":{"line":111,"column":6},"end":{"line":113,"column":7}},"type":"if","locations":[{"start":{"line":111,"column":6},"end":{"line":113,"column":7}},{"start":{"line":111,"column":6},"end":{"line":113,"column":7}}],"line":111},"10":{"loc":{"start":{"line":134,"column":26},"end":{"line":136,"column":27}},"type":"cond-expr","locations":[{"start":{"line":135,"column":10},"end":{"line":135,"column":83}},{"start":{"line":136,"column":9},"end":{"line":136,"column":27}}],"line":134},"11":{"loc":{"start":{"line":135,"column":10},"end":{"line":135,"column":83}},"type":"cond-expr","locations":[{"start":{"line":135,"column":38},"end":{"line":135,"column":59}},{"start":{"line":135,"column":62},"end":{"line":135,"column":83}}],"line":135},"12":{"loc":{"start":{"line":138,"column":6},"end":{"line":140,"column":7}},"type":"if","locations":[{"start":{"line":138,"column":6},"end":{"line":140,"column":7}},{"start":{"line":138,"column":6},"end":{"line":140,"column":7}}],"line":138}},"s":{"0":0,"1":0,"2":0,"3":0,"4":0,"5":0,"6":0,"7":0,"8":0,"9":0,"10":0,"11":0,"12":0,"13":0,"14":0,"15":0,"16":0,"17":0,"18":0,"19":0,"20":0,"21":0,"22":0,"23":0,"24":0,"25":0,"26":0,"27":0,"28":0,"29":0,"30":0,"31":0,"32":0,"33":0,"34":0,"35":0,"36":0,"37":0,"38":0,"39":0,"40":0,"41":0,"42":0,"43":0,"44":0,"45":0,"46":0,"47":0,"48":0,"49":0,"50":0,"51":0,"52":0,"53":0,"54":0,"55":0,"56":0,"57":0,"58":0,"59":0,"60":0,"61":0,"62":0,"63":0,"64":0,"65":0,"66":0,"67":0,"68":0,"69":0,"70":0,"71":0,"72":0,"73":0,"74":0,"75":0,"76":0,"77":0,"78":0,"79":0},"f":{"0":0,"1":0,"2":0,"3":0,"4":0,"5":0,"6":0,"7":0,"8":0,"9":0,"10":0,"11":0,"12":0,"13":0},"b":{"0":[0,0],"1":[0,0],"2":[0,0],"3":[0,0],"4":[0,0],"5":[0],"6":[0,0],"7":[0,0],"8":[0,0],"9":[0,0],"10":[0,0],"11":[0,0],"12":[0,0]},"all":true}}