{"/Users/meirshtarkman/Desktop/Academy/FinaleProject/finalproject-myfork2/src/account/account.db.ts":{"path":"/Users/meirshtarkman/Desktop/Academy/FinaleProject/finalproject-myfork2/src/account/account.db.ts","statementMap":{"0":{"start":{"line":14,"column":4},"end":{"line":24,"column":5}},"1":{"start":{"line":15,"column":8},"end":{"line":15,"column":70}},"2":{"start":{"line":16,"column":25},"end":{"line":16,"column":81}},"3":{"start":{"line":16,"column":57},"end":{"line":16,"column":78}},"4":{"start":{"line":17,"column":28},"end":{"line":17,"column":72}},"5":{"start":{"line":17,"column":52},"end":{"line":17,"column":69}},"6":{"start":{"line":18,"column":20},"end":{"line":18,"column":82}},"7":{"start":{"line":19,"column":9},"end":{"line":19,"column":52}},"8":{"start":{"line":20,"column":8},"end":{"line":20,"column":18}},"9":{"start":{"line":22,"column":9},"end":{"line":22,"column":62}},"10":{"start":{"line":23,"column":8},"end":{"line":23,"column":20}},"11":{"start":{"line":28,"column":4},"end":{"line":38,"column":5}},"12":{"start":{"line":29,"column":9},"end":{"line":29,"column":68}},"13":{"start":{"line":30,"column":25},"end":{"line":30,"column":87}},"14":{"start":{"line":30,"column":54},"end":{"line":30,"column":84}},"15":{"start":{"line":31,"column":29},"end":{"line":31,"column":88}},"16":{"start":{"line":31,"column":58},"end":{"line":31,"column":85}},"17":{"start":{"line":32,"column":20},"end":{"line":32,"column":83}},"18":{"start":{"line":33,"column":9},"end":{"line":33,"column":54}},"19":{"start":{"line":34,"column":8},"end":{"line":34,"column":18}},"20":{"start":{"line":36,"column":9},"end":{"line":36,"column":63}},"21":{"start":{"line":37,"column":8},"end":{"line":37,"column":20}},"22":{"start":{"line":42,"column":4},"end":{"line":57,"column":5}},"23":{"start":{"line":43,"column":8},"end":{"line":43,"column":56}},"24":{"start":{"line":45,"column":25},"end":{"line":45,"column":92}},"25":{"start":{"line":45,"column":47},"end":{"line":45,"column":78}},"26":{"start":{"line":46,"column":23},"end":{"line":47,"column":58}},"27":{"start":{"line":48,"column":8},"end":{"line":50,"column":9}},"28":{"start":{"line":49,"column":12},"end":{"line":49,"column":45}},"29":{"start":{"line":51,"column":8},"end":{"line":51,"column":47}},"30":{"start":{"line":53,"column":8},"end":{"line":53,"column":35}},"31":{"start":{"line":55,"column":9},"end":{"line":55,"column":57}},"32":{"start":{"line":56,"column":8},"end":{"line":56,"column":20}},"33":{"start":{"line":61,"column":4},"end":{"line":71,"column":5}},"34":{"start":{"line":62,"column":9},"end":{"line":62,"column":59}},"35":{"start":{"line":63,"column":20},"end":{"line":63,"column":152}},"36":{"start":{"line":64,"column":19},"end":{"line":64,"column":45}},"37":{"start":{"line":65,"column":9},"end":{"line":65,"column":45}},"38":{"start":{"line":67,"column":8},"end":{"line":67,"column":17}},"39":{"start":{"line":69,"column":9},"end":{"line":69,"column":55}},"40":{"start":{"line":70,"column":8},"end":{"line":70,"column":20}},"41":{"start":{"line":75,"column":4},"end":{"line":93,"column":5}},"42":{"start":{"line":76,"column":9},"end":{"line":76,"column":53}},"43":{"start":{"line":78,"column":8},"end":{"line":89,"column":9}},"44":{"start":{"line":79,"column":12},"end":{"line":79,"column":35}},"45":{"start":{"line":80,"column":24},"end":{"line":80,"column":59}},"46":{"start":{"line":81,"column":23},"end":{"line":81,"column":49}},"47":{"start":{"line":82,"column":13},"end":{"line":82,"column":49}},"48":{"start":{"line":83,"column":12},"end":{"line":83,"column":21}},"49":{"start":{"line":85,"column":12},"end":{"line":85,"column":36}},"50":{"start":{"line":86,"column":13},"end":{"line":86,"column":51}},"51":{"start":{"line":87,"column":13},"end":{"line":87,"column":37}},"52":{"start":{"line":88,"column":12},"end":{"line":88,"column":24}},"53":{"start":{"line":91,"column":9},"end":{"line":91,"column":55}},"54":{"start":{"line":92,"column":8},"end":{"line":92,"column":20}},"55":{"start":{"line":97,"column":4},"end":{"line":111,"column":5}},"56":{"start":{"line":98,"column":8},"end":{"line":98,"column":65}},"57":{"start":{"line":100,"column":21},"end":{"line":100,"column":65}},"58":{"start":{"line":101,"column":8},"end":{"line":101,"column":26}},"59":{"start":{"line":102,"column":8},"end":{"line":104,"column":9}},"60":{"start":{"line":103,"column":12},"end":{"line":103,"column":45}},"61":{"start":{"line":105,"column":27},"end":{"line":105,"column":53}},"62":{"start":{"line":106,"column":8},"end":{"line":106,"column":62}},"63":{"start":{"line":107,"column":8},"end":{"line":107,"column":25}},"64":{"start":{"line":109,"column":8},"end":{"line":109,"column":64}},"65":{"start":{"line":110,"column":8},"end":{"line":110,"column":20}}},"fnMap":{"0":{"name":"updateAccountsStatus","decl":{"start":{"line":13,"column":22},"end":{"line":13,"column":42}},"loc":{"start":{"line":13,"column":100},"end":{"line":25,"column":1}},"line":13},"1":{"name":"(anonymous_1)","decl":{"start":{"line":16,"column":41},"end":{"line":16,"column":42}},"loc":{"start":{"line":16,"column":55},"end":{"line":16,"column":80}},"line":16},"2":{"name":"(anonymous_2)","decl":{"start":{"line":17,"column":44},"end":{"line":17,"column":45}},"loc":{"start":{"line":17,"column":50},"end":{"line":17,"column":71}},"line":17},"3":{"name":"updateAccountsBalance","decl":{"start":{"line":27,"column":22},"end":{"line":27,"column":43}},"loc":{"start":{"line":27,"column":97},"end":{"line":39,"column":1}},"line":27},"4":{"name":"(anonymous_4)","decl":{"start":{"line":30,"column":44},"end":{"line":30,"column":45}},"loc":{"start":{"line":30,"column":52},"end":{"line":30,"column":86}},"line":30},"5":{"name":"(anonymous_5)","decl":{"start":{"line":31,"column":48},"end":{"line":31,"column":49}},"loc":{"start":{"line":31,"column":56},"end":{"line":31,"column":87}},"line":31},"6":{"name":"getAccountsById","decl":{"start":{"line":41,"column":22},"end":{"line":41,"column":37}},"loc":{"start":{"line":41,"column":82},"end":{"line":58,"column":1}},"line":41},"7":{"name":"(anonymous_7)","decl":{"start":{"line":45,"column":41},"end":{"line":45,"column":42}},"loc":{"start":{"line":45,"column":47},"end":{"line":45,"column":78}},"line":45},"8":{"name":"createAccount","decl":{"start":{"line":60,"column":22},"end":{"line":60,"column":35}},"loc":{"start":{"line":60,"column":95},"end":{"line":72,"column":1}},"line":60},"9":{"name":"createAddress","decl":{"start":{"line":74,"column":22},"end":{"line":74,"column":35}},"loc":{"start":{"line":74,"column":85},"end":{"line":94,"column":1}},"line":74},"10":{"name":"getSecretKeyByAccessKey","decl":{"start":{"line":96,"column":22},"end":{"line":96,"column":45}},"loc":{"start":{"line":96,"column":83},"end":{"line":112,"column":1}},"line":96}},"branchMap":{"0":{"loc":{"start":{"line":48,"column":8},"end":{"line":50,"column":9}},"type":"if","locations":[{"start":{"line":48,"column":8},"end":{"line":50,"column":9}},{"start":{"line":48,"column":8},"end":{"line":50,"column":9}}],"line":48},"1":{"loc":{"start":{"line":48,"column":12},"end":{"line":48,"column":59}},"type":"binary-expr","locations":[{"start":{"line":48,"column":12},"end":{"line":48,"column":22}},{"start":{"line":48,"column":26},"end":{"line":48,"column":59}}],"line":48},"2":{"loc":{"start":{"line":78,"column":8},"end":{"line":89,"column":9}},"type":"if","locations":[{"start":{"line":78,"column":8},"end":{"line":89,"column":9}},{"start":{"line":78,"column":8},"end":{"line":89,"column":9}}],"line":78},"3":{"loc":{"start":{"line":102,"column":8},"end":{"line":104,"column":9}},"type":"if","locations":[{"start":{"line":102,"column":8},"end":{"line":104,"column":9}},{"start":{"line":102,"column":8},"end":{"line":104,"column":9}}],"line":102}},"s":{"0":0,"1":0,"2":0,"3":0,"4":0,"5":0,"6":0,"7":0,"8":0,"9":0,"10":0,"11":0,"12":0,"13":0,"14":0,"15":0,"16":0,"17":0,"18":0,"19":0,"20":0,"21":0,"22":0,"23":0,"24":0,"25":0,"26":0,"27":0,"28":0,"29":0,"30":0,"31":0,"32":0,"33":0,"34":0,"35":0,"36":0,"37":0,"38":0,"39":0,"40":0,"41":0,"42":0,"43":0,"44":0,"45":0,"46":0,"47":0,"48":0,"49":0,"50":0,"51":0,"52":0,"53":0,"54":0,"55":0,"56":0,"57":0,"58":0,"59":0,"60":0,"61":0,"62":0,"63":0,"64":0,"65":0},"f":{"0":0,"1":0,"2":0,"3":0,"4":0,"5":0,"6":0,"7":0,"8":0,"9":0,"10":0},"b":{"0":[0,0],"1":[0,0],"2":[0,0],"3":[0,0]},"all":true},"/Users/meirshtarkman/Desktop/Academy/FinaleProject/finalproject-myfork2/src/account/account.router.ts":{"path":"/Users/meirshtarkman/Desktop/Academy/FinaleProject/finalproject-myfork2/src/account/account.router.ts","statementMap":{"0":{"start":{"line":11,"column":16},"end":{"line":11,"column":32}},"1":{"start":{"line":16,"column":0},"end":{"line":23,"column":43}},"2":{"start":{"line":17,"column":16},"end":{"line":17,"column":92}},"3":{"start":{"line":18,"column":44},"end":{"line":22,"column":5}},"4":{"start":{"line":23,"column":6},"end":{"line":23,"column":39}},"5":{"start":{"line":26,"column":0},"end":{"line":34,"column":4}},"6":{"start":{"line":27,"column":12},"end":{"line":27,"column":55}},"7":{"start":{"line":28,"column":42},"end":{"line":32,"column":3}},"8":{"start":{"line":33,"column":4},"end":{"line":33,"column":37}},"9":{"start":{"line":37,"column":0},"end":{"line":45,"column":4}},"10":{"start":{"line":38,"column":14},"end":{"line":38,"column":59}},"11":{"start":{"line":39,"column":42},"end":{"line":43,"column":3}},"12":{"start":{"line":44,"column":4},"end":{"line":44,"column":37}},"13":{"start":{"line":48,"column":2},"end":{"line":56,"column":6}},"14":{"start":{"line":49,"column":16},"end":{"line":49,"column":59}},"15":{"start":{"line":50,"column":44},"end":{"line":54,"column":5}},"16":{"start":{"line":55,"column":6},"end":{"line":55,"column":39}},"17":{"start":{"line":59,"column":3},"end":{"line":67,"column":6}},"18":{"start":{"line":60,"column":16},"end":{"line":60,"column":59}},"19":{"start":{"line":61,"column":44},"end":{"line":65,"column":5}},"20":{"start":{"line":66,"column":6},"end":{"line":66,"column":39}}},"fnMap":{"0":{"name":"(anonymous_0)","decl":{"start":{"line":16,"column":41},"end":{"line":16,"column":42}},"loc":{"start":{"line":16,"column":78},"end":{"line":23,"column":40}},"line":16},"1":{"name":"(anonymous_1)","decl":{"start":{"line":26,"column":60},"end":{"line":26,"column":61}},"loc":{"start":{"line":26,"column":97},"end":{"line":34,"column":1}},"line":26},"2":{"name":"(anonymous_2)","decl":{"start":{"line":37,"column":62},"end":{"line":37,"column":63}},"loc":{"start":{"line":37,"column":99},"end":{"line":45,"column":1}},"line":37},"3":{"name":"(anonymous_3)","decl":{"start":{"line":48,"column":62},"end":{"line":48,"column":63}},"loc":{"start":{"line":48,"column":99},"end":{"line":56,"column":3}},"line":48},"4":{"name":"(anonymous_4)","decl":{"start":{"line":59,"column":63},"end":{"line":59,"column":64}},"loc":{"start":{"line":59,"column":100},"end":{"line":67,"column":3}},"line":59}},"branchMap":{},"s":{"0":0,"1":0,"2":0,"3":0,"4":0,"5":0,"6":0,"7":0,"8":0,"9":0,"10":0,"11":0,"12":0,"13":0,"14":0,"15":0,"16":0,"17":0,"18":0,"19":0,"20":0},"f":{"0":0,"1":0,"2":0,"3":0,"4":0},"b":{},"all":true},"/Users/meirshtarkman/Desktop/Academy/FinaleProject/finalproject-myfork2/src/account/account.services.ts":{"path":"/Users/meirshtarkman/Desktop/Academy/FinaleProject/finalproject-myfork2/src/account/account.services.ts","statementMap":{"0":{"start":{"line":16,"column":6},"end":{"line":28,"column":5}},"1":{"start":{"line":16,"column":45},"end":{"line":16,"column":52}},"2":{"start":{"line":19,"column":27},"end":{"line":20,"column":24}},"3":{"start":{"line":21,"column":25},"end":{"line":22,"column":24}},"4":{"start":{"line":23,"column":6},"end":{"line":23,"column":70}},"5":{"start":{"line":24,"column":16},"end":{"line":24,"column":183}},"6":{"start":{"line":25,"column":6},"end":{"line":25,"column":17}},"7":{"start":{"line":26,"column":9},"end":{"line":26,"column":53}},"8":{"start":{"line":27,"column":8},"end":{"line":27,"column":20}},"9":{"start":{"line":32,"column":6},"end":{"line":46,"column":5}},"10":{"start":{"line":32,"column":44},"end":{"line":32,"column":51}},"11":{"start":{"line":35,"column":27},"end":{"line":36,"column":24}},"12":{"start":{"line":37,"column":25},"end":{"line":38,"column":24}},"13":{"start":{"line":39,"column":17},"end":{"line":39,"column":77}},"14":{"start":{"line":40,"column":23},"end":{"line":40,"column":32}},"15":{"start":{"line":41,"column":6},"end":{"line":41,"column":77}},"16":{"start":{"line":42,"column":16},"end":{"line":42,"column":186}},"17":{"start":{"line":43,"column":6},"end":{"line":43,"column":23}},"18":{"start":{"line":44,"column":9},"end":{"line":44,"column":55}},"19":{"start":{"line":45,"column":8},"end":{"line":45,"column":20}},"20":{"start":{"line":50,"column":8},"end":{"line":61,"column":5}},"21":{"start":{"line":50,"column":46},"end":{"line":50,"column":53}},"22":{"start":{"line":53,"column":27},"end":{"line":54,"column":24}},"23":{"start":{"line":55,"column":25},"end":{"line":55,"column":171}},"24":{"start":{"line":56,"column":6},"end":{"line":56,"column":70}},"25":{"start":{"line":57,"column":16},"end":{"line":57,"column":183}},"26":{"start":{"line":58,"column":6},"end":{"line":58,"column":17}},"27":{"start":{"line":59,"column":9},"end":{"line":59,"column":55}},"28":{"start":{"line":60,"column":8},"end":{"line":60,"column":20}},"29":{"start":{"line":65,"column":6},"end":{"line":76,"column":5}},"30":{"start":{"line":65,"column":44},"end":{"line":65,"column":51}},"31":{"start":{"line":68,"column":27},"end":{"line":68,"column":113}},"32":{"start":{"line":69,"column":25},"end":{"line":70,"column":24}},"33":{"start":{"line":71,"column":6},"end":{"line":71,"column":70}},"34":{"start":{"line":72,"column":16},"end":{"line":72,"column":183}},"35":{"start":{"line":73,"column":6},"end":{"line":73,"column":17}},"36":{"start":{"line":74,"column":9},"end":{"line":74,"column":55}},"37":{"start":{"line":75,"column":8},"end":{"line":75,"column":20}},"38":{"start":{"line":86,"column":6},"end":{"line":92,"column":5}},"39":{"start":{"line":86,"column":10},"end":{"line":86,"column":45}},"40":{"start":{"line":87,"column":6},"end":{"line":87,"column":41}},"41":{"start":{"line":89,"column":6},"end":{"line":89,"column":146}},"42":{"start":{"line":90,"column":9},"end":{"line":90,"column":55}},"43":{"start":{"line":91,"column":8},"end":{"line":91,"column":20}},"44":{"start":{"line":96,"column":6},"end":{"line":105,"column":5}},"45":{"start":{"line":97,"column":21},"end":{"line":97,"column":114}},"46":{"start":{"line":99,"column":6},"end":{"line":99,"column":57}},"47":{"start":{"line":101,"column":6},"end":{"line":101,"column":63}},"48":{"start":{"line":102,"column":6},"end":{"line":102,"column":66}},"49":{"start":{"line":103,"column":9},"end":{"line":103,"column":55}},"50":{"start":{"line":104,"column":8},"end":{"line":104,"column":20}},"51":{"start":{"line":109,"column":8},"end":{"line":117,"column":5}},"52":{"start":{"line":109,"column":13},"end":{"line":109,"column":66}},"53":{"start":{"line":110,"column":32},"end":{"line":110,"column":78}},"54":{"start":{"line":111,"column":8},"end":{"line":111,"column":61}},"55":{"start":{"line":112,"column":8},"end":{"line":112,"column":26}},"56":{"start":{"line":115,"column":9},"end":{"line":115,"column":65}},"57":{"start":{"line":116,"column":8},"end":{"line":116,"column":20}}},"fnMap":{"0":{"name":"transferB2B","decl":{"start":{"line":15,"column":25},"end":{"line":15,"column":36}},"loc":{"start":{"line":15,"column":71},"end":{"line":29,"column":6}},"line":15},"1":{"name":"transferB2BFX","decl":{"start":{"line":31,"column":27},"end":{"line":31,"column":40}},"loc":{"start":{"line":31,"column":75},"end":{"line":47,"column":6}},"line":31},"2":{"name":"transferB2I","decl":{"start":{"line":49,"column":27},"end":{"line":49,"column":38}},"loc":{"start":{"line":49,"column":73},"end":{"line":62,"column":6}},"line":49},"3":{"name":"transferF2B","decl":{"start":{"line":64,"column":27},"end":{"line":64,"column":38}},"loc":{"start":{"line":64,"column":73},"end":{"line":77,"column":6}},"line":64},"4":{"name":"exectueTransfer","decl":{"start":{"line":85,"column":27},"end":{"line":85,"column":42}},"loc":{"start":{"line":85,"column":178},"end":{"line":93,"column":4}},"line":85},"5":{"name":"updateAccountStatus","decl":{"start":{"line":95,"column":25},"end":{"line":95,"column":44}},"loc":{"start":{"line":95,"column":97},"end":{"line":106,"column":6}},"line":95},"6":{"name":"getSecretKeyByAccessKey","decl":{"start":{"line":108,"column":27},"end":{"line":108,"column":50}},"loc":{"start":{"line":108,"column":69},"end":{"line":118,"column":6}},"line":108}},"branchMap":{"0":{"loc":{"start":{"line":85,"column":157},"end":{"line":85,"column":161}},"type":"default-arg","locations":[{"start":{"line":85,"column":160},"end":{"line":85,"column":161}}],"line":85}},"s":{"0":0,"1":0,"2":0,"3":0,"4":0,"5":0,"6":0,"7":0,"8":0,"9":0,"10":0,"11":0,"12":0,"13":0,"14":0,"15":0,"16":0,"17":0,"18":0,"19":0,"20":0,"21":0,"22":0,"23":0,"24":0,"25":0,"26":0,"27":0,"28":0,"29":0,"30":0,"31":0,"32":0,"33":0,"34":0,"35":0,"36":0,"37":0,"38":0,"39":0,"40":0,"41":0,"42":0,"43":0,"44":0,"45":0,"46":0,"47":0,"48":0,"49":0,"50":0,"51":0,"52":0,"53":0,"54":0,"55":0,"56":0,"57":0},"f":{"0":0,"1":0,"2":0,"3":0,"4":0,"5":0,"6":0},"b":{"0":[0]},"all":true},"/Users/meirshtarkman/Desktop/Academy/FinaleProject/finalproject-myfork2/src/account/account.validation.ts":{"path":"/Users/meirshtarkman/Desktop/Academy/FinaleProject/finalproject-myfork2/src/account/account.validation.ts","statementMap":{"0":{"start":{"line":13,"column":4},"end":{"line":31,"column":5}},"1":{"start":{"line":14,"column":8},"end":{"line":14,"column":79}},"2":{"start":{"line":15,"column":8},"end":{"line":17,"column":9}},"3":{"start":{"line":16,"column":12},"end":{"line":16,"column":91}},"4":{"start":{"line":18,"column":8},"end":{"line":20,"column":9}},"5":{"start":{"line":19,"column":12},"end":{"line":19,"column":91}},"6":{"start":{"line":21,"column":8},"end":{"line":23,"column":9}},"7":{"start":{"line":22,"column":12},"end":{"line":22,"column":91}},"8":{"start":{"line":24,"column":8},"end":{"line":26,"column":9}},"9":{"start":{"line":25,"column":12},"end":{"line":25,"column":91}},"10":{"start":{"line":27,"column":8},"end":{"line":27,"column":65}},"11":{"start":{"line":29,"column":8},"end":{"line":29,"column":71}},"12":{"start":{"line":30,"column":8},"end":{"line":30,"column":20}},"13":{"start":{"line":35,"column":42},"end":{"line":35,"column":50}},"14":{"start":{"line":36,"column":4},"end":{"line":38,"column":5}},"15":{"start":{"line":37,"column":8},"end":{"line":37,"column":53}},"16":{"start":{"line":39,"column":4},"end":{"line":39,"column":37}},"17":{"start":{"line":40,"column":4},"end":{"line":40,"column":11}},"18":{"start":{"line":44,"column":4},"end":{"line":53,"column":5}},"19":{"start":{"line":45,"column":8},"end":{"line":45,"column":79}},"20":{"start":{"line":47,"column":8},"end":{"line":47,"column":62}},"21":{"start":{"line":48,"column":8},"end":{"line":48,"column":42}},"22":{"start":{"line":49,"column":8},"end":{"line":49,"column":62}},"23":{"start":{"line":51,"column":8},"end":{"line":51,"column":68}},"24":{"start":{"line":52,"column":8},"end":{"line":52,"column":20}},"25":{"start":{"line":57,"column":4},"end":{"line":66,"column":5}},"26":{"start":{"line":58,"column":8},"end":{"line":58,"column":79}},"27":{"start":{"line":60,"column":8},"end":{"line":60,"column":61}},"28":{"start":{"line":61,"column":8},"end":{"line":61,"column":42}},"29":{"start":{"line":62,"column":8},"end":{"line":62,"column":62}},"30":{"start":{"line":64,"column":8},"end":{"line":64,"column":68}},"31":{"start":{"line":65,"column":8},"end":{"line":65,"column":20}},"32":{"start":{"line":69,"column":4},"end":{"line":79,"column":5}},"33":{"start":{"line":70,"column":8},"end":{"line":70,"column":83}},"34":{"start":{"line":72,"column":8},"end":{"line":72,"column":66}},"35":{"start":{"line":73,"column":8},"end":{"line":73,"column":82}},"36":{"start":{"line":75,"column":8},"end":{"line":75,"column":62}},"37":{"start":{"line":77,"column":8},"end":{"line":77,"column":68}},"38":{"start":{"line":78,"column":8},"end":{"line":78,"column":20}},"39":{"start":{"line":82,"column":4},"end":{"line":92,"column":5}},"40":{"start":{"line":83,"column":8},"end":{"line":83,"column":87}},"41":{"start":{"line":85,"column":8},"end":{"line":85,"column":39}},"42":{"start":{"line":86,"column":8},"end":{"line":86,"column":54}},"43":{"start":{"line":87,"column":8},"end":{"line":87,"column":48}},"44":{"start":{"line":88,"column":8},"end":{"line":88,"column":59}},"45":{"start":{"line":90,"column":8},"end":{"line":90,"column":65}},"46":{"start":{"line":91,"column":8},"end":{"line":91,"column":20}},"47":{"start":{"line":96,"column":31},"end":{"line":96,"column":39}},"48":{"start":{"line":97,"column":4},"end":{"line":99,"column":5}},"49":{"start":{"line":98,"column":8},"end":{"line":98,"column":53}},"50":{"start":{"line":100,"column":31},"end":{"line":100,"column":86}},"51":{"start":{"line":100,"column":61},"end":{"line":100,"column":84}},"52":{"start":{"line":101,"column":4},"end":{"line":103,"column":5}},"53":{"start":{"line":102,"column":8},"end":{"line":102,"column":83}},"54":{"start":{"line":104,"column":4},"end":{"line":104,"column":11}},"55":{"start":{"line":108,"column":4},"end":{"line":117,"column":5}},"56":{"start":{"line":109,"column":8},"end":{"line":109,"column":82}},"57":{"start":{"line":111,"column":8},"end":{"line":111,"column":60}},"58":{"start":{"line":112,"column":8},"end":{"line":112,"column":44}},"59":{"start":{"line":113,"column":8},"end":{"line":113,"column":57}},"60":{"start":{"line":115,"column":8},"end":{"line":115,"column":63}},"61":{"start":{"line":116,"column":8},"end":{"line":116,"column":20}}},"fnMap":{"0":{"name":"validateAccountMandatoryFields","decl":{"start":{"line":11,"column":16},"end":{"line":11,"column":46}},"loc":{"start":{"line":11,"column":104},"end":{"line":32,"column":1}},"line":11},"1":{"name":"validateTransferModel","decl":{"start":{"line":34,"column":22},"end":{"line":34,"column":43}},"loc":{"start":{"line":34,"column":108},"end":{"line":41,"column":1}},"line":34},"2":{"name":"validateTransferAccountsB2I","decl":{"start":{"line":43,"column":16},"end":{"line":43,"column":43}},"loc":{"start":{"line":43,"column":104},"end":{"line":54,"column":1}},"line":43},"3":{"name":"validateTransferAccountsF2B","decl":{"start":{"line":56,"column":16},"end":{"line":56,"column":43}},"loc":{"start":{"line":56,"column":100},"end":{"line":67,"column":1}},"line":56},"4":{"name":"validateTransferAccountsB2B","decl":{"start":{"line":68,"column":16},"end":{"line":68,"column":43}},"loc":{"start":{"line":68,"column":114},"end":{"line":80,"column":1}},"line":68},"5":{"name":"validateTransferAccounts","decl":{"start":{"line":81,"column":16},"end":{"line":81,"column":40}},"loc":{"start":{"line":81,"column":124},"end":{"line":94,"column":1}},"line":81},"6":{"name":"validateStatus","decl":{"start":{"line":95,"column":22},"end":{"line":95,"column":36}},"loc":{"start":{"line":95,"column":101},"end":{"line":105,"column":1}},"line":95},"7":{"name":"(anonymous_7)","decl":{"start":{"line":100,"column":46},"end":{"line":100,"column":47}},"loc":{"start":{"line":100,"column":61},"end":{"line":100,"column":84}},"line":100},"8":{"name":"validateStatusAccounts","decl":{"start":{"line":107,"column":16},"end":{"line":107,"column":38}},"loc":{"start":{"line":107,"column":106},"end":{"line":118,"column":1}},"line":107}},"branchMap":{"0":{"loc":{"start":{"line":15,"column":8},"end":{"line":17,"column":9}},"type":"if","locations":[{"start":{"line":15,"column":8},"end":{"line":17,"column":9}},{"start":{"line":15,"column":8},"end":{"line":17,"column":9}}],"line":15},"1":{"loc":{"start":{"line":18,"column":8},"end":{"line":20,"column":9}},"type":"if","locations":[{"start":{"line":18,"column":8},"end":{"line":20,"column":9}},{"start":{"line":18,"column":8},"end":{"line":20,"column":9}}],"line":18},"2":{"loc":{"start":{"line":21,"column":8},"end":{"line":23,"column":9}},"type":"if","locations":[{"start":{"line":21,"column":8},"end":{"line":23,"column":9}},{"start":{"line":21,"column":8},"end":{"line":23,"column":9}}],"line":21},"3":{"loc":{"start":{"line":24,"column":8},"end":{"line":26,"column":9}},"type":"if","locations":[{"start":{"line":24,"column":8},"end":{"line":26,"column":9}},{"start":{"line":24,"column":8},"end":{"line":26,"column":9}}],"line":24},"4":{"loc":{"start":{"line":36,"column":4},"end":{"line":38,"column":5}},"type":"if","locations":[{"start":{"line":36,"column":4},"end":{"line":38,"column":5}},{"start":{"line":36,"column":4},"end":{"line":38,"column":5}}],"line":36},"5":{"loc":{"start":{"line":36,"column":10},"end":{"line":36,"column":41}},"type":"binary-expr","locations":[{"start":{"line":36,"column":10},"end":{"line":36,"column":16}},{"start":{"line":36,"column":20},"end":{"line":36,"column":31}},{"start":{"line":36,"column":35},"end":{"line":36,"column":41}}],"line":36},"6":{"loc":{"start":{"line":68,"column":96},"end":{"line":68,"column":106}},"type":"default-arg","locations":[{"start":{"line":68,"column":101},"end":{"line":68,"column":106}}],"line":68},"7":{"loc":{"start":{"line":81,"column":106},"end":{"line":81,"column":116}},"type":"default-arg","locations":[{"start":{"line":81,"column":111},"end":{"line":81,"column":116}}],"line":81},"8":{"loc":{"start":{"line":97,"column":4},"end":{"line":99,"column":5}},"type":"if","locations":[{"start":{"line":97,"column":4},"end":{"line":99,"column":5}},{"start":{"line":97,"column":4},"end":{"line":99,"column":5}}],"line":97},"9":{"loc":{"start":{"line":97,"column":10},"end":{"line":97,"column":51}},"type":"binary-expr","locations":[{"start":{"line":97,"column":10},"end":{"line":97,"column":18}},{"start":{"line":97,"column":22},"end":{"line":97,"column":28}},{"start":{"line":97,"column":32},"end":{"line":97,"column":51}}],"line":97},"10":{"loc":{"start":{"line":101,"column":4},"end":{"line":103,"column":5}},"type":"if","locations":[{"start":{"line":101,"column":4},"end":{"line":103,"column":5}},{"start":{"line":101,"column":4},"end":{"line":103,"column":5}}],"line":101}},"s":{"0":0,"1":0,"2":0,"3":0,"4":0,"5":0,"6":0,"7":0,"8":0,"9":0,"10":0,"11":0,"12":0,"13":0,"14":0,"15":0,"16":0,"17":0,"18":0,"19":0,"20":0,"21":0,"22":0,"23":0,"24":0,"25":0,"26":0,"27":0,"28":0,"29":0,"30":0,"31":0,"32":0,"33":0,"34":0,"35":0,"36":0,"37":0,"38":0,"39":0,"40":0,"41":0,"42":0,"43":0,"44":0,"45":0,"46":0,"47":0,"48":0,"49":0,"50":0,"51":0,"52":0,"53":0,"54":0,"55":0,"56":0,"57":0,"58":0,"59":0,"60":0,"61":0},"f":{"0":0,"1":0,"2":0,"3":0,"4":0,"5":0,"6":0,"7":0,"8":0},"b":{"0":[0,0],"1":[0,0],"2":[0,0],"3":[0,0],"4":[0,0],"5":[0,0,0],"6":[0],"7":[0],"8":[0,0],"9":[0,0,0],"10":[0,0]},"all":true},"/Users/meirshtarkman/Desktop/Academy/FinaleProject/finalproject-myfork2/src/business/business.db.ts":{"path":"/Users/meirshtarkman/Desktop/Academy/FinaleProject/finalproject-myfork2/src/business/business.db.ts","statementMap":{"0":{"start":{"line":11,"column":4},"end":{"line":21,"column":5}},"1":{"start":{"line":12,"column":8},"end":{"line":12,"column":61}},"2":{"start":{"line":13,"column":27},"end":{"line":13,"column":68}},"3":{"start":{"line":14,"column":27},"end":{"line":14,"column":64}},"4":{"start":{"line":15,"column":8},"end":{"line":15,"column":160}},"5":{"start":{"line":16,"column":8},"end":{"line":16,"column":60}},"6":{"start":{"line":17,"column":8},"end":{"line":17,"column":26}},"7":{"start":{"line":19,"column":8},"end":{"line":19,"column":62}},"8":{"start":{"line":20,"column":8},"end":{"line":20,"column":20}},"9":{"start":{"line":25,"column":4},"end":{"line":38,"column":5}},"10":{"start":{"line":26,"column":8},"end":{"line":26,"column":63}},"11":{"start":{"line":27,"column":23},"end":{"line":28,"column":127}},"12":{"start":{"line":29,"column":8},"end":{"line":31,"column":9}},"13":{"start":{"line":30,"column":12},"end":{"line":30,"column":45}},"14":{"start":{"line":32,"column":25},"end":{"line":32,"column":75}},"15":{"start":{"line":33,"column":8},"end":{"line":33,"column":59}},"16":{"start":{"line":34,"column":8},"end":{"line":34,"column":23}},"17":{"start":{"line":36,"column":8},"end":{"line":36,"column":63}},"18":{"start":{"line":37,"column":8},"end":{"line":37,"column":20}},"19":{"start":{"line":41,"column":4},"end":{"line":53,"column":5}},"20":{"start":{"line":42,"column":8},"end":{"line":42,"column":57}},"21":{"start":{"line":44,"column":119},"end":{"line":44,"column":122}},"22":{"start":{"line":45,"column":36},"end":{"line":45,"column":128}},"23":{"start":{"line":46,"column":8},"end":{"line":46,"column":124}},"24":{"start":{"line":47,"column":8},"end":{"line":47,"column":59}},"25":{"start":{"line":49,"column":8},"end":{"line":49,"column":23}},"26":{"start":{"line":51,"column":8},"end":{"line":51,"column":63}},"27":{"start":{"line":52,"column":8},"end":{"line":52,"column":20}}},"fnMap":{"0":{"name":"createBusinessAccount","decl":{"start":{"line":10,"column":22},"end":{"line":10,"column":43}},"loc":{"start":{"line":10,"column":91},"end":{"line":22,"column":1}},"line":10},"1":{"name":"getBusinessAccountById","decl":{"start":{"line":24,"column":22},"end":{"line":24,"column":44}},"loc":{"start":{"line":24,"column":84},"end":{"line":39,"column":1}},"line":24},"2":{"name":"extractBusinessFromObj","decl":{"start":{"line":40,"column":9},"end":{"line":40,"column":31}},"loc":{"start":{"line":40,"column":65},"end":{"line":54,"column":1}},"line":40}},"branchMap":{"0":{"loc":{"start":{"line":29,"column":8},"end":{"line":31,"column":9}},"type":"if","locations":[{"start":{"line":29,"column":8},"end":{"line":31,"column":9}},{"start":{"line":29,"column":8},"end":{"line":31,"column":9}}],"line":29}},"s":{"0":0,"1":0,"2":0,"3":0,"4":0,"5":0,"6":0,"7":0,"8":0,"9":0,"10":0,"11":0,"12":0,"13":0,"14":0,"15":0,"16":0,"17":0,"18":0,"19":0,"20":0,"21":0,"22":0,"23":0,"24":0,"25":0,"26":0,"27":0},"f":{"0":0,"1":0,"2":0},"b":{"0":[0,0]},"all":true},"/Users/meirshtarkman/Desktop/Academy/FinaleProject/finalproject-myfork2/src/business/business.router.ts":{"path":"/Users/meirshtarkman/Desktop/Academy/FinaleProject/finalproject-myfork2/src/business/business.router.ts","statementMap":{"0":{"start":{"line":10,"column":15},"end":{"line":10,"column":31}},"1":{"start":{"line":15,"column":0},"end":{"line":23,"column":7}},"2":{"start":{"line":16,"column":15},"end":{"line":16,"column":98}},"3":{"start":{"line":17,"column":16},"end":{"line":17,"column":65}},"4":{"start":{"line":18,"column":44},"end":{"line":21,"column":16}},"5":{"start":{"line":22,"column":6},"end":{"line":22,"column":39}},"6":{"start":{"line":26,"column":0},"end":{"line":33,"column":6}},"7":{"start":{"line":27,"column":16},"end":{"line":27,"column":76}},"8":{"start":{"line":28,"column":44},"end":{"line":31,"column":16}},"9":{"start":{"line":32,"column":6},"end":{"line":32,"column":39}}},"fnMap":{"0":{"name":"(anonymous_0)","decl":{"start":{"line":15,"column":48},"end":{"line":15,"column":49}},"loc":{"start":{"line":15,"column":85},"end":{"line":23,"column":3}},"line":15},"1":{"name":"(anonymous_1)","decl":{"start":{"line":26,"column":46},"end":{"line":26,"column":47}},"loc":{"start":{"line":26,"column":83},"end":{"line":33,"column":3}},"line":26}},"branchMap":{},"s":{"0":0,"1":0,"2":0,"3":0,"4":0,"5":0,"6":0,"7":0,"8":0,"9":0},"f":{"0":0,"1":0},"b":{},"all":true},"/Users/meirshtarkman/Desktop/Academy/FinaleProject/finalproject-myfork2/src/business/business.services.ts":{"path":"/Users/meirshtarkman/Desktop/Academy/FinaleProject/finalproject-myfork2/src/business/business.services.ts","statementMap":{"0":{"start":{"line":6,"column":4},"end":{"line":15,"column":5}},"1":{"start":{"line":7,"column":6},"end":{"line":7,"column":55}},"2":{"start":{"line":8,"column":30},"end":{"line":8,"column":79}},"3":{"start":{"line":9,"column":6},"end":{"line":9,"column":61}},"4":{"start":{"line":10,"column":6},"end":{"line":10,"column":29}},"5":{"start":{"line":12,"column":6},"end":{"line":12,"column":56}},"6":{"start":{"line":13,"column":6},"end":{"line":13,"column":15}},"7":{"start":{"line":19,"column":4},"end":{"line":28,"column":5}},"8":{"start":{"line":20,"column":6},"end":{"line":20,"column":57}},"9":{"start":{"line":21,"column":21},"end":{"line":21,"column":80}},"10":{"start":{"line":22,"column":6},"end":{"line":22,"column":57}},"11":{"start":{"line":23,"column":6},"end":{"line":23,"column":21}},"12":{"start":{"line":25,"column":6},"end":{"line":25,"column":56}},"13":{"start":{"line":26,"column":6},"end":{"line":26,"column":15}}},"fnMap":{"0":{"name":"createBusinessAccount","decl":{"start":{"line":5,"column":24},"end":{"line":5,"column":45}},"loc":{"start":{"line":5,"column":87},"end":{"line":16,"column":4}},"line":5},"1":{"name":"getBusinessAccountById","decl":{"start":{"line":18,"column":25},"end":{"line":18,"column":47}},"loc":{"start":{"line":18,"column":78},"end":{"line":29,"column":4}},"line":18}},"branchMap":{},"s":{"0":0,"1":0,"2":0,"3":0,"4":0,"5":0,"6":0,"7":0,"8":0,"9":0,"10":0,"11":0,"12":0,"13":0},"f":{"0":0,"1":0},"b":{},"all":true},"/Users/meirshtarkman/Desktop/Academy/FinaleProject/finalproject-myfork2/src/business/business.validator.ts":{"path":"/Users/meirshtarkman/Desktop/Academy/FinaleProject/finalproject-myfork2/src/business/business.validator.ts","statementMap":{"0":{"start":{"line":10,"column":4},"end":{"line":31,"column":5}},"1":{"start":{"line":12,"column":107},"end":{"line":12,"column":115}},"2":{"start":{"line":13,"column":8},"end":{"line":13,"column":96}},"3":{"start":{"line":15,"column":8},"end":{"line":17,"column":9}},"4":{"start":{"line":16,"column":12},"end":{"line":16,"column":57}},"5":{"start":{"line":18,"column":8},"end":{"line":20,"column":9}},"6":{"start":{"line":19,"column":12},"end":{"line":19,"column":43}},"7":{"start":{"line":21,"column":8},"end":{"line":21,"column":66}},"8":{"start":{"line":23,"column":44},"end":{"line":23,"column":123}},"9":{"start":{"line":24,"column":8},"end":{"line":24,"column":31}},"10":{"start":{"line":25,"column":8},"end":{"line":25,"column":36}},"11":{"start":{"line":26,"column":8},"end":{"line":26,"column":14}},"12":{"start":{"line":28,"column":8},"end":{"line":28,"column":59}},"13":{"start":{"line":29,"column":8},"end":{"line":29,"column":17}}},"fnMap":{"0":{"name":"validateBusinessModel","decl":{"start":{"line":9,"column":22},"end":{"line":9,"column":43}},"loc":{"start":{"line":9,"column":102},"end":{"line":32,"column":1}},"line":9}},"branchMap":{"0":{"loc":{"start":{"line":12,"column":39},"end":{"line":12,"column":51}},"type":"default-arg","locations":[{"start":{"line":12,"column":47},"end":{"line":12,"column":51}}],"line":12},"1":{"loc":{"start":{"line":12,"column":72},"end":{"line":12,"column":84}},"type":"default-arg","locations":[{"start":{"line":12,"column":80},"end":{"line":12,"column":84}}],"line":12},"2":{"loc":{"start":{"line":12,"column":85},"end":{"line":12,"column":94}},"type":"default-arg","locations":[{"start":{"line":12,"column":93},"end":{"line":12,"column":94}}],"line":12},"3":{"loc":{"start":{"line":15,"column":8},"end":{"line":17,"column":9}},"type":"if","locations":[{"start":{"line":15,"column":8},"end":{"line":17,"column":9}},{"start":{"line":15,"column":8},"end":{"line":17,"column":9}}],"line":15},"4":{"loc":{"start":{"line":15,"column":13},"end":{"line":15,"column":39}},"type":"binary-expr","locations":[{"start":{"line":15,"column":13},"end":{"line":15,"column":23}},{"start":{"line":15,"column":27},"end":{"line":15,"column":39}}],"line":15},"5":{"loc":{"start":{"line":18,"column":8},"end":{"line":20,"column":9}},"type":"if","locations":[{"start":{"line":18,"column":8},"end":{"line":20,"column":9}},{"start":{"line":18,"column":8},"end":{"line":20,"column":9}}],"line":18}},"s":{"0":0,"1":0,"2":0,"3":0,"4":0,"5":0,"6":0,"7":0,"8":0,"9":0,"10":0,"11":0,"12":0,"13":0},"f":{"0":0},"b":{"0":[0],"1":[0],"2":[0],"3":[0,0],"4":[0,0],"5":[0,0]},"all":true},"/Users/meirshtarkman/Desktop/Academy/FinaleProject/finalproject-myfork2/src/config.ts":{"path":"/Users/meirshtarkman/Desktop/Academy/FinaleProject/finalproject-myfork2/src/config.ts","statementMap":{"0":{"start":{"line":4,"column":15},"end":{"line":4,"column":96}}},"fnMap":{},"branchMap":{},"s":{"0":0},"f":{},"b":{},"all":true},"/Users/meirshtarkman/Desktop/Academy/FinaleProject/finalproject-myfork2/src/db.utils.ts":{"path":"/Users/meirshtarkman/Desktop/Academy/FinaleProject/finalproject-myfork2/src/db.utils.ts","statementMap":{"0":{"start":{"line":7,"column":3},"end":{"line":16,"column":5}},"1":{"start":{"line":7,"column":12},"end":{"line":7,"column":59}},"2":{"start":{"line":9,"column":26},"end":{"line":9,"column":56}},"3":{"start":{"line":10,"column":26},"end":{"line":10,"column":72}},"4":{"start":{"line":10,"column":58},"end":{"line":10,"column":61}},"5":{"start":{"line":11,"column":19},"end":{"line":11,"column":131}},"6":{"start":{"line":12,"column":4},"end":{"line":12,"column":37}},"7":{"start":{"line":13,"column":4},"end":{"line":13,"column":16}},"8":{"start":{"line":14,"column":8},"end":{"line":14,"column":50}},"9":{"start":{"line":15,"column":7},"end":{"line":15,"column":19}},"10":{"start":{"line":20,"column":4},"end":{"line":35,"column":5}},"11":{"start":{"line":20,"column":16},"end":{"line":20,"column":73}},"12":{"start":{"line":22,"column":27},"end":{"line":22,"column":60}},"13":{"start":{"line":23,"column":26},"end":{"line":23,"column":106}},"14":{"start":{"line":23,"column":42},"end":{"line":23,"column":95}},"15":{"start":{"line":23,"column":78},"end":{"line":23,"column":81}},"16":{"start":{"line":24,"column":26},"end":{"line":28,"column":9}},"17":{"start":{"line":24,"column":44},"end":{"line":24,"column":62}},"18":{"start":{"line":26,"column":8},"end":{"line":26,"column":24}},"19":{"start":{"line":27,"column":8},"end":{"line":27,"column":32}},"20":{"start":{"line":29,"column":19},"end":{"line":29,"column":122}},"21":{"start":{"line":30,"column":4},"end":{"line":30,"column":47}},"22":{"start":{"line":32,"column":4},"end":{"line":32,"column":16}},"23":{"start":{"line":33,"column":8},"end":{"line":33,"column":59}},"24":{"start":{"line":34,"column":7},"end":{"line":34,"column":19}},"25":{"start":{"line":39,"column":4},"end":{"line":49,"column":5}},"26":{"start":{"line":39,"column":16},"end":{"line":39,"column":74}},"27":{"start":{"line":41,"column":26},"end":{"line":41,"column":98}},"28":{"start":{"line":41,"column":61},"end":{"line":41,"column":86}},"29":{"start":{"line":42,"column":24},"end":{"line":42,"column":81}},"30":{"start":{"line":43,"column":19},"end":{"line":43,"column":97}},"31":{"start":{"line":44,"column":4},"end":{"line":44,"column":42}},"32":{"start":{"line":46,"column":4},"end":{"line":46,"column":16}},"33":{"start":{"line":47,"column":8},"end":{"line":47,"column":54}},"34":{"start":{"line":48,"column":7},"end":{"line":48,"column":19}},"35":{"start":{"line":53,"column":3},"end":{"line":71,"column":5}},"36":{"start":{"line":53,"column":15},"end":{"line":53,"column":82}},"37":{"start":{"line":55,"column":26},"end":{"line":55,"column":52}},"38":{"start":{"line":56,"column":29},"end":{"line":56,"column":31}},"39":{"start":{"line":57,"column":4},"end":{"line":60,"column":5}},"40":{"start":{"line":57,"column":17},"end":{"line":57,"column":18}},"41":{"start":{"line":58,"column":26},"end":{"line":58,"column":138}},"42":{"start":{"line":59,"column":8},"end":{"line":59,"column":41}},"43":{"start":{"line":61,"column":21},"end":{"line":61,"column":135}},"44":{"start":{"line":61,"column":38},"end":{"line":61,"column":60}},"45":{"start":{"line":61,"column":74},"end":{"line":61,"column":121}},"46":{"start":{"line":62,"column":4},"end":{"line":62,"column":103}},"47":{"start":{"line":63,"column":19},"end":{"line":63,"column":121}},"48":{"start":{"line":64,"column":4},"end":{"line":64,"column":21}},"49":{"start":{"line":65,"column":4},"end":{"line":65,"column":51}},"50":{"start":{"line":67,"column":4},"end":{"line":67,"column":15}},"51":{"start":{"line":69,"column":8},"end":{"line":69,"column":63}},"52":{"start":{"line":70,"column":7},"end":{"line":70,"column":19}},"53":{"start":{"line":77,"column":4},"end":{"line":86,"column":5}},"54":{"start":{"line":77,"column":16},"end":{"line":77,"column":66}},"55":{"start":{"line":79,"column":28},"end":{"line":79,"column":85}},"56":{"start":{"line":80,"column":19},"end":{"line":80,"column":84}},"57":{"start":{"line":81,"column":4},"end":{"line":81,"column":41}},"58":{"start":{"line":83,"column":4},"end":{"line":83,"column":16}},"59":{"start":{"line":84,"column":8},"end":{"line":84,"column":54}},"60":{"start":{"line":85,"column":7},"end":{"line":85,"column":19}},"61":{"start":{"line":90,"column":4},"end":{"line":101,"column":5}},"62":{"start":{"line":90,"column":16},"end":{"line":90,"column":77}},"63":{"start":{"line":92,"column":29},"end":{"line":92,"column":69}},"64":{"start":{"line":93,"column":24},"end":{"line":93,"column":81}},"65":{"start":{"line":94,"column":19},"end":{"line":94,"column":104}},"66":{"start":{"line":96,"column":4},"end":{"line":96,"column":42}},"67":{"start":{"line":98,"column":4},"end":{"line":98,"column":37}},"68":{"start":{"line":99,"column":8},"end":{"line":99,"column":54}},"69":{"start":{"line":100,"column":7},"end":{"line":100,"column":19}},"70":{"start":{"line":105,"column":4},"end":{"line":114,"column":5}},"71":{"start":{"line":105,"column":8},"end":{"line":105,"column":116}},"72":{"start":{"line":106,"column":29},"end":{"line":106,"column":69}},"73":{"start":{"line":107,"column":24},"end":{"line":107,"column":99}},"74":{"start":{"line":108,"column":21},"end":{"line":108,"column":82}},"75":{"start":{"line":109,"column":19},"end":{"line":109,"column":152}},"76":{"start":{"line":110,"column":4},"end":{"line":110,"column":50}},"77":{"start":{"line":111,"column":4},"end":{"line":111,"column":35}},"78":{"start":{"line":112,"column":8},"end":{"line":112,"column":62}},"79":{"start":{"line":113,"column":7},"end":{"line":113,"column":19}},"80":{"start":{"line":118,"column":3},"end":{"line":128,"column":1}},"81":{"start":{"line":118,"column":12},"end":{"line":118,"column":66}},"82":{"start":{"line":120,"column":28},"end":{"line":120,"column":68}},"83":{"start":{"line":121,"column":19},"end":{"line":121,"column":80}},"84":{"start":{"line":122,"column":4},"end":{"line":122,"column":41}},"85":{"start":{"line":124,"column":4},"end":{"line":124,"column":35}},"86":{"start":{"line":126,"column":4},"end":{"line":126,"column":49}},"87":{"start":{"line":127,"column":3},"end":{"line":127,"column":15}},"88":{"start":{"line":131,"column":4},"end":{"line":141,"column":5}},"89":{"start":{"line":131,"column":16},"end":{"line":131,"column":96}},"90":{"start":{"line":133,"column":29},"end":{"line":133,"column":69}},"91":{"start":{"line":134,"column":4},"end":{"line":134,"column":65}},"92":{"start":{"line":135,"column":19},"end":{"line":135,"column":117}},"93":{"start":{"line":136,"column":4},"end":{"line":136,"column":49}},"94":{"start":{"line":138,"column":4},"end":{"line":138,"column":35}},"95":{"start":{"line":139,"column":8},"end":{"line":139,"column":61}},"96":{"start":{"line":140,"column":7},"end":{"line":140,"column":19}}},"fnMap":{"0":{"name":"createRow","decl":{"start":{"line":6,"column":22},"end":{"line":6,"column":31}},"loc":{"start":{"line":6,"column":83},"end":{"line":17,"column":1}},"line":6},"1":{"name":"(anonymous_1)","decl":{"start":{"line":10,"column":52},"end":{"line":10,"column":53}},"loc":{"start":{"line":10,"column":58},"end":{"line":10,"column":61}},"line":10},"2":{"name":"createMultipleRows","decl":{"start":{"line":19,"column":22},"end":{"line":19,"column":40}},"loc":{"start":{"line":19,"column":94},"end":{"line":36,"column":1}},"line":19},"3":{"name":"(anonymous_3)","decl":{"start":{"line":23,"column":38},"end":{"line":23,"column":39}},"loc":{"start":{"line":23,"column":42},"end":{"line":23,"column":95}},"line":23},"4":{"name":"(anonymous_4)","decl":{"start":{"line":23,"column":72},"end":{"line":23,"column":73}},"loc":{"start":{"line":23,"column":78},"end":{"line":23,"column":81}},"line":23},"5":{"name":"(anonymous_5)","decl":{"start":{"line":24,"column":38},"end":{"line":24,"column":39}},"loc":{"start":{"line":24,"column":44},"end":{"line":24,"column":62}},"line":24},"6":{"name":"(anonymous_6)","decl":{"start":{"line":25,"column":11},"end":{"line":25,"column":12}},"loc":{"start":{"line":25,"column":26},"end":{"line":28,"column":5}},"line":25},"7":{"name":"updaetRowById","decl":{"start":{"line":38,"column":22},"end":{"line":38,"column":35}},"loc":{"start":{"line":38,"column":100},"end":{"line":50,"column":1}},"line":38},"8":{"name":"(anonymous_8)","decl":{"start":{"line":41,"column":54},"end":{"line":41,"column":55}},"loc":{"start":{"line":41,"column":61},"end":{"line":41,"column":86}},"line":41},"9":{"name":"updateMultipleRowsById","decl":{"start":{"line":52,"column":22},"end":{"line":52,"column":44}},"loc":{"start":{"line":52,"column":111},"end":{"line":72,"column":1}},"line":52},"10":{"name":"(anonymous_10)","decl":{"start":{"line":61,"column":31},"end":{"line":61,"column":32}},"loc":{"start":{"line":61,"column":38},"end":{"line":61,"column":60}},"line":61},"11":{"name":"(anonymous_11)","decl":{"start":{"line":61,"column":66},"end":{"line":61,"column":67}},"loc":{"start":{"line":61,"column":74},"end":{"line":61,"column":121}},"line":61},"12":{"name":"deleteRowById","decl":{"start":{"line":76,"column":22},"end":{"line":76,"column":35}},"loc":{"start":{"line":76,"column":84},"end":{"line":87,"column":1}},"line":76},"13":{"name":"selectRowById","decl":{"start":{"line":89,"column":22},"end":{"line":89,"column":35}},"loc":{"start":{"line":89,"column":115},"end":{"line":102,"column":1}},"line":89},"14":{"name":"selectRowByIdWithJoin","decl":{"start":{"line":104,"column":22},"end":{"line":104,"column":43}},"loc":{"start":{"line":104,"column":184},"end":{"line":115,"column":1}},"line":104},"15":{"name":"selectAllRow","decl":{"start":{"line":117,"column":22},"end":{"line":117,"column":34}},"loc":{"start":{"line":117,"column":100},"end":{"line":128,"column":2}},"line":117},"16":{"name":"selectRowsPagination","decl":{"start":{"line":130,"column":22},"end":{"line":130,"column":42}},"loc":{"start":{"line":130,"column":143},"end":{"line":142,"column":1}},"line":130}},"branchMap":{"0":{"loc":{"start":{"line":92,"column":29},"end":{"line":92,"column":69}},"type":"cond-expr","locations":[{"start":{"line":92,"column":42},"end":{"line":92,"column":64}},{"start":{"line":92,"column":66},"end":{"line":92,"column":69}}],"line":92},"1":{"loc":{"start":{"line":106,"column":29},"end":{"line":106,"column":69}},"type":"cond-expr","locations":[{"start":{"line":106,"column":42},"end":{"line":106,"column":64}},{"start":{"line":106,"column":66},"end":{"line":106,"column":69}}],"line":106},"2":{"loc":{"start":{"line":120,"column":28},"end":{"line":120,"column":68}},"type":"cond-expr","locations":[{"start":{"line":120,"column":41},"end":{"line":120,"column":63}},{"start":{"line":120,"column":65},"end":{"line":120,"column":68}}],"line":120},"3":{"loc":{"start":{"line":133,"column":29},"end":{"line":133,"column":69}},"type":"cond-expr","locations":[{"start":{"line":133,"column":42},"end":{"line":133,"column":64}},{"start":{"line":133,"column":66},"end":{"line":133,"column":69}}],"line":133},"4":{"loc":{"start":{"line":134,"column":17},"end":{"line":134,"column":64}},"type":"cond-expr","locations":[{"start":{"line":134,"column":35},"end":{"line":134,"column":59}},{"start":{"line":134,"column":63},"end":{"line":134,"column":64}}],"line":134}},"s":{"0":0,"1":0,"2":0,"3":0,"4":0,"5":0,"6":0,"7":0,"8":0,"9":0,"10":0,"11":0,"12":0,"13":0,"14":0,"15":0,"16":0,"17":0,"18":0,"19":0,"20":0,"21":0,"22":0,"23":0,"24":0,"25":0,"26":0,"27":0,"28":0,"29":0,"30":0,"31":0,"32":0,"33":0,"34":0,"35":0,"36":0,"37":0,"38":0,"39":0,"40":0,"41":0,"42":0,"43":0,"44":0,"45":0,"46":0,"47":0,"48":0,"49":0,"50":0,"51":0,"52":0,"53":0,"54":0,"55":0,"56":0,"57":0,"58":0,"59":0,"60":0,"61":0,"62":0,"63":0,"64":0,"65":0,"66":0,"67":0,"68":0,"69":0,"70":0,"71":0,"72":0,"73":0,"74":0,"75":0,"76":0,"77":0,"78":0,"79":0,"80":0,"81":0,"82":0,"83":0,"84":0,"85":0,"86":0,"87":0,"88":0,"89":0,"90":0,"91":0,"92":0,"93":0,"94":0,"95":0,"96":0},"f":{"0":0,"1":0,"2":0,"3":0,"4":0,"5":0,"6":0,"7":0,"8":0,"9":0,"10":0,"11":0,"12":0,"13":0,"14":0,"15":0,"16":0},"b":{"0":[0,0],"1":[0,0],"2":[0,0],"3":[0,0],"4":[0,0]},"all":true},"/Users/meirshtarkman/Desktop/Academy/FinaleProject/finalproject-myfork2/src/db/sql/sql.connection.ts":{"path":"/Users/meirshtarkman/Desktop/Academy/FinaleProject/finalproject-myfork2/src/db/sql/sql.connection.ts","statementMap":{"0":{"start":{"line":13,"column":4},"end":{"line":13,"column":10}},"1":{"start":{"line":16,"column":2},"end":{"line":16,"column":19}},"2":{"start":{"line":16,"column":9},"end":{"line":16,"column":19}},"3":{"start":{"line":17,"column":4},"end":{"line":23,"column":9}},"4":{"start":{"line":24,"column":6},"end":{"line":24,"column":25}},"5":{"start":{"line":25,"column":6},"end":{"line":25,"column":50}}},"fnMap":{"0":{"name":"connectDb","decl":{"start":{"line":15,"column":22},"end":{"line":15,"column":31}},"loc":{"start":{"line":15,"column":66},"end":{"line":26,"column":5}},"line":15}},"branchMap":{"0":{"loc":{"start":{"line":8,"column":4},"end":{"line":8,"column":23}},"type":"default-arg","locations":[{"start":{"line":8,"column":12},"end":{"line":8,"column":23}}],"line":8},"1":{"loc":{"start":{"line":9,"column":4},"end":{"line":9,"column":18}},"type":"default-arg","locations":[{"start":{"line":9,"column":12},"end":{"line":9,"column":18}}],"line":9},"2":{"loc":{"start":{"line":10,"column":4},"end":{"line":10,"column":20}},"type":"default-arg","locations":[{"start":{"line":10,"column":12},"end":{"line":10,"column":20}}],"line":10},"3":{"loc":{"start":{"line":11,"column":4},"end":{"line":11,"column":23}},"type":"default-arg","locations":[{"start":{"line":11,"column":17},"end":{"line":11,"column":23}}],"line":11},"4":{"loc":{"start":{"line":12,"column":4},"end":{"line":12,"column":29}},"type":"default-arg","locations":[{"start":{"line":12,"column":21},"end":{"line":12,"column":29}}],"line":12},"5":{"loc":{"start":{"line":16,"column":2},"end":{"line":16,"column":19}},"type":"if","locations":[{"start":{"line":16,"column":2},"end":{"line":16,"column":19}},{"start":{"line":16,"column":2},"end":{"line":16,"column":19}}],"line":16}},"s":{"0":0,"1":0,"2":0,"3":0,"4":0,"5":0},"f":{"0":0},"b":{"0":[0],"1":[0],"2":[0],"3":[0],"4":[0],"5":[0,0]},"all":true},"/Users/meirshtarkman/Desktop/Academy/FinaleProject/finalproject-myfork2/src/exceptions/errorFactoryClass.ts":{"path":"/Users/meirshtarkman/Desktop/Academy/FinaleProject/finalproject-myfork2/src/exceptions/errorFactoryClass.ts","statementMap":{"0":{"start":{"line":14,"column":30},"end":{"line":14,"column":48}},"1":{"start":{"line":15,"column":21},"end":{"line":15,"column":44}},"2":{"start":{"line":16,"column":28},"end":{"line":16,"column":56}},"3":{"start":{"line":18,"column":8},"end":{"line":43,"column":10}},"4":{"start":{"line":20,"column":15},"end":{"line":20,"column":61}},"5":{"start":{"line":23,"column":16},"end":{"line":23,"column":67}},"6":{"start":{"line":26,"column":16},"end":{"line":26,"column":71}},"7":{"start":{"line":29,"column":16},"end":{"line":29,"column":69}},"8":{"start":{"line":32,"column":16},"end":{"line":32,"column":71}},"9":{"start":{"line":35,"column":16},"end":{"line":35,"column":57}},"10":{"start":{"line":38,"column":16},"end":{"line":38,"column":63}},"11":{"start":{"line":41,"column":15},"end":{"line":41,"column":63}},"12":{"start":{"line":47,"column":21},"end":{"line":47,"column":48}}},"fnMap":{"0":{"name":"(anonymous_0)","decl":{"start":{"line":13,"column":4},"end":{"line":13,"column":5}},"loc":{"start":{"line":13,"column":41},"end":{"line":44,"column":5}},"line":13}},"branchMap":{"0":{"loc":{"start":{"line":16,"column":28},"end":{"line":16,"column":56}},"type":"binary-expr","locations":[{"start":{"line":16,"column":28},"end":{"line":16,"column":52}},{"start":{"line":16,"column":54},"end":{"line":16,"column":56}}],"line":16},"1":{"loc":{"start":{"line":18,"column":8},"end":{"line":43,"column":10}},"type":"switch","locations":[{"start":{"line":19,"column":12},"end":{"line":21,"column":13}},{"start":{"line":22,"column":12},"end":{"line":24,"column":13}},{"start":{"line":25,"column":12},"end":{"line":27,"column":13}},{"start":{"line":28,"column":12},"end":{"line":30,"column":13}},{"start":{"line":31,"column":12},"end":{"line":33,"column":13}},{"start":{"line":34,"column":12},"end":{"line":36,"column":13}},{"start":{"line":37,"column":12},"end":{"line":39,"column":13}},{"start":{"line":40,"column":12},"end":{"line":42,"column":13}}],"line":18}},"s":{"0":0,"1":0,"2":0,"3":0,"4":0,"5":0,"6":0,"7":0,"8":0,"9":0,"10":0,"11":0,"12":0},"f":{"0":0},"b":{"0":[0,0],"1":[0,0,0,0,0,0,0,0]},"all":true},"/Users/meirshtarkman/Desktop/Academy/FinaleProject/finalproject-myfork2/src/exceptions/HttpAccountBallanceTooLowError.ts":{"path":"/Users/meirshtarkman/Desktop/Academy/FinaleProject/finalproject-myfork2/src/exceptions/HttpAccountBallanceTooLowError.ts","statementMap":{"0":{"start":{"line":6,"column":8},"end":{"line":6,"column":46}},"1":{"start":{"line":10,"column":8},"end":{"line":12,"column":14}}},"fnMap":{"0":{"name":"(anonymous_0)","decl":{"start":{"line":5,"column":4},"end":{"line":5,"column":5}},"loc":{"start":{"line":5,"column":44},"end":{"line":7,"column":5}},"line":5},"1":{"name":"(anonymous_1)","decl":{"start":{"line":9,"column":4},"end":{"line":9,"column":5}},"loc":{"start":{"line":9,"column":23},"end":{"line":13,"column":5}},"line":9}},"branchMap":{},"s":{"0":0,"1":0},"f":{"0":0,"1":0},"b":{},"all":true},"/Users/meirshtarkman/Desktop/Academy/FinaleProject/finalproject-myfork2/src/exceptions/HttpAccountDoesNotExistError.ts":{"path":"/Users/meirshtarkman/Desktop/Academy/FinaleProject/finalproject-myfork2/src/exceptions/HttpAccountDoesNotExistError.ts","statementMap":{"0":{"start":{"line":6,"column":8},"end":{"line":6,"column":44}},"1":{"start":{"line":10,"column":8},"end":{"line":12,"column":14}}},"fnMap":{"0":{"name":"(anonymous_0)","decl":{"start":{"line":5,"column":4},"end":{"line":5,"column":5}},"loc":{"start":{"line":5,"column":44},"end":{"line":7,"column":5}},"line":5},"1":{"name":"(anonymous_1)","decl":{"start":{"line":9,"column":4},"end":{"line":9,"column":5}},"loc":{"start":{"line":9,"column":23},"end":{"line":13,"column":5}},"line":9}},"branchMap":{},"s":{"0":0,"1":0},"f":{"0":0,"1":0},"b":{},"all":true},"/Users/meirshtarkman/Desktop/Academy/FinaleProject/finalproject-myfork2/src/exceptions/HttpDataNotFoundError.ts":{"path":"/Users/meirshtarkman/Desktop/Academy/FinaleProject/finalproject-myfork2/src/exceptions/HttpDataNotFoundError.ts","statementMap":{"0":{"start":{"line":6,"column":8},"end":{"line":6,"column":36}},"1":{"start":{"line":10,"column":8},"end":{"line":12,"column":14}}},"fnMap":{"0":{"name":"(anonymous_0)","decl":{"start":{"line":5,"column":4},"end":{"line":5,"column":5}},"loc":{"start":{"line":5,"column":44},"end":{"line":7,"column":5}},"line":5},"1":{"name":"(anonymous_1)","decl":{"start":{"line":9,"column":4},"end":{"line":9,"column":5}},"loc":{"start":{"line":9,"column":23},"end":{"line":13,"column":5}},"line":9}},"branchMap":{},"s":{"0":0,"1":0},"f":{"0":0,"1":0},"b":{},"all":true},"/Users/meirshtarkman/Desktop/Academy/FinaleProject/finalproject-myfork2/src/exceptions/httpError.ts":{"path":"/Users/meirshtarkman/Desktop/Academy/FinaleProject/finalproject-myfork2/src/exceptions/httpError.ts","statementMap":{"0":{"start":{"line":4,"column":8},"end":{"line":4,"column":23}},"1":{"start":{"line":7,"column":8},"end":{"line":9,"column":14}}},"fnMap":{"0":{"name":"(anonymous_0)","decl":{"start":{"line":3,"column":4},"end":{"line":3,"column":5}},"loc":{"start":{"line":3,"column":67},"end":{"line":5,"column":5}},"line":3},"1":{"name":"(anonymous_1)","decl":{"start":{"line":6,"column":4},"end":{"line":6,"column":5}},"loc":{"start":{"line":6,"column":23},"end":{"line":10,"column":5}},"line":6}},"branchMap":{},"s":{"0":0,"1":0},"f":{"0":0,"1":0},"b":{},"all":true},"/Users/meirshtarkman/Desktop/Academy/FinaleProject/finalproject-myfork2/src/exceptions/HttpInvalidAmountError.ts":{"path":"/Users/meirshtarkman/Desktop/Academy/FinaleProject/finalproject-myfork2/src/exceptions/HttpInvalidAmountError.ts","statementMap":{"0":{"start":{"line":6,"column":8},"end":{"line":6,"column":42}},"1":{"start":{"line":10,"column":8},"end":{"line":12,"column":14}}},"fnMap":{"0":{"name":"(anonymous_0)","decl":{"start":{"line":5,"column":4},"end":{"line":5,"column":5}},"loc":{"start":{"line":5,"column":44},"end":{"line":7,"column":5}},"line":5},"1":{"name":"(anonymous_1)","decl":{"start":{"line":9,"column":4},"end":{"line":9,"column":5}},"loc":{"start":{"line":9,"column":23},"end":{"line":13,"column":5}},"line":9}},"branchMap":{},"s":{"0":0,"1":0},"f":{"0":0,"1":0},"b":{},"all":true},"/Users/meirshtarkman/Desktop/Academy/FinaleProject/finalproject-myfork2/src/exceptions/HttpInvalidFieldError.ts":{"path":"/Users/meirshtarkman/Desktop/Academy/FinaleProject/finalproject-myfork2/src/exceptions/HttpInvalidFieldError.ts","statementMap":{"0":{"start":{"line":5,"column":8},"end":{"line":5,"column":35}},"1":{"start":{"line":8,"column":8},"end":{"line":10,"column":14}}},"fnMap":{"0":{"name":"(anonymous_0)","decl":{"start":{"line":4,"column":4},"end":{"line":4,"column":5}},"loc":{"start":{"line":4,"column":44},"end":{"line":6,"column":5}},"line":4},"1":{"name":"(anonymous_1)","decl":{"start":{"line":7,"column":4},"end":{"line":7,"column":5}},"loc":{"start":{"line":7,"column":23},"end":{"line":11,"column":5}},"line":7}},"branchMap":{},"s":{"0":0,"1":0},"f":{"0":0,"1":0},"b":{},"all":true},"/Users/meirshtarkman/Desktop/Academy/FinaleProject/finalproject-myfork2/src/exceptions/HttpInvalidFieldValueError.ts":{"path":"/Users/meirshtarkman/Desktop/Academy/FinaleProject/finalproject-myfork2/src/exceptions/HttpInvalidFieldValueError.ts","statementMap":{"0":{"start":{"line":6,"column":8},"end":{"line":6,"column":41}},"1":{"start":{"line":10,"column":8},"end":{"line":12,"column":14}}},"fnMap":{"0":{"name":"(anonymous_0)","decl":{"start":{"line":5,"column":4},"end":{"line":5,"column":5}},"loc":{"start":{"line":5,"column":44},"end":{"line":7,"column":5}},"line":5},"1":{"name":"(anonymous_1)","decl":{"start":{"line":9,"column":4},"end":{"line":9,"column":5}},"loc":{"start":{"line":9,"column":23},"end":{"line":13,"column":5}},"line":9}},"branchMap":{},"s":{"0":0,"1":0},"f":{"0":0,"1":0},"b":{},"all":true},"/Users/meirshtarkman/Desktop/Academy/FinaleProject/finalproject-myfork2/src/exceptions/HttpMissingRequieredFieldError.ts":{"path":"/Users/meirshtarkman/Desktop/Academy/FinaleProject/finalproject-myfork2/src/exceptions/HttpMissingRequieredFieldError.ts","statementMap":{"0":{"start":{"line":6,"column":8},"end":{"line":6,"column":45}},"1":{"start":{"line":10,"column":8},"end":{"line":12,"column":14}}},"fnMap":{"0":{"name":"(anonymous_0)","decl":{"start":{"line":5,"column":4},"end":{"line":5,"column":5}},"loc":{"start":{"line":5,"column":44},"end":{"line":7,"column":5}},"line":5},"1":{"name":"(anonymous_1)","decl":{"start":{"line":9,"column":4},"end":{"line":9,"column":5}},"loc":{"start":{"line":9,"column":23},"end":{"line":13,"column":5}},"line":9}},"branchMap":{},"s":{"0":0,"1":0},"f":{"0":0,"1":0},"b":{},"all":true},"/Users/meirshtarkman/Desktop/Academy/FinaleProject/finalproject-myfork2/src/family/family.db.ts":{"path":"/Users/meirshtarkman/Desktop/Academy/FinaleProject/finalproject-myfork2/src/family/family.db.ts","statementMap":{"0":{"start":{"line":12,"column":4},"end":{"line":23,"column":5}},"1":{"start":{"line":13,"column":8},"end":{"line":13,"column":63}},"2":{"start":{"line":15,"column":27},"end":{"line":15,"column":76}},"3":{"start":{"line":16,"column":8},"end":{"line":16,"column":76}},"4":{"start":{"line":17,"column":8},"end":{"line":17,"column":64}},"5":{"start":{"line":19,"column":8},"end":{"line":19,"column":26}},"6":{"start":{"line":21,"column":8},"end":{"line":21,"column":66}},"7":{"start":{"line":22,"column":8},"end":{"line":22,"column":20}},"8":{"start":{"line":28,"column":4},"end":{"line":40,"column":5}},"9":{"start":{"line":29,"column":8},"end":{"line":29,"column":72}},"10":{"start":{"line":30,"column":27},"end":{"line":30,"column":130}},"11":{"start":{"line":31,"column":8},"end":{"line":33,"column":9}},"12":{"start":{"line":32,"column":12},"end":{"line":32,"column":45}},"13":{"start":{"line":34,"column":30},"end":{"line":34,"column":98}},"14":{"start":{"line":35,"column":8},"end":{"line":35,"column":73}},"15":{"start":{"line":36,"column":8},"end":{"line":36,"column":29}},"16":{"start":{"line":38,"column":8},"end":{"line":38,"column":72}},"17":{"start":{"line":39,"column":8},"end":{"line":39,"column":20}},"18":{"start":{"line":44,"column":4},"end":{"line":54,"column":5}},"19":{"start":{"line":45,"column":8},"end":{"line":45,"column":65}},"20":{"start":{"line":47,"column":8},"end":{"line":47,"column":76}},"21":{"start":{"line":48,"column":8},"end":{"line":48,"column":62}},"22":{"start":{"line":50,"column":8},"end":{"line":50,"column":22}},"23":{"start":{"line":52,"column":8},"end":{"line":52,"column":67}},"24":{"start":{"line":53,"column":8},"end":{"line":53,"column":20}},"25":{"start":{"line":58,"column":4},"end":{"line":69,"column":5}},"26":{"start":{"line":59,"column":8},"end":{"line":59,"column":67}},"27":{"start":{"line":61,"column":23},"end":{"line":61,"column":114}},"28":{"start":{"line":62,"column":28},"end":{"line":62,"column":60}},"29":{"start":{"line":63,"column":8},"end":{"line":63,"column":67}},"30":{"start":{"line":65,"column":8},"end":{"line":65,"column":27}},"31":{"start":{"line":67,"column":8},"end":{"line":67,"column":68}},"32":{"start":{"line":68,"column":8},"end":{"line":68,"column":20}},"33":{"start":{"line":73,"column":4},"end":{"line":86,"column":5}},"34":{"start":{"line":74,"column":8},"end":{"line":74,"column":70}},"35":{"start":{"line":75,"column":27},"end":{"line":75,"column":129}},"36":{"start":{"line":76,"column":8},"end":{"line":78,"column":9}},"37":{"start":{"line":77,"column":12},"end":{"line":77,"column":45}},"38":{"start":{"line":80,"column":30},"end":{"line":80,"column":97}},"39":{"start":{"line":81,"column":8},"end":{"line":81,"column":72}},"40":{"start":{"line":82,"column":8},"end":{"line":82,"column":29}},"41":{"start":{"line":84,"column":8},"end":{"line":84,"column":71}},"42":{"start":{"line":85,"column":8},"end":{"line":85,"column":20}},"43":{"start":{"line":90,"column":4},"end":{"line":100,"column":5}},"44":{"start":{"line":91,"column":8},"end":{"line":91,"column":62}},"45":{"start":{"line":93,"column":8},"end":{"line":93,"column":71}},"46":{"start":{"line":94,"column":8},"end":{"line":94,"column":59}},"47":{"start":{"line":96,"column":8},"end":{"line":96,"column":22}},"48":{"start":{"line":98,"column":8},"end":{"line":98,"column":64}},"49":{"start":{"line":99,"column":8},"end":{"line":99,"column":20}},"50":{"start":{"line":104,"column":4},"end":{"line":124,"column":5}},"51":{"start":{"line":105,"column":8},"end":{"line":105,"column":65}},"52":{"start":{"line":107,"column":23},"end":{"line":110,"column":77}},"53":{"start":{"line":111,"column":8},"end":{"line":120,"column":9}},"54":{"start":{"line":112,"column":12},"end":{"line":112,"column":60}},"55":{"start":{"line":114,"column":12},"end":{"line":114,"column":21}},"56":{"start":{"line":116,"column":32},"end":{"line":116,"column":91}},"57":{"start":{"line":117,"column":12},"end":{"line":117,"column":69}},"58":{"start":{"line":119,"column":12},"end":{"line":119,"column":31}},"59":{"start":{"line":122,"column":8},"end":{"line":122,"column":66}},"60":{"start":{"line":123,"column":8},"end":{"line":123,"column":20}},"61":{"start":{"line":129,"column":4},"end":{"line":140,"column":5}},"62":{"start":{"line":130,"column":8},"end":{"line":130,"column":85}},"63":{"start":{"line":132,"column":20},"end":{"line":132,"column":139}},"64":{"start":{"line":132,"column":99},"end":{"line":132,"column":134}},"65":{"start":{"line":133,"column":8},"end":{"line":133,"column":67}},"66":{"start":{"line":135,"column":8},"end":{"line":135,"column":19}},"67":{"start":{"line":138,"column":8},"end":{"line":138,"column":76}},"68":{"start":{"line":139,"column":8},"end":{"line":139,"column":20}},"69":{"start":{"line":144,"column":4},"end":{"line":153,"column":5}},"70":{"start":{"line":145,"column":8},"end":{"line":145,"column":89}},"71":{"start":{"line":146,"column":25},"end":{"line":146,"column":95}},"72":{"start":{"line":146,"column":45},"end":{"line":146,"column":81}},"73":{"start":{"line":147,"column":22},"end":{"line":147,"column":118}},"74":{"start":{"line":148,"column":8},"end":{"line":148,"column":72}},"75":{"start":{"line":149,"column":8},"end":{"line":149,"column":19}},"76":{"start":{"line":151,"column":8},"end":{"line":151,"column":81}},"77":{"start":{"line":152,"column":8},"end":{"line":152,"column":20}},"78":{"start":{"line":157,"column":4},"end":{"line":167,"column":5}},"79":{"start":{"line":158,"column":8},"end":{"line":158,"column":55}},"80":{"start":{"line":160,"column":84},"end":{"line":160,"column":87}},"81":{"start":{"line":161,"column":32},"end":{"line":161,"column":98}},"82":{"start":{"line":162,"column":8},"end":{"line":162,"column":55}},"83":{"start":{"line":163,"column":8},"end":{"line":163,"column":21}},"84":{"start":{"line":165,"column":8},"end":{"line":165,"column":61}},"85":{"start":{"line":166,"column":8},"end":{"line":166,"column":20}}},"fnMap":{"0":{"name":"createFamilyAccount","decl":{"start":{"line":11,"column":22},"end":{"line":11,"column":41}},"loc":{"start":{"line":11,"column":85},"end":{"line":24,"column":1}},"line":11},"1":{"name":"getFamilyAccountByIdShort","decl":{"start":{"line":27,"column":22},"end":{"line":27,"column":47}},"loc":{"start":{"line":27,"column":85},"end":{"line":41,"column":1}},"line":27},"2":{"name":"addOwners_idToFamily","decl":{"start":{"line":43,"column":15},"end":{"line":43,"column":35}},"loc":{"start":{"line":43,"column":72},"end":{"line":55,"column":1}},"line":43},"3":{"name":"getAllFamilyMembersId","decl":{"start":{"line":57,"column":22},"end":{"line":57,"column":43}},"loc":{"start":{"line":57,"column":97},"end":{"line":70,"column":1}},"line":57},"4":{"name":"getFamilyAccountByIdFull","decl":{"start":{"line":72,"column":22},"end":{"line":72,"column":46}},"loc":{"start":{"line":72,"column":83},"end":{"line":87,"column":1}},"line":72},"5":{"name":"addOwnersToFamily","decl":{"start":{"line":89,"column":15},"end":{"line":89,"column":32}},"loc":{"start":{"line":89,"column":69},"end":{"line":101,"column":1}},"line":89},"6":{"name":"getAllFamilyMembers","decl":{"start":{"line":103,"column":22},"end":{"line":103,"column":41}},"loc":{"start":{"line":103,"column":84},"end":{"line":125,"column":1}},"line":103},"7":{"name":"addIndividualsToFamilyAccount","decl":{"start":{"line":128,"column":22},"end":{"line":128,"column":51}},"loc":{"start":{"line":128,"column":107},"end":{"line":141,"column":1}},"line":128},"8":{"name":"(anonymous_8)","decl":{"start":{"line":132,"column":80},"end":{"line":132,"column":81}},"loc":{"start":{"line":132,"column":97},"end":{"line":132,"column":136}},"line":132},"9":{"name":"removeIndividualsFromFamilyAccount","decl":{"start":{"line":143,"column":22},"end":{"line":143,"column":56}},"loc":{"start":{"line":143,"column":121},"end":{"line":154,"column":1}},"line":143},"10":{"name":"(anonymous_10)","decl":{"start":{"line":146,"column":37},"end":{"line":146,"column":38}},"loc":{"start":{"line":146,"column":45},"end":{"line":146,"column":81}},"line":146},"11":{"name":"extractFamilyFromObj","decl":{"start":{"line":156,"column":16},"end":{"line":156,"column":36}},"loc":{"start":{"line":156,"column":60},"end":{"line":168,"column":1}},"line":156}},"branchMap":{"0":{"loc":{"start":{"line":31,"column":8},"end":{"line":33,"column":9}},"type":"if","locations":[{"start":{"line":31,"column":8},"end":{"line":33,"column":9}},{"start":{"line":31,"column":8},"end":{"line":33,"column":9}}],"line":31},"1":{"loc":{"start":{"line":76,"column":8},"end":{"line":78,"column":9}},"type":"if","locations":[{"start":{"line":76,"column":8},"end":{"line":78,"column":9}},{"start":{"line":76,"column":8},"end":{"line":78,"column":9}}],"line":76},"2":{"loc":{"start":{"line":111,"column":8},"end":{"line":120,"column":9}},"type":"if","locations":[{"start":{"line":111,"column":8},"end":{"line":120,"column":9}},{"start":{"line":111,"column":8},"end":{"line":120,"column":9}}],"line":111}},"s":{"0":0,"1":0,"2":0,"3":0,"4":0,"5":0,"6":0,"7":0,"8":0,"9":0,"10":0,"11":0,"12":0,"13":0,"14":0,"15":0,"16":0,"17":0,"18":0,"19":0,"20":0,"21":0,"22":0,"23":0,"24":0,"25":0,"26":0,"27":0,"28":0,"29":0,"30":0,"31":0,"32":0,"33":0,"34":0,"35":0,"36":0,"37":0,"38":0,"39":0,"40":0,"41":0,"42":0,"43":0,"44":0,"45":0,"46":0,"47":0,"48":0,"49":0,"50":0,"51":0,"52":0,"53":0,"54":0,"55":0,"56":0,"57":0,"58":0,"59":0,"60":0,"61":0,"62":0,"63":0,"64":0,"65":0,"66":0,"67":0,"68":0,"69":0,"70":0,"71":0,"72":0,"73":0,"74":0,"75":0,"76":0,"77":0,"78":0,"79":0,"80":0,"81":0,"82":0,"83":0,"84":0,"85":0},"f":{"0":0,"1":0,"2":0,"3":0,"4":0,"5":0,"6":0,"7":0,"8":0,"9":0,"10":0,"11":0},"b":{"0":[0,0],"1":[0,0],"2":[0,0]},"all":true},"/Users/meirshtarkman/Desktop/Academy/FinaleProject/finalproject-myfork2/src/family/family.router.ts":{"path":"/Users/meirshtarkman/Desktop/Academy/FinaleProject/finalproject-myfork2/src/family/family.router.ts","statementMap":{"0":{"start":{"line":13,"column":15},"end":{"line":13,"column":31}},"1":{"start":{"line":18,"column":0},"end":{"line":26,"column":6}},"2":{"start":{"line":19,"column":11},"end":{"line":19,"column":122}},"3":{"start":{"line":20,"column":12},"end":{"line":20,"column":73}},"4":{"start":{"line":21,"column":40},"end":{"line":24,"column":12}},"5":{"start":{"line":25,"column":2},"end":{"line":25,"column":35}},"6":{"start":{"line":29,"column":0},"end":{"line":32,"column":6}},"7":{"start":{"line":30,"column":16},"end":{"line":30,"column":76}},"8":{"start":{"line":31,"column":4},"end":{"line":31,"column":30}},"9":{"start":{"line":35,"column":2},"end":{"line":38,"column":6}},"10":{"start":{"line":36,"column":16},"end":{"line":36,"column":77}},"11":{"start":{"line":37,"column":4},"end":{"line":37,"column":30}},"12":{"start":{"line":41,"column":4},"end":{"line":44,"column":10}},"13":{"start":{"line":42,"column":20},"end":{"line":42,"column":74}},"14":{"start":{"line":43,"column":8},"end":{"line":43,"column":34}},"15":{"start":{"line":47,"column":0},"end":{"line":50,"column":6}},"16":{"start":{"line":48,"column":14},"end":{"line":48,"column":112}},"17":{"start":{"line":49,"column":4},"end":{"line":49,"column":30}},"18":{"start":{"line":53,"column":4},"end":{"line":56,"column":8}},"19":{"start":{"line":54,"column":16},"end":{"line":54,"column":119}},"20":{"start":{"line":55,"column":6},"end":{"line":55,"column":32}}},"fnMap":{"0":{"name":"(anonymous_0)","decl":{"start":{"line":18,"column":46},"end":{"line":18,"column":47}},"loc":{"start":{"line":18,"column":83},"end":{"line":26,"column":3}},"line":18},"1":{"name":"(anonymous_1)","decl":{"start":{"line":29,"column":51},"end":{"line":29,"column":52}},"loc":{"start":{"line":29,"column":88},"end":{"line":32,"column":3}},"line":29},"2":{"name":"(anonymous_2)","decl":{"start":{"line":35,"column":54},"end":{"line":35,"column":55}},"loc":{"start":{"line":35,"column":91},"end":{"line":38,"column":3}},"line":35},"3":{"name":"(anonymous_3)","decl":{"start":{"line":41,"column":57},"end":{"line":41,"column":58}},"loc":{"start":{"line":41,"column":94},"end":{"line":44,"column":7}},"line":41},"4":{"name":"(anonymous_4)","decl":{"start":{"line":47,"column":56},"end":{"line":47,"column":57}},"loc":{"start":{"line":47,"column":93},"end":{"line":50,"column":3}},"line":47},"5":{"name":"(anonymous_5)","decl":{"start":{"line":53,"column":63},"end":{"line":53,"column":64}},"loc":{"start":{"line":53,"column":100},"end":{"line":56,"column":5}},"line":53}},"branchMap":{},"s":{"0":0,"1":0,"2":0,"3":0,"4":0,"5":0,"6":0,"7":0,"8":0,"9":0,"10":0,"11":0,"12":0,"13":0,"14":0,"15":0,"16":0,"17":0,"18":0,"19":0,"20":0},"f":{"0":0,"1":0,"2":0,"3":0,"4":0,"5":0},"b":{},"all":true},"/Users/meirshtarkman/Desktop/Academy/FinaleProject/finalproject-myfork2/src/family/family.services.ts":{"path":"/Users/meirshtarkman/Desktop/Academy/FinaleProject/finalproject-myfork2/src/family/family.services.ts","statementMap":{"0":{"start":{"line":31,"column":4},"end":{"line":66,"column":1}},"1":{"start":{"line":32,"column":4},"end":{"line":32,"column":67}},"2":{"start":{"line":33,"column":24},"end":{"line":33,"column":52}},"3":{"start":{"line":34,"column":35},"end":{"line":34,"column":99}},"4":{"start":{"line":59,"column":8},"end":{"line":59,"column":56}},"5":{"start":{"line":60,"column":18},"end":{"line":60,"column":61}},"6":{"start":{"line":61,"column":8},"end":{"line":61,"column":55}},"7":{"start":{"line":62,"column":8},"end":{"line":62,"column":19}},"8":{"start":{"line":64,"column":4},"end":{"line":64,"column":60}},"9":{"start":{"line":65,"column":3},"end":{"line":65,"column":15}},"10":{"start":{"line":70,"column":4},"end":{"line":78,"column":1}},"11":{"start":{"line":71,"column":10},"end":{"line":71,"column":64}},"12":{"start":{"line":72,"column":14},"end":{"line":72,"column":73}},"13":{"start":{"line":73,"column":4},"end":{"line":73,"column":52}},"14":{"start":{"line":74,"column":4},"end":{"line":74,"column":15}},"15":{"start":{"line":76,"column":4},"end":{"line":76,"column":62}},"16":{"start":{"line":77,"column":3},"end":{"line":77,"column":15}},"17":{"start":{"line":84,"column":4},"end":{"line":92,"column":5}},"18":{"start":{"line":85,"column":12},"end":{"line":85,"column":65}},"19":{"start":{"line":86,"column":22},"end":{"line":86,"column":80}},"20":{"start":{"line":87,"column":12},"end":{"line":87,"column":59}},"21":{"start":{"line":88,"column":12},"end":{"line":88,"column":23}},"22":{"start":{"line":90,"column":12},"end":{"line":90,"column":69}},"23":{"start":{"line":91,"column":11},"end":{"line":91,"column":23}},"24":{"start":{"line":96,"column":4},"end":{"line":115,"column":9}},"25":{"start":{"line":97,"column":4},"end":{"line":97,"column":54}},"26":{"start":{"line":98,"column":19},"end":{"line":98,"column":59}},"27":{"start":{"line":99,"column":4},"end":{"line":103,"column":5}},"28":{"start":{"line":100,"column":8},"end":{"line":102,"column":10}},"29":{"start":{"line":104,"column":4},"end":{"line":108,"column":5}},"30":{"start":{"line":105,"column":8},"end":{"line":107,"column":10}},"31":{"start":{"line":109,"column":14},"end":{"line":109,"column":78}},"32":{"start":{"line":110,"column":4},"end":{"line":110,"column":45}},"33":{"start":{"line":111,"column":4},"end":{"line":111,"column":15}},"34":{"start":{"line":113,"column":12},"end":{"line":113,"column":63}},"35":{"start":{"line":114,"column":11},"end":{"line":114,"column":23}},"36":{"start":{"line":123,"column":4},"end":{"line":156,"column":1}},"37":{"start":{"line":124,"column":8},"end":{"line":124,"column":80}},"38":{"start":{"line":125,"column":23},"end":{"line":125,"column":64}},"39":{"start":{"line":126,"column":30},"end":{"line":126,"column":79}},"40":{"start":{"line":126,"column":70},"end":{"line":126,"column":78}},"41":{"start":{"line":128,"column":12},"end":{"line":128,"column":76}},"42":{"start":{"line":129,"column":8},"end":{"line":129,"column":63}},"43":{"start":{"line":130,"column":53},"end":{"line":136,"column":10}},"44":{"start":{"line":131,"column":26},"end":{"line":134,"column":13}},"45":{"start":{"line":131,"column":47},"end":{"line":131,"column":76}},"46":{"start":{"line":135,"column":12},"end":{"line":135,"column":58}},"47":{"start":{"line":137,"column":48},"end":{"line":140,"column":9}},"48":{"start":{"line":139,"column":43},"end":{"line":139,"column":58}},"49":{"start":{"line":141,"column":8},"end":{"line":141,"column":47}},"50":{"start":{"line":142,"column":8},"end":{"line":142,"column":67}},"51":{"start":{"line":143,"column":8},"end":{"line":146,"column":10}},"52":{"start":{"line":148,"column":12},"end":{"line":150,"column":59}},"53":{"start":{"line":151,"column":16},"end":{"line":151,"column":68}},"54":{"start":{"line":152,"column":8},"end":{"line":152,"column":19}},"55":{"start":{"line":154,"column":12},"end":{"line":154,"column":74}},"56":{"start":{"line":155,"column":11},"end":{"line":155,"column":23}},"57":{"start":{"line":164,"column":4},"end":{"line":198,"column":9}},"58":{"start":{"line":165,"column":8},"end":{"line":165,"column":86}},"59":{"start":{"line":166,"column":23},"end":{"line":166,"column":63}},"60":{"start":{"line":167,"column":40},"end":{"line":167,"column":119}},"61":{"start":{"line":168,"column":8},"end":{"line":168,"column":59}},"62":{"start":{"line":169,"column":28},"end":{"line":169,"column":29}},"63":{"start":{"line":170,"column":8},"end":{"line":172,"column":9}},"64":{"start":{"line":171,"column":12},"end":{"line":171,"column":56}},"65":{"start":{"line":173,"column":8},"end":{"line":175,"column":9}},"66":{"start":{"line":174,"column":12},"end":{"line":174,"column":73}},"67":{"start":{"line":176,"column":53},"end":{"line":179,"column":10}},"68":{"start":{"line":177,"column":26},"end":{"line":177,"column":96}},"69":{"start":{"line":177,"column":47},"end":{"line":177,"column":76}},"70":{"start":{"line":178,"column":12},"end":{"line":178,"column":58}},"71":{"start":{"line":180,"column":48},"end":{"line":183,"column":9}},"72":{"start":{"line":184,"column":8},"end":{"line":184,"column":47}},"73":{"start":{"line":185,"column":8},"end":{"line":185,"column":67}},"74":{"start":{"line":186,"column":8},"end":{"line":189,"column":10}},"75":{"start":{"line":190,"column":17},"end":{"line":191,"column":90}},"76":{"start":{"line":192,"column":8},"end":{"line":192,"column":66}},"77":{"start":{"line":193,"column":8},"end":{"line":193,"column":19}},"78":{"start":{"line":196,"column":8},"end":{"line":196,"column":75}},"79":{"start":{"line":197,"column":9},"end":{"line":197,"column":21}}},"fnMap":{"0":{"name":"createFamilyAccount","decl":{"start":{"line":26,"column":22},"end":{"line":26,"column":41}},"loc":{"start":{"line":30,"column":16},"end":{"line":67,"column":1}},"line":30},"1":{"name":"getFamilyAccountByIdShort","decl":{"start":{"line":69,"column":22},"end":{"line":69,"column":47}},"loc":{"start":{"line":69,"column":84},"end":{"line":79,"column":1}},"line":69},"2":{"name":"getFamilyAccountByIdFull","decl":{"start":{"line":81,"column":22},"end":{"line":81,"column":46}},"loc":{"start":{"line":83,"column":20},"end":{"line":93,"column":1}},"line":83},"3":{"name":"closeFamilyAccount","decl":{"start":{"line":95,"column":22},"end":{"line":95,"column":40}},"loc":{"start":{"line":95,"column":73},"end":{"line":116,"column":1}},"line":95},"4":{"name":"addIndividualsToFamilyAccount","decl":{"start":{"line":118,"column":22},"end":{"line":118,"column":51}},"loc":{"start":{"line":122,"column":16},"end":{"line":157,"column":1}},"line":122},"5":{"name":"(anonymous_5)","decl":{"start":{"line":126,"column":41},"end":{"line":126,"column":42}},"loc":{"start":{"line":126,"column":70},"end":{"line":126,"column":78}},"line":126},"6":{"name":"(anonymous_6)","decl":{"start":{"line":130,"column":66},"end":{"line":130,"column":67}},"loc":{"start":{"line":130,"column":79},"end":{"line":136,"column":9}},"line":130},"7":{"name":"(anonymous_7)","decl":{"start":{"line":131,"column":38},"end":{"line":131,"column":39}},"loc":{"start":{"line":131,"column":47},"end":{"line":131,"column":76}},"line":131},"8":{"name":"(anonymous_8)","decl":{"start":{"line":139,"column":26},"end":{"line":139,"column":27}},"loc":{"start":{"line":139,"column":43},"end":{"line":139,"column":58}},"line":139},"9":{"name":"removeIndividualsFromFamilyAccount","decl":{"start":{"line":159,"column":22},"end":{"line":159,"column":56}},"loc":{"start":{"line":163,"column":16},"end":{"line":199,"column":1}},"line":163},"10":{"name":"(anonymous_10)","decl":{"start":{"line":176,"column":66},"end":{"line":176,"column":67}},"loc":{"start":{"li
[...]
35}},"19":{"start":{"line":37,"column":15},"end":{"line":37,"column":57}}},"fnMap":{"0":{"name":"(anonymous_0)","decl":{"start":{"line":6,"column":4},"end":{"line":6,"column":5}},"loc":{"start":{"line":6,"column":30},"end":{"line":9,"column":5}},"line":6},"1":{"name":"(anonymous_1)","decl":{"start":{"line":10,"column":4},"end":{"line":10,"column":5}},"loc":{"start":{"line":10,"column":60},"end":{"line":18,"column":5}},"line":10},"2":{"name":"(anonymous_2)","decl":{"start":{"line":19,"column":4},"end":{"line":19,"column":5}},"loc":{"start":{"line":19,"column":53},"end":{"line":24,"column":5}},"line":19},"3":{"name":"(anonymous_3)","decl":{"start":{"line":26,"column":4},"end":{"line":26,"column":5}},"loc":{"start":{"line":26,"column":54},"end":{"line":35,"column":5}},"line":26}},"branchMap":{"0":{"loc":{"start":{"line":28,"column":29},"end":{"line":28,"column":94}},"type":"cond-expr","locations":[{"start":{"line":28,"column":62},"end":{"line":28,"column":79}},{"start":{"line":28,"column":81},"end":{"line":28,"column":94}}],"line":28},"1":{"loc":{"start":{"line":28,"column":62},"end":{"line":28,"column":79}},"type":"binary-expr","locations":[{"start":{"line":28,"column":62},"end":{"line":28,"column":73}},{"start":{"line":28,"column":77},"end":{"line":28,"column":79}}],"line":28}},"s":{"0":0,"1":0,"2":0,"3":0,"4":0,"5":0,"6":0,"7":0,"8":0,"9":0,"10":0,"11":0,"12":0,"13":0,"14":0,"15":0,"16":0,"17":0,"18":0,"19":0},"f":{"0":0,"1":0,"2":0,"3":0},"b":{"0":[0,0],"1":[0,0]},"all":true},"/Users/meirshtarkman/Desktop/Academy/FinaleProject/finalproject-myfork2/src/utils/utils.ts":{"path":"/Users/meirshtarkman/Desktop/Academy/FinaleProject/finalproject-myfork2/src/utils/utils.ts","statementMap":{"0":{"start":{"line":16,"column":4},"end":{"line":16,"column":21}},"1":{"start":{"line":21,"column":2},"end":{"line":21,"column":49}},"2":{"start":{"line":22,"column":12},"end":{"line":22,"column":61}},"3":{"start":{"line":22,"column":52},"end":{"line":22,"column":60}},"4":{"start":{"line":24,"column":2},"end":{"line":24,"column":47}},"5":{"start":{"line":25,"column":2},"end":{"line":25,"column":12}},"6":{"start":{"line":29,"column":17},"end":{"line":29,"column":27}},"7":{"start":{"line":30,"column":4},"end":{"line":30,"column":59}},"8":{"start":{"line":34,"column":4},"end":{"line":34,"column":44}},"9":{"start":{"line":35,"column":5},"end":{"line":53,"column":6}},"10":{"start":{"line":36,"column":24},"end":{"line":36,"column":63}},"11":{"start":{"line":37,"column":19},"end":{"line":37,"column":109}},"12":{"start":{"line":39,"column":19},"end":{"line":39,"column":35}},"13":{"start":{"line":40,"column":20},"end":{"line":40,"column":36}},"14":{"start":{"line":41,"column":7},"end":{"line":48,"column":7}},"15":{"start":{"line":42,"column":22},"end":{"line":42,"column":51}},"16":{"start":{"line":43,"column":9},"end":{"line":43,"column":40}},"17":{"start":{"line":44,"column":8},"end":{"line":44,"column":19}},"18":{"start":{"line":47,"column":8},"end":{"line":47,"column":75}},"19":{"start":{"line":51,"column":6},"end":{"line":51,"column":44}},"20":{"start":{"line":52,"column":7},"end":{"line":52,"column":19}},"21":{"start":{"line":57,"column":2},"end":{"line":67,"column":3}},"22":{"start":{"line":58,"column":4},"end":{"line":58,"column":55}},"23":{"start":{"line":59,"column":20},"end":{"line":59,"column":31}},"24":{"start":{"line":60,"column":17},"end":{"line":60,"column":74}},"25":{"start":{"line":61,"column":4},"end":{"line":61,"column":44}},"26":{"start":{"line":62,"column":4},"end":{"line":62,"column":15}},"27":{"start":{"line":65,"column":4},"end":{"line":65,"column":49}},"28":{"start":{"line":66,"column":4},"end":{"line":66,"column":13}},"29":{"start":{"line":72,"column":2},"end":{"line":84,"column":3}},"30":{"start":{"line":74,"column":4},"end":{"line":74,"column":58}},"31":{"start":{"line":75,"column":16},"end":{"line":75,"column":26}},"32":{"start":{"line":76,"column":19},"end":{"line":76,"column":32}},"33":{"start":{"line":77,"column":19},"end":{"line":77,"column":39}},"34":{"start":{"line":78,"column":4},"end":{"line":78,"column":43}},"35":{"start":{"line":80,"column":4},"end":{"line":80,"column":19}},"36":{"start":{"line":82,"column":4},"end":{"line":82,"column":44}},"37":{"start":{"line":83,"column":4},"end":{"line":83,"column":13}}},"fnMap":{"0":{"name":"generateID","decl":{"start":{"line":14,"column":16},"end":{"line":14,"column":26}},"loc":{"start":{"line":14,"column":35},"end":{"line":17,"column":1}},"line":14},"1":{"name":"convertTupelsToArray","decl":{"start":{"line":19,"column":16},"end":{"line":19,"column":36}},"loc":{"start":{"line":19,"column":71},"end":{"line":26,"column":1}},"line":19},"2":{"name":"(anonymous_2)","decl":{"start":{"line":22,"column":23},"end":{"line":22,"column":24}},"loc":{"start":{"line":22,"column":52},"end":{"line":22,"column":60}},"line":22},"3":{"name":"getTimeString","decl":{"start":{"line":28,"column":16},"end":{"line":28,"column":29}},"loc":{"start":{"line":28,"column":39},"end":{"line":31,"column":1}},"line":28},"4":{"name":"getRate","decl":{"start":{"line":33,"column":22},"end":{"line":33,"column":29}},"loc":{"start":{"line":33,"column":75},"end":{"line":54,"column":4}},"line":33},"5":{"name":"createsignature","decl":{"start":{"line":56,"column":17},"end":{"line":56,"column":32}},"loc":{"start":{"line":56,"column":80},"end":{"line":68,"column":1}},"line":56},"6":{"name":"hasTimeout","decl":{"start":{"line":71,"column":16},"end":{"line":71,"column":26}},"loc":{"start":{"line":71,"column":73},"end":{"line":85,"column":1}},"line":71}},"branchMap":{"0":{"loc":{"start":{"line":41,"column":7},"end":{"line":48,"column":7}},"type":"if","locations":[{"start":{"line":41,"column":7},"end":{"line":48,"column":7}},{"start":{"line":41,"column":7},"end":{"line":48,"column":7}}],"line":41}},"s":{"0":0,"1":0,"2":0,"3":0,"4":0,"5":0,"6":0,"7":0,"8":0,"9":0,"10":0,"11":0,"12":0,"13":0,"14":0,"15":0,"16":0,"17":0,"18":0,"19":0,"20":0,"21":0,"22":0,"23":0,"24":0,"25":0,"26":0,"27":0,"28":0,"29":0,"30":0,"31":0,"32":0,"33":0,"34":0,"35":0,"36":0,"37":0},"f":{"0":0,"1":0,"2":0,"3":0,"4":0,"5":0,"6":0},"b":{"0":[0,0]},"all":true},"/Users/meirshtarkman/Desktop/Academy/FinaleProject/finalproject-myfork2/src/utils/validationFunc.ts":{"path":"/Users/meirshtarkman/Desktop/Academy/FinaleProject/finalproject-myfork2/src/utils/validationFunc.ts","statementMap":{"0":{"start":{"line":7,"column":4},"end":{"line":9,"column":5}},"1":{"start":{"line":8,"column":6},"end":{"line":8,"column":74}},"2":{"start":{"line":13,"column":3},"end":{"line":15,"column":4}},"3":{"start":{"line":14,"column":6},"end":{"line":14,"column":44}},"4":{"start":{"line":19,"column":3},"end":{"line":21,"column":4}},"5":{"start":{"line":20,"column":6},"end":{"line":20,"column":56}},"6":{"start":{"line":26,"column":22},"end":{"line":26,"column":67}},"7":{"start":{"line":26,"column":50},"end":{"line":26,"column":64}},"8":{"start":{"line":27,"column":3},"end":{"line":29,"column":4}},"9":{"start":{"line":28,"column":8},"end":{"line":28,"column":80}},"10":{"start":{"line":30,"column":3},"end":{"line":30,"column":14}},"11":{"start":{"line":35,"column":26},"end":{"line":35,"column":53}},"12":{"start":{"line":36,"column":3},"end":{"line":36,"column":94}},"13":{"start":{"line":37,"column":3},"end":{"line":37,"column":77}},"14":{"start":{"line":38,"column":3},"end":{"line":38,"column":56}},"15":{"start":{"line":39,"column":3},"end":{"line":39,"column":25}},"16":{"start":{"line":42,"column":16},"end":{"line":42,"column":26}},"17":{"start":{"line":44,"column":3},"end":{"line":46,"column":4}},"18":{"start":{"line":45,"column":6},"end":{"line":45,"column":64}},"19":{"start":{"line":47,"column":3},"end":{"line":47,"column":9}}},"fnMap":{"0":{"name":"validIndividualId","decl":{"start":{"line":6,"column":16},"end":{"line":6,"column":33}},"loc":{"start":{"line":6,"column":66},"end":{"line":10,"column":1}},"line":6},"1":{"name":"checkBalance","decl":{"start":{"line":12,"column":16},"end":{"line":12,"column":28}},"loc":{"start":{"line":12,"column":71},"end":{"line":16,"column":1}},"line":12},"2":{"name":"amountPositive","decl":{"start":{"line":18,"column":16},"end":{"line":18,"column":30}},"loc":{"start":{"line":18,"column":50},"end":{"line":22,"column":1}},"line":18},"3":{"name":"sumFamilyAmounts","decl":{"start":{"line":25,"column":16},"end":{"line":25,"column":32}},"loc":{"start":{"line":25,"column":83},"end":{"line":31,"column":1}},"line":25},"4":{"name":"(anonymous_4)","decl":{"start":{"line":26,"column":36},"end":{"line":26,"column":37}},"loc":{"start":{"line":26,"column":50},"end":{"line":26,"column":64}},"line":26},"5":{"name":"initRequiredParams","decl":{"start":{"line":34,"column":16},"end":{"line":34,"column":34}},"loc":{"start":{"line":34,"column":61},"end":{"line":40,"column":2}},"line":34},"6":{"name":"validateAccountId","decl":{"start":{"line":41,"column":23},"end":{"line":41,"column":40}},"loc":{"start":{"line":41,"column":99},"end":{"line":48,"column":1}},"line":41}},"branchMap":{"0":{"loc":{"start":{"line":7,"column":4},"end":{"line":9,"column":5}},"type":"if","locations":[{"start":{"line":7,"column":4},"end":{"line":9,"column":5}},{"start":{"line":7,"column":4},"end":{"line":9,"column":5}}],"line":7},"1":{"loc":{"start":{"line":13,"column":3},"end":{"line":15,"column":4}},"type":"if","locations":[{"start":{"line":13,"column":3},"end":{"line":15,"column":4}},{"start":{"line":13,"column":3},"end":{"line":15,"column":4}}],"line":13},"2":{"loc":{"start":{"line":19,"column":3},"end":{"line":21,"column":4}},"type":"if","locations":[{"start":{"line":19,"column":3},"end":{"line":21,"column":4}},{"start":{"line":19,"column":3},"end":{"line":21,"column":4}}],"line":19},"3":{"loc":{"start":{"line":19,"column":6},"end":{"line":19,"column":44}},"type":"binary-expr","locations":[{"start":{"line":19,"column":6},"end":{"line":19,"column":32}},{"start":{"line":19,"column":35},"end":{"line":19,"column":44}}],"line":19},"4":{"loc":{"start":{"line":27,"column":3},"end":{"line":29,"column":4}},"type":"if","locations":[{"start":{"line":27,"column":3},"end":{"line":29,"column":4}},{"start":{"line":27,"column":3},"end":{"line":29,"column":4}}],"line":27},"5":{"loc":{"start":{"line":44,"column":3},"end":{"line":46,"column":4}},"type":"if","locations":[{"start":{"line":44,"column":3},"end":{"line":46,"column":4}},{"start":{"line":44,"column":3},"end":{"line":46,"column":4}}],"line":44},"6":{"loc":{"start":{"line":44,"column":6},"end":{"line":44,"column":47}},"type":"binary-expr","locations":[{"start":{"line":44,"column":7},"end":{"line":44,"column":25}},{"start":{"line":44,"column":29},"end":{"line":44,"column":46}}],"line":44}},"s":{"0":0,"1":0,"2":0,"3":0,"4":0,"5":0,"6":0,"7":0,"8":0,"9":0,"10":0,"11":0,"12":0,"13":0,"14":0,"15":0,"16":0,"17":0,"18":0,"19":0},"f":{"0":0,"1":0,"2":0,"3":0,"4":0,"5":0,"6":0},"b":{"0":[0,0],"1":[0,0],"2":[0,0],"3":[0,0],"4":[0,0],"5":[0,0],"6":[0,0]},"all":true},"/Users/meirshtarkman/Desktop/Academy/FinaleProject/finalproject-myfork2/src/utils/validationService.ts":{"path":"/Users/meirshtarkman/Desktop/Academy/FinaleProject/finalproject-myfork2/src/utils/validationService.ts","statementMap":{"0":{"start":{"line":9,"column":4},"end":{"line":11,"column":5}},"1":{"start":{"line":10,"column":9},"end":{"line":10,"column":79}},"2":{"start":{"line":12,"column":4},"end":{"line":12,"column":16}},"3":{"start":{"line":15,"column":30},"end":{"line":15,"column":70}},"4":{"start":{"line":15,"column":50},"end":{"line":15,"column":69}},"5":{"start":{"line":16,"column":4},"end":{"line":18,"column":4}},"6":{"start":{"line":17,"column":6},"end":{"line":17,"column":76}},"7":{"start":{"line":19,"column":4},"end":{"line":19,"column":16}},"8":{"start":{"line":22,"column":35},"end":{"line":22,"column":77}},"9":{"start":{"line":22,"column":55},"end":{"line":22,"column":76}},"10":{"start":{"line":23,"column":3},"end":{"line":25,"column":3}},"11":{"start":{"line":24,"column":5},"end":{"line":24,"column":74}},"12":{"start":{"line":26,"column":3},"end":{"line":26,"column":15}},"13":{"start":{"line":30,"column":33},"end":{"line":30,"column":98}},"14":{"start":{"line":30,"column":54},"end":{"line":30,"column":96}},"15":{"start":{"line":31,"column":3},"end":{"line":33,"column":3}},"16":{"start":{"line":32,"column":5},"end":{"line":32,"column":103}},"17":{"start":{"line":34,"column":3},"end":{"line":34,"column":15}},"18":{"start":{"line":37,"column":5},"end":{"line":37,"column":24}},"19":{"start":{"line":37,"column":12},"end":{"line":37,"column":24}},"20":{"start":{"line":38,"column":33},"end":{"line":38,"column":79}},"21":{"start":{"line":38,"column":53},"end":{"line":38,"column":78}},"22":{"start":{"line":39,"column":5},"end":{"line":41,"column":4}},"23":{"start":{"line":40,"column":6},"end":{"line":40,"column":89}},"24":{"start":{"line":42,"column":5},"end":{"line":42,"column":17}},"25":{"start":{"line":45,"column":17},"end":{"line":45,"column":74}},"26":{"start":{"line":45,"column":38},"end":{"line":45,"column":73}},"27":{"start":{"line":46,"column":6},"end":{"line":48,"column":4}},"28":{"start":{"line":47,"column":7},"end":{"line":47,"column":56}},"29":{"start":{"line":49,"column":3},"end":{"line":49,"column":15}},"30":{"start":{"line":53,"column":34},"end":{"line":53,"column":86}},"31":{"start":{"line":53,"column":55},"end":{"line":53,"column":84}},"32":{"start":{"line":54,"column":5},"end":{"line":56,"column":4}},"33":{"start":{"line":55,"column":6},"end":{"line":55,"column":87}},"34":{"start":{"line":57,"column":5},"end":{"line":57,"column":17}},"35":{"start":{"line":60,"column":24},"end":{"line":67,"column":4}},"36":{"start":{"line":68,"column":23},"end":{"line":70,"column":21}},"37":{"start":{"line":72,"column":3},"end":{"line":74,"column":4}},"38":{"start":{"line":73,"column":6},"end":{"line":73,"column":90}},"39":{"start":{"line":75,"column":3},"end":{"line":75,"column":15}}},"fnMap":{"0":{"name":"accountsExist","decl":{"start":{"line":8,"column":16},"end":{"line":8,"column":29}},"loc":{"start":{"line":8,"column":83},"end":{"line":13,"column":2}},"line":8},"1":{"name":"accountsActive","decl":{"start":{"line":14,"column":16},"end":{"line":14,"column":30}},"loc":{"start":{"line":14,"column":59},"end":{"line":20,"column":2}},"line":14},"2":{"name":"(anonymous_2)","decl":{"start":{"line":15,"column":45},"end":{"line":15,"column":46}},"loc":{"start":{"line":15,"column":50},"end":{"line":15,"column":69}},"line":15},"3":{"name":"checkProperState","decl":{"start":{"line":21,"column":17},"end":{"line":21,"column":33}},"loc":{"start":{"line":21,"column":77},"end":{"line":27,"column":1}},"line":21},"4":{"name":"(anonymous_4)","decl":{"start":{"line":22,"column":50},"end":{"line":22,"column":51}},"loc":{"start":{"line":22,"column":55},"end":{"line":22,"column":76}},"line":22},"5":{"name":"accountsTypes","decl":{"start":{"line":29,"column":17},"end":{"line":29,"column":30}},"loc":{"start":{"line":29,"column":73},"end":{"line":35,"column":1}},"line":29},"6":{"name":"(anonymous_6)","decl":{"start":{"line":30,"column":48},"end":{"line":30,"column":49}},"loc":{"start":{"line":30,"column":54},"end":{"line":30,"column":96}},"line":30},"7":{"name":"accountsCurrency","decl":{"start":{"line":36,"column":18},"end":{"line":36,"column":34}},"loc":{"start":{"line":36,"column":88},"end":{"line":43,"column":3}},"line":36},"8":{"name":"(anonymous_8)","decl":{"start":{"line":38,"column":48},"end":{"line":38,"column":49}},"loc":{"start":{"line":38,"column":53},"end":{"line":38,"column":78}},"line":38},"9":{"name":"accountsBelongToFamily","decl":{"start":{"line":44,"column":18},"end":{"line":44,"column":40}},"loc":{"start":{"line":44,"column":88},"end":{"line":50,"column":4}},"line":44},"10":{"name":"(anonymous_10)","decl":{"start":{"line":45,"column":30},"end":{"line":45,"column":31}},"loc":{"start":{"line":45,"column":38},"end":{"line":45,"column":73}},"line":45},"11":{"name":"allowTransfers","decl":{"start":{"line":52,"column":16},"end":{"line":52,"column":30}},"loc":{"start":{"line":52,"column":93},"end":{"line":58,"column":1}},"line":52},"12":{"name":"(anonymous_12)","decl":{"start":{"line":53,"column":49},"end":{"line":53,"column":50}},"loc":{"start":{"line":53,"column":55},"end":{"line":53,"column":84}},"line":53},"13":{"name":"checkLimitTransfer","decl":{"start":{"line":59,"column":16},"end":{"line":59,"column":34}},"loc":{"start":{"line":59,"column":112},"end":{"line":76,"column":1}},"line":59}},"branchMap":{"0":{"loc":{"start":{"line":9,"column":4},"end":{"line":11,"column":5}},"type":"if","locations":[{"start":{"line":9,"column":4},"end":{"line":11,"column":5}},{"start":{"line":9,"column":4},"end":{"line":11,"column":5}}],"line":9},"1":{"loc":{"start":{"line":16,"column":4},"end":{"line":18,"column":4}},"type":"if","locations":[{"start":{"line":16,"column":4},"end":{"line":18,"column":4}},{"start":{"line":16,"column":4},"end":{"line":18,"column":4}}],"line":16},"2":{"loc":{"start":{"line":23,"column":3},"end":{"line":25,"column":3}},"type":"if","locations":[{"start":{"line":23,"column":3},"end":{"line":25,"column":3}},{"start":{"line":23,"column":3},"end":{"line":25,"column":3}}],"line":23},"3":{"loc":{"start":{"line":30,"column":54},"end":{"line":30,"column":96}},"type":"binary-expr","locations":[{"start":{"line":30,"column":54},"end":{"line":30,"column":74}},{"start":{"line":30,"column":76},"end":{"line":30,"column":96}}],"line":30},"4":{"loc":{"start":{"line":31,"column":3},"end":{"line":33,"column":3}},"type":"if","locations":[{"start":{"line":31,"column":3},"end":{"line":33,"column":3}},{"start":{"line":31,"column":3},"end":{"line":33,"column":3}}],"line":31},"5":{"loc":{"start":{"line":36,"column":71},"end":{"line":36,"column":79}},"type":"default-arg","locations":[{"start":{"line":36,"column":74},"end":{"line":36,"column":79}}],"line":36},"6":{"loc":{"start":{"line":37,"column":5},"end":{"line":37,"column":24}},"type":"if","locations":[{"start":{"line":37,"column":5},"end":{"line":37,"column":24}},{"start":{"line":37,"column":5},"end":{"line":37,"column":24}}],"line":37},"7":{"loc":{"start":{"line":39,"column":5},"end":{"line":41,"column":4}},"type":"if","locations":[{"start":{"line":39,"column":5},"end":{"line":41,"column":4}},{"start":{"line":39,"column":5},"end":{"line":41,"column":4}}],"line":39},"8":{"loc":{"start":{"line":46,"column":6},"end":{"line":48,"column":4}},"type":"if","locations":[{"start":{"line":46,"column":6},"end":{"line":48,"column":4}},{"start":{"line":46,"column":6},"end":{"line":48,"column":4}}],"line":46},"9":{"loc":{"start":{"line":54,"column":5},"end":{"line":56,"column":4}},"type":"if","locations":[{"start":{"line":54,"column":5},"end":{"line":56,"column":4}},{"start":{"line":54,"column":5},"end":{"line":56,"column":4}}],"line":54},"10":{"loc":{"start":{"line":68,"column":23},"end":{"line":70,"column":21}},"type":"cond-expr","locations":[{"start":{"line":69,"column":4},"end":{"line":69,"column":75}},{"start":{"line":70,"column":3},"end":{"line":70,"column":21}}],"line":68},"11":{"loc":{"start":{"line":69,"column":4},"end":{"line":69,"column":75}},"type":"cond-expr","locations":[{"start":{"line":69,"column":30},"end":{"line":69,"column":51}},{"start":{"line":69,"column":54},"end":{"line":69,"column":75}}],"line":69},"12":{"loc":{"start":{"line":72,"column":3},"end":{"line":74,"column":4}},"type":"if","locations":[{"start":{"line":72,"column":3},"end":{"line":74,"column":4}},{"start":{"line":72,"column":3},"end":{"line":74,"column":4}}],"line":72}},"s":{"0":0,"1":0,"2":0,"3":0,"4":0,"5":0,"6":0,"7":0,"8":0,"9":0,"10":0,"11":0,"12":0,"13":0,"14":0,"15":0,"16":0,"17":0,"18":0,"19":0,"20":0,"21":0,"22":0,"23":0,"24":0,"25":0,"26":0,"27":0,"28":0,"29":0,"30":0,"31":0,"32":0,"33":0,"34":0,"35":0,"36":0,"37":0,"38":0,"39":0},"f":{"0":0,"1":0,"2":0,"3":0,"4":0,"5":0,"6":0,"7":0,"8":0,"9":0,"10":0,"11":0,"12":0,"13":0},"b":{"0":[0,0],"1":[0,0],"2":[0,0],"3":[0,0],"4":[0,0],"5":[0],"6":[0,0],"7":[0,0],"8":[0,0],"9":[0,0],"10":[0,0],"11":[0,0],"12":[0,0]},"all":true}}